{"date":"Wed May 04 2022 09:35:11 GMT+0100 (West Africa Standard Time)","error":{},"exception":true,"level":"error","message":"uncaughtException: ⨯ Unable to compile TypeScript:\n\u001b[96mdatabase/repository/RoleRepo.ts\u001b[0m:\u001b[93m10\u001b[0m:\u001b[93m14\u001b[0m - \u001b[91merror\u001b[0m\u001b[90m TS2349: \u001b[0mThis expression is not callable.\r\n  Type '{ code: string; }' has no call signatures.\r\n\r\n\u001b[7m10\u001b[0m       where: { code: code } <RoleAttributes>().exec(),\r\n\u001b[7m  \u001b[0m \u001b[91m             ~~~~~~~~~~~~~~\u001b[0m\r\n\nError: ⨯ Unable to compile TypeScript:\n\u001b[96mdatabase/repository/RoleRepo.ts\u001b[0m:\u001b[93m10\u001b[0m:\u001b[93m14\u001b[0m - \u001b[91merror\u001b[0m\u001b[90m TS2349: \u001b[0mThis expression is not callable.\r\n  Type '{ code: string; }' has no call signatures.\r\n\r\n\u001b[7m10\u001b[0m       where: { code: code } <RoleAttributes>().exec(),\r\n\u001b[7m  \u001b[0m \u001b[91m             ~~~~~~~~~~~~~~\u001b[0m\r\n\n    at Object.<anonymous> (C:\\Users\\Administrator\\Desktop\\provisional\\apitakikids\\database\\repository\\RoleRepo.ts:1:7)\n    at Module._compile (node:internal/modules/cjs/loader:1101:14)\n    at Module._compile (C:\\Users\\Administrator\\Desktop\\provisional\\apitakikids\\node_modules\\source-map-support\\source-map-support.js:568:25)\n    at Module.m._compile (C:\\Users\\ADMINI~1\\AppData\\Local\\Temp\\ts-node-dev-hook-36394808862614747.js:69:33)\n    at Module._extensions..js (node:internal/modules/cjs/loader:1153:10)\n    at require.extensions..jsx.require.extensions..js (C:\\Users\\ADMINI~1\\AppData\\Local\\Temp\\ts-node-dev-hook-36394808862614747.js:114:20)\n    at require.extensions.<computed> (C:\\Users\\ADMINI~1\\AppData\\Local\\Temp\\ts-node-dev-hook-36394808862614747.js:71:20)\n    at Object.nodeDevHook [as .ts] (C:\\Users\\Administrator\\Desktop\\provisional\\apitakikids\\node_modules\\ts-node-dev\\lib\\hook.js:63:13)\n    at Module.load (node:internal/modules/cjs/loader:981:32)\n    at Function.Module._load (node:internal/modules/cjs/loader:822:12)","os":{"loadavg":[0,0,0],"uptime":1163},"process":{"argv":["C:\\Program Files\\nodejs\\node.exe","index.ts"],"cwd":"C:\\Users\\Administrator\\Desktop\\provisional\\apitakikids","execPath":"C:\\Program Files\\nodejs\\node.exe","gid":null,"memoryUsage":{"arrayBuffers":270647,"external":2098711,"heapTotal":55148544,"heapUsed":27433728,"rss":82083840},"pid":10476,"uid":null,"version":"v16.13.1"},"stack":"Error: ⨯ Unable to compile TypeScript:\n\u001b[96mdatabase/repository/RoleRepo.ts\u001b[0m:\u001b[93m10\u001b[0m:\u001b[93m14\u001b[0m - \u001b[91merror\u001b[0m\u001b[90m TS2349: \u001b[0mThis expression is not callable.\r\n  Type '{ code: string; }' has no call signatures.\r\n\r\n\u001b[7m10\u001b[0m       where: { code: code } <RoleAttributes>().exec(),\r\n\u001b[7m  \u001b[0m \u001b[91m             ~~~~~~~~~~~~~~\u001b[0m\r\n\n    at Object.<anonymous> (C:\\Users\\Administrator\\Desktop\\provisional\\apitakikids\\database\\repository\\RoleRepo.ts:1:7)\n    at Module._compile (node:internal/modules/cjs/loader:1101:14)\n    at Module._compile (C:\\Users\\Administrator\\Desktop\\provisional\\apitakikids\\node_modules\\source-map-support\\source-map-support.js:568:25)\n    at Module.m._compile (C:\\Users\\ADMINI~1\\AppData\\Local\\Temp\\ts-node-dev-hook-36394808862614747.js:69:33)\n    at Module._extensions..js (node:internal/modules/cjs/loader:1153:10)\n    at require.extensions..jsx.require.extensions..js (C:\\Users\\ADMINI~1\\AppData\\Local\\Temp\\ts-node-dev-hook-36394808862614747.js:114:20)\n    at require.extensions.<computed> (C:\\Users\\ADMINI~1\\AppData\\Local\\Temp\\ts-node-dev-hook-36394808862614747.js:71:20)\n    at Object.nodeDevHook [as .ts] (C:\\Users\\Administrator\\Desktop\\provisional\\apitakikids\\node_modules\\ts-node-dev\\lib\\hook.js:63:13)\n    at Module.load (node:internal/modules/cjs/loader:981:32)\n    at Function.Module._load (node:internal/modules/cjs/loader:822:12)","trace":[{"column":7,"file":"C:\\Users\\Administrator\\Desktop\\provisional\\apitakikids\\database\\repository\\RoleRepo.ts","function":null,"line":1,"method":null,"native":false},{"column":14,"file":"node:internal/modules/cjs/loader","function":"Module._compile","line":1101,"method":"_compile","native":false},{"column":25,"file":"C:\\Users\\Administrator\\Desktop\\provisional\\apitakikids\\node_modules\\source-map-support\\source-map-support.js","function":"Module._compile","line":568,"method":"_compile","native":false},{"column":33,"file":"C:\\Users\\ADMINI~1\\AppData\\Local\\Temp\\ts-node-dev-hook-36394808862614747.js","function":"Module.m._compile","line":69,"method":"_compile","native":false},{"column":10,"file":"node:internal/modules/cjs/loader","function":"Module._extensions..js","line":1153,"method":".js","native":false},{"column":20,"file":"C:\\Users\\ADMINI~1\\AppData\\Local\\Temp\\ts-node-dev-hook-36394808862614747.js","function":"require.extensions..jsx.require.extensions..js","line":114,"method":".js","native":false},{"column":20,"file":"C:\\Users\\ADMINI~1\\AppData\\Local\\Temp\\ts-node-dev-hook-36394808862614747.js","function":"require.extensions.<computed>","line":71,"method":"<computed>","native":false},{"column":13,"file":"C:\\Users\\Administrator\\Desktop\\provisional\\apitakikids\\node_modules\\ts-node-dev\\lib\\hook.js","function":"Object.nodeDevHook [as .ts]","line":63,"method":"ts]","native":false},{"column":32,"file":"node:internal/modules/cjs/loader","function":"Module.load","line":981,"method":"load","native":false},{"column":12,"file":"node:internal/modules/cjs/loader","function":"Module._load","line":822,"method":"_load","native":false}]}
{"date":"Wed May 04 2022 10:01:59 GMT+0100 (West Africa Standard Time)","error":{},"exception":true,"level":"error","message":"uncaughtException: ⨯ Unable to compile TypeScript:\n\u001b[96mdatabase/repository/RoleRepo.ts\u001b[0m:\u001b[93m10\u001b[0m:\u001b[93m14\u001b[0m - \u001b[91merror\u001b[0m\u001b[90m TS2349: \u001b[0mThis expression is not callable.\r\n  Type '{ code: string; }' has no call signatures.\r\n\r\n\u001b[7m10\u001b[0m       where: { code: code } <RoleAttributes>().exec(),\r\n\u001b[7m  \u001b[0m \u001b[91m             ~~~~~~~~~~~~~~\u001b[0m\r\n\nError: ⨯ Unable to compile TypeScript:\n\u001b[96mdatabase/repository/RoleRepo.ts\u001b[0m:\u001b[93m10\u001b[0m:\u001b[93m14\u001b[0m - \u001b[91merror\u001b[0m\u001b[90m TS2349: \u001b[0mThis expression is not callable.\r\n  Type '{ code: string; }' has no call signatures.\r\n\r\n\u001b[7m10\u001b[0m       where: { code: code } <RoleAttributes>().exec(),\r\n\u001b[7m  \u001b[0m \u001b[91m             ~~~~~~~~~~~~~~\u001b[0m\r\n\n    at Object.<anonymous> (C:\\Users\\Administrator\\Desktop\\provisional\\apitakikids\\database\\repository\\RoleRepo.ts:1:7)\n    at Module._compile (node:internal/modules/cjs/loader:1101:14)\n    at Module._compile (C:\\Users\\Administrator\\Desktop\\provisional\\apitakikids\\node_modules\\source-map-support\\source-map-support.js:568:25)\n    at Module.m._compile (C:\\Users\\ADMINI~1\\AppData\\Local\\Temp\\ts-node-dev-hook-5120937713855529.js:69:33)\n    at Module._extensions..js (node:internal/modules/cjs/loader:1153:10)\n    at require.extensions..jsx.require.extensions..js (C:\\Users\\ADMINI~1\\AppData\\Local\\Temp\\ts-node-dev-hook-5120937713855529.js:114:20)\n    at require.extensions.<computed> (C:\\Users\\ADMINI~1\\AppData\\Local\\Temp\\ts-node-dev-hook-5120937713855529.js:71:20)\n    at Object.nodeDevHook [as .ts] (C:\\Users\\Administrator\\Desktop\\provisional\\apitakikids\\node_modules\\ts-node-dev\\lib\\hook.js:63:13)\n    at Module.load (node:internal/modules/cjs/loader:981:32)\n    at Function.Module._load (node:internal/modules/cjs/loader:822:12)","os":{"loadavg":[0,0,0],"uptime":2771},"process":{"argv":["C:\\Program Files\\nodejs\\node.exe","index.ts"],"cwd":"C:\\Users\\Administrator\\Desktop\\provisional\\apitakikids","execPath":"C:\\Program Files\\nodejs\\node.exe","gid":null,"memoryUsage":{"arrayBuffers":246598,"external":2078217,"heapTotal":55148544,"heapUsed":25102120,"rss":84529152},"pid":8184,"uid":null,"version":"v16.13.1"},"stack":"Error: ⨯ Unable to compile TypeScript:\n\u001b[96mdatabase/repository/RoleRepo.ts\u001b[0m:\u001b[93m10\u001b[0m:\u001b[93m14\u001b[0m - \u001b[91merror\u001b[0m\u001b[90m TS2349: \u001b[0mThis expression is not callable.\r\n  Type '{ code: string; }' has no call signatures.\r\n\r\n\u001b[7m10\u001b[0m       where: { code: code } <RoleAttributes>().exec(),\r\n\u001b[7m  \u001b[0m \u001b[91m             ~~~~~~~~~~~~~~\u001b[0m\r\n\n    at Object.<anonymous> (C:\\Users\\Administrator\\Desktop\\provisional\\apitakikids\\database\\repository\\RoleRepo.ts:1:7)\n    at Module._compile (node:internal/modules/cjs/loader:1101:14)\n    at Module._compile (C:\\Users\\Administrator\\Desktop\\provisional\\apitakikids\\node_modules\\source-map-support\\source-map-support.js:568:25)\n    at Module.m._compile (C:\\Users\\ADMINI~1\\AppData\\Local\\Temp\\ts-node-dev-hook-5120937713855529.js:69:33)\n    at Module._extensions..js (node:internal/modules/cjs/loader:1153:10)\n    at require.extensions..jsx.require.extensions..js (C:\\Users\\ADMINI~1\\AppData\\Local\\Temp\\ts-node-dev-hook-5120937713855529.js:114:20)\n    at require.extensions.<computed> (C:\\Users\\ADMINI~1\\AppData\\Local\\Temp\\ts-node-dev-hook-5120937713855529.js:71:20)\n    at Object.nodeDevHook [as .ts] (C:\\Users\\Administrator\\Desktop\\provisional\\apitakikids\\node_modules\\ts-node-dev\\lib\\hook.js:63:13)\n    at Module.load (node:internal/modules/cjs/loader:981:32)\n    at Function.Module._load (node:internal/modules/cjs/loader:822:12)","trace":[{"column":7,"file":"C:\\Users\\Administrator\\Desktop\\provisional\\apitakikids\\database\\repository\\RoleRepo.ts","function":null,"line":1,"method":null,"native":false},{"column":14,"file":"node:internal/modules/cjs/loader","function":"Module._compile","line":1101,"method":"_compile","native":false},{"column":25,"file":"C:\\Users\\Administrator\\Desktop\\provisional\\apitakikids\\node_modules\\source-map-support\\source-map-support.js","function":"Module._compile","line":568,"method":"_compile","native":false},{"column":33,"file":"C:\\Users\\ADMINI~1\\AppData\\Local\\Temp\\ts-node-dev-hook-5120937713855529.js","function":"Module.m._compile","line":69,"method":"_compile","native":false},{"column":10,"file":"node:internal/modules/cjs/loader","function":"Module._extensions..js","line":1153,"method":".js","native":false},{"column":20,"file":"C:\\Users\\ADMINI~1\\AppData\\Local\\Temp\\ts-node-dev-hook-5120937713855529.js","function":"require.extensions..jsx.require.extensions..js","line":114,"method":".js","native":false},{"column":20,"file":"C:\\Users\\ADMINI~1\\AppData\\Local\\Temp\\ts-node-dev-hook-5120937713855529.js","function":"require.extensions.<computed>","line":71,"method":"<computed>","native":false},{"column":13,"file":"C:\\Users\\Administrator\\Desktop\\provisional\\apitakikids\\node_modules\\ts-node-dev\\lib\\hook.js","function":"Object.nodeDevHook [as .ts]","line":63,"method":"ts]","native":false},{"column":32,"file":"node:internal/modules/cjs/loader","function":"Module.load","line":981,"method":"load","native":false},{"column":12,"file":"node:internal/modules/cjs/loader","function":"Module._load","line":822,"method":"_load","native":false}]}
{"date":"Wed May 04 2022 10:02:10 GMT+0100 (West Africa Standard Time)","error":{},"exception":true,"level":"error","message":"uncaughtException: ⨯ Unable to compile TypeScript:\n\u001b[96mdatabase/repository/RoleRepo.ts\u001b[0m:\u001b[93m9\u001b[0m:\u001b[93m14\u001b[0m - \u001b[91merror\u001b[0m\u001b[90m TS2349: \u001b[0mThis expression is not callable.\r\n  Type '{ code: string; }' has no call signatures.\r\n\r\n\u001b[7m9\u001b[0m       where: { code: code } <RoleAttributes>().exec(),\r\n\u001b[7m \u001b[0m \u001b[91m             ~~~~~~~~~~~~~~\u001b[0m\r\n\nError: ⨯ Unable to compile TypeScript:\n\u001b[96mdatabase/repository/RoleRepo.ts\u001b[0m:\u001b[93m9\u001b[0m:\u001b[93m14\u001b[0m - \u001b[91merror\u001b[0m\u001b[90m TS2349: \u001b[0mThis expression is not callable.\r\n  Type '{ code: string; }' has no call signatures.\r\n\r\n\u001b[7m9\u001b[0m       where: { code: code } <RoleAttributes>().exec(),\r\n\u001b[7m \u001b[0m \u001b[91m             ~~~~~~~~~~~~~~\u001b[0m\r\n\n    at Object.<anonymous> (C:\\Users\\Administrator\\Desktop\\provisional\\apitakikids\\database\\repository\\RoleRepo.ts:1:7)\n    at Module._compile (node:internal/modules/cjs/loader:1101:14)\n    at Module._compile (C:\\Users\\Administrator\\Desktop\\provisional\\apitakikids\\node_modules\\source-map-support\\source-map-support.js:568:25)\n    at Module.m._compile (C:\\Users\\ADMINI~1\\AppData\\Local\\Temp\\ts-node-dev-hook-5120937713855529.js:69:33)\n    at Module._extensions..js (node:internal/modules/cjs/loader:1153:10)\n    at require.extensions..jsx.require.extensions..js (C:\\Users\\ADMINI~1\\AppData\\Local\\Temp\\ts-node-dev-hook-5120937713855529.js:114:20)\n    at require.extensions.<computed> (C:\\Users\\ADMINI~1\\AppData\\Local\\Temp\\ts-node-dev-hook-5120937713855529.js:71:20)\n    at Object.nodeDevHook [as .ts] (C:\\Users\\Administrator\\Desktop\\provisional\\apitakikids\\node_modules\\ts-node-dev\\lib\\hook.js:63:13)\n    at Module.load (node:internal/modules/cjs/loader:981:32)\n    at Function.Module._load (node:internal/modules/cjs/loader:822:12)","os":{"loadavg":[0,0,0],"uptime":2782},"process":{"argv":["C:\\Program Files\\nodejs\\node.exe","index.ts"],"cwd":"C:\\Users\\Administrator\\Desktop\\provisional\\apitakikids","execPath":"C:\\Program Files\\nodejs\\node.exe","gid":null,"memoryUsage":{"arrayBuffers":718409,"external":5218952,"heapTotal":37584896,"heapUsed":27407776,"rss":66777088},"pid":13336,"uid":null,"version":"v16.13.1"},"stack":"Error: ⨯ Unable to compile TypeScript:\n\u001b[96mdatabase/repository/RoleRepo.ts\u001b[0m:\u001b[93m9\u001b[0m:\u001b[93m14\u001b[0m - \u001b[91merror\u001b[0m\u001b[90m TS2349: \u001b[0mThis expression is not callable.\r\n  Type '{ code: string; }' has no call signatures.\r\n\r\n\u001b[7m9\u001b[0m       where: { code: code } <RoleAttributes>().exec(),\r\n\u001b[7m \u001b[0m \u001b[91m             ~~~~~~~~~~~~~~\u001b[0m\r\n\n    at Object.<anonymous> (C:\\Users\\Administrator\\Desktop\\provisional\\apitakikids\\database\\repository\\RoleRepo.ts:1:7)\n    at Module._compile (node:internal/modules/cjs/loader:1101:14)\n    at Module._compile (C:\\Users\\Administrator\\Desktop\\provisional\\apitakikids\\node_modules\\source-map-support\\source-map-support.js:568:25)\n    at Module.m._compile (C:\\Users\\ADMINI~1\\AppData\\Local\\Temp\\ts-node-dev-hook-5120937713855529.js:69:33)\n    at Module._extensions..js (node:internal/modules/cjs/loader:1153:10)\n    at require.extensions..jsx.require.extensions..js (C:\\Users\\ADMINI~1\\AppData\\Local\\Temp\\ts-node-dev-hook-5120937713855529.js:114:20)\n    at require.extensions.<computed> (C:\\Users\\ADMINI~1\\AppData\\Local\\Temp\\ts-node-dev-hook-5120937713855529.js:71:20)\n    at Object.nodeDevHook [as .ts] (C:\\Users\\Administrator\\Desktop\\provisional\\apitakikids\\node_modules\\ts-node-dev\\lib\\hook.js:63:13)\n    at Module.load (node:internal/modules/cjs/loader:981:32)\n    at Function.Module._load (node:internal/modules/cjs/loader:822:12)","trace":[{"column":7,"file":"C:\\Users\\Administrator\\Desktop\\provisional\\apitakikids\\database\\repository\\RoleRepo.ts","function":null,"line":1,"method":null,"native":false},{"column":14,"file":"node:internal/modules/cjs/loader","function":"Module._compile","line":1101,"method":"_compile","native":false},{"column":25,"file":"C:\\Users\\Administrator\\Desktop\\provisional\\apitakikids\\node_modules\\source-map-support\\source-map-support.js","function":"Module._compile","line":568,"method":"_compile","native":false},{"column":33,"file":"C:\\Users\\ADMINI~1\\AppData\\Local\\Temp\\ts-node-dev-hook-5120937713855529.js","function":"Module.m._compile","line":69,"method":"_compile","native":false},{"column":10,"file":"node:internal/modules/cjs/loader","function":"Module._extensions..js","line":1153,"method":".js","native":false},{"column":20,"file":"C:\\Users\\ADMINI~1\\AppData\\Local\\Temp\\ts-node-dev-hook-5120937713855529.js","function":"require.extensions..jsx.require.extensions..js","line":114,"method":".js","native":false},{"column":20,"file":"C:\\Users\\ADMINI~1\\AppData\\Local\\Temp\\ts-node-dev-hook-5120937713855529.js","function":"require.extensions.<computed>","line":71,"method":"<computed>","native":false},{"column":13,"file":"C:\\Users\\Administrator\\Desktop\\provisional\\apitakikids\\node_modules\\ts-node-dev\\lib\\hook.js","function":"Object.nodeDevHook [as .ts]","line":63,"method":"ts]","native":false},{"column":32,"file":"node:internal/modules/cjs/loader","function":"Module.load","line":981,"method":"load","native":false},{"column":12,"file":"node:internal/modules/cjs/loader","function":"Module._load","line":822,"method":"_load","native":false}]}
{"date":"Wed May 04 2022 10:28:45 GMT+0100 (West Africa Standard Time)","error":{},"exception":true,"level":"error","message":"uncaughtException: ⨯ Unable to compile TypeScript:\n\u001b[96mdatabase/repository/RoleRepo.ts\u001b[0m:\u001b[93m9\u001b[0m:\u001b[93m14\u001b[0m - \u001b[91merror\u001b[0m\u001b[90m TS2349: \u001b[0mThis expression is not callable.\r\n  Type '{ code: string; status: boolean; }' has no call signatures.\r\n\r\n\u001b[7m9\u001b[0m       where: { code: code, status : true } <RoleAttributes>().exec(),\r\n\u001b[7m \u001b[0m \u001b[91m             ~~~~~~~~~~~~~~~~~~~~~~~~~~~~~\u001b[0m\r\n\nError: ⨯ Unable to compile TypeScript:\n\u001b[96mdatabase/repository/RoleRepo.ts\u001b[0m:\u001b[93m9\u001b[0m:\u001b[93m14\u001b[0m - \u001b[91merror\u001b[0m\u001b[90m TS2349: \u001b[0mThis expression is not callable.\r\n  Type '{ code: string; status: boolean; }' has no call signatures.\r\n\r\n\u001b[7m9\u001b[0m       where: { code: code, status : true } <RoleAttributes>().exec(),\r\n\u001b[7m \u001b[0m \u001b[91m             ~~~~~~~~~~~~~~~~~~~~~~~~~~~~~\u001b[0m\r\n\n    at Object.<anonymous> (C:\\Users\\Administrator\\Desktop\\provisional\\apitakikids\\database\\repository\\RoleRepo.ts:1:7)\n    at Module._compile (node:internal/modules/cjs/loader:1101:14)\n    at Module._compile (C:\\Users\\Administrator\\Desktop\\provisional\\apitakikids\\node_modules\\source-map-support\\source-map-support.js:568:25)\n    at Module.m._compile (C:\\Users\\ADMINI~1\\AppData\\Local\\Temp\\ts-node-dev-hook-5120937713855529.js:69:33)\n    at Module._extensions..js (node:internal/modules/cjs/loader:1153:10)\n    at require.extensions..jsx.require.extensions..js (C:\\Users\\ADMINI~1\\AppData\\Local\\Temp\\ts-node-dev-hook-5120937713855529.js:114:20)\n    at require.extensions.<computed> (C:\\Users\\ADMINI~1\\AppData\\Local\\Temp\\ts-node-dev-hook-5120937713855529.js:71:20)\n    at Object.nodeDevHook [as .ts] (C:\\Users\\Administrator\\Desktop\\provisional\\apitakikids\\node_modules\\ts-node-dev\\lib\\hook.js:63:13)\n    at Module.load (node:internal/modules/cjs/loader:981:32)\n    at Function.Module._load (node:internal/modules/cjs/loader:822:12)","os":{"loadavg":[0,0,0],"uptime":4377},"process":{"argv":["C:\\Program Files\\nodejs\\node.exe","index.ts"],"cwd":"C:\\Users\\Administrator\\Desktop\\provisional\\apitakikids","execPath":"C:\\Program Files\\nodejs\\node.exe","gid":null,"memoryUsage":{"arrayBuffers":765576,"external":3038560,"heapTotal":37322752,"heapUsed":27815696,"rss":66514944},"pid":12644,"uid":null,"version":"v16.13.1"},"stack":"Error: ⨯ Unable to compile TypeScript:\n\u001b[96mdatabase/repository/RoleRepo.ts\u001b[0m:\u001b[93m9\u001b[0m:\u001b[93m14\u001b[0m - \u001b[91merror\u001b[0m\u001b[90m TS2349: \u001b[0mThis expression is not callable.\r\n  Type '{ code: string; status: boolean; }' has no call signatures.\r\n\r\n\u001b[7m9\u001b[0m       where: { code: code, status : true } <RoleAttributes>().exec(),\r\n\u001b[7m \u001b[0m \u001b[91m             ~~~~~~~~~~~~~~~~~~~~~~~~~~~~~\u001b[0m\r\n\n    at Object.<anonymous> (C:\\Users\\Administrator\\Desktop\\provisional\\apitakikids\\database\\repository\\RoleRepo.ts:1:7)\n    at Module._compile (node:internal/modules/cjs/loader:1101:14)\n    at Module._compile (C:\\Users\\Administrator\\Desktop\\provisional\\apitakikids\\node_modules\\source-map-support\\source-map-support.js:568:25)\n    at Module.m._compile (C:\\Users\\ADMINI~1\\AppData\\Local\\Temp\\ts-node-dev-hook-5120937713855529.js:69:33)\n    at Module._extensions..js (node:internal/modules/cjs/loader:1153:10)\n    at require.extensions..jsx.require.extensions..js (C:\\Users\\ADMINI~1\\AppData\\Local\\Temp\\ts-node-dev-hook-5120937713855529.js:114:20)\n    at require.extensions.<computed> (C:\\Users\\ADMINI~1\\AppData\\Local\\Temp\\ts-node-dev-hook-5120937713855529.js:71:20)\n    at Object.nodeDevHook [as .ts] (C:\\Users\\Administrator\\Desktop\\provisional\\apitakikids\\node_modules\\ts-node-dev\\lib\\hook.js:63:13)\n    at Module.load (node:internal/modules/cjs/loader:981:32)\n    at Function.Module._load (node:internal/modules/cjs/loader:822:12)","trace":[{"column":7,"file":"C:\\Users\\Administrator\\Desktop\\provisional\\apitakikids\\database\\repository\\RoleRepo.ts","function":null,"line":1,"method":null,"native":false},{"column":14,"file":"node:internal/modules/cjs/loader","function":"Module._compile","line":1101,"method":"_compile","native":false},{"column":25,"file":"C:\\Users\\Administrator\\Desktop\\provisional\\apitakikids\\node_modules\\source-map-support\\source-map-support.js","function":"Module._compile","line":568,"method":"_compile","native":false},{"column":33,"file":"C:\\Users\\ADMINI~1\\AppData\\Local\\Temp\\ts-node-dev-hook-5120937713855529.js","function":"Module.m._compile","line":69,"method":"_compile","native":false},{"column":10,"file":"node:internal/modules/cjs/loader","function":"Module._extensions..js","line":1153,"method":".js","native":false},{"column":20,"file":"C:\\Users\\ADMINI~1\\AppData\\Local\\Temp\\ts-node-dev-hook-5120937713855529.js","function":"require.extensions..jsx.require.extensions..js","line":114,"method":".js","native":false},{"column":20,"file":"C:\\Users\\ADMINI~1\\AppData\\Local\\Temp\\ts-node-dev-hook-5120937713855529.js","function":"require.extensions.<computed>","line":71,"method":"<computed>","native":false},{"column":13,"file":"C:\\Users\\Administrator\\Desktop\\provisional\\apitakikids\\node_modules\\ts-node-dev\\lib\\hook.js","function":"Object.nodeDevHook [as .ts]","line":63,"method":"ts]","native":false},{"column":32,"file":"node:internal/modules/cjs/loader","function":"Module.load","line":981,"method":"load","native":false},{"column":12,"file":"node:internal/modules/cjs/loader","function":"Module._load","line":822,"method":"_load","native":false}]}
{"date":"Wed May 04 2022 10:29:25 GMT+0100 (West Africa Standard Time)","error":{},"exception":true,"level":"error","message":"uncaughtException: ⨯ Unable to compile TypeScript:\n\u001b[96mdatabase/repository/RoleRepo.ts\u001b[0m:\u001b[93m8\u001b[0m:\u001b[93m12\u001b[0m - \u001b[91merror\u001b[0m\u001b[90m TS2347: \u001b[0mUntyped function calls may not accept type arguments.\r\n\r\n\u001b[7m8\u001b[0m     return Role.findOne({ code: code, status: true }).lean<RoleAttributes>().exec();\r\n\u001b[7m \u001b[0m \u001b[91m           ~~~~~~~~~~~~~~~~~~~~~~~~~~~~~~~~~~~~~~~~~~~~~~~~~~~~~~~~~~~~~~~~~\u001b[0m\r\n\nError: ⨯ Unable to compile TypeScript:\n\u001b[96mdatabase/repository/RoleRepo.ts\u001b[0m:\u001b[93m8\u001b[0m:\u001b[93m12\u001b[0m - \u001b[91merror\u001b[0m\u001b[90m TS2347: \u001b[0mUntyped function calls may not accept type arguments.\r\n\r\n\u001b[7m8\u001b[0m     return Role.findOne({ code: code, status: true }).lean<RoleAttributes>().exec();\r\n\u001b[7m \u001b[0m \u001b[91m           ~~~~~~~~~~~~~~~~~~~~~~~~~~~~~~~~~~~~~~~~~~~~~~~~~~~~~~~~~~~~~~~~~\u001b[0m\r\n\n    at Object.<anonymous> (C:\\Users\\Administrator\\Desktop\\provisional\\apitakikids\\database\\repository\\RoleRepo.ts:1:7)\n    at Module._compile (node:internal/modules/cjs/loader:1101:14)\n    at Module._compile (C:\\Users\\Administrator\\Desktop\\provisional\\apitakikids\\node_modules\\source-map-support\\source-map-support.js:568:25)\n    at Module.m._compile (C:\\Users\\ADMINI~1\\AppData\\Local\\Temp\\ts-node-dev-hook-5120937713855529.js:69:33)\n    at Module._extensions..js (node:internal/modules/cjs/loader:1153:10)\n    at require.extensions..jsx.require.extensions..js (C:\\Users\\ADMINI~1\\AppData\\Local\\Temp\\ts-node-dev-hook-5120937713855529.js:114:20)\n    at require.extensions.<computed> (C:\\Users\\ADMINI~1\\AppData\\Local\\Temp\\ts-node-dev-hook-5120937713855529.js:71:20)\n    at Object.nodeDevHook [as .ts] (C:\\Users\\Administrator\\Desktop\\provisional\\apitakikids\\node_modules\\ts-node-dev\\lib\\hook.js:63:13)\n    at Module.load (node:internal/modules/cjs/loader:981:32)\n    at Function.Module._load (node:internal/modules/cjs/loader:822:12)","os":{"loadavg":[0,0,0],"uptime":4416},"process":{"argv":["C:\\Program Files\\nodejs\\node.exe","index.ts"],"cwd":"C:\\Users\\Administrator\\Desktop\\provisional\\apitakikids","execPath":"C:\\Program Files\\nodejs\\node.exe","gid":null,"memoryUsage":{"arrayBuffers":738157,"external":2459510,"heapTotal":37322752,"heapUsed":27550440,"rss":66686976},"pid":488,"uid":null,"version":"v16.13.1"},"stack":"Error: ⨯ Unable to compile TypeScript:\n\u001b[96mdatabase/repository/RoleRepo.ts\u001b[0m:\u001b[93m8\u001b[0m:\u001b[93m12\u001b[0m - \u001b[91merror\u001b[0m\u001b[90m TS2347: \u001b[0mUntyped function calls may not accept type arguments.\r\n\r\n\u001b[7m8\u001b[0m     return Role.findOne({ code: code, status: true }).lean<RoleAttributes>().exec();\r\n\u001b[7m \u001b[0m \u001b[91m           ~~~~~~~~~~~~~~~~~~~~~~~~~~~~~~~~~~~~~~~~~~~~~~~~~~~~~~~~~~~~~~~~~\u001b[0m\r\n\n    at Object.<anonymous> (C:\\Users\\Administrator\\Desktop\\provisional\\apitakikids\\database\\repository\\RoleRepo.ts:1:7)\n    at Module._compile (node:internal/modules/cjs/loader:1101:14)\n    at Module._compile (C:\\Users\\Administrator\\Desktop\\provisional\\apitakikids\\node_modules\\source-map-support\\source-map-support.js:568:25)\n    at Module.m._compile (C:\\Users\\ADMINI~1\\AppData\\Local\\Temp\\ts-node-dev-hook-5120937713855529.js:69:33)\n    at Module._extensions..js (node:internal/modules/cjs/loader:1153:10)\n    at require.extensions..jsx.require.extensions..js (C:\\Users\\ADMINI~1\\AppData\\Local\\Temp\\ts-node-dev-hook-5120937713855529.js:114:20)\n    at require.extensions.<computed> (C:\\Users\\ADMINI~1\\AppData\\Local\\Temp\\ts-node-dev-hook-5120937713855529.js:71:20)\n    at Object.nodeDevHook [as .ts] (C:\\Users\\Administrator\\Desktop\\provisional\\apitakikids\\node_modules\\ts-node-dev\\lib\\hook.js:63:13)\n    at Module.load (node:internal/modules/cjs/loader:981:32)\n    at Function.Module._load (node:internal/modules/cjs/loader:822:12)","trace":[{"column":7,"file":"C:\\Users\\Administrator\\Desktop\\provisional\\apitakikids\\database\\repository\\RoleRepo.ts","function":null,"line":1,"method":null,"native":false},{"column":14,"file":"node:internal/modules/cjs/loader","function":"Module._compile","line":1101,"method":"_compile","native":false},{"column":25,"file":"C:\\Users\\Administrator\\Desktop\\provisional\\apitakikids\\node_modules\\source-map-support\\source-map-support.js","function":"Module._compile","line":568,"method":"_compile","native":false},{"column":33,"file":"C:\\Users\\ADMINI~1\\AppData\\Local\\Temp\\ts-node-dev-hook-5120937713855529.js","function":"Module.m._compile","line":69,"method":"_compile","native":false},{"column":10,"file":"node:internal/modules/cjs/loader","function":"Module._extensions..js","line":1153,"method":".js","native":false},{"column":20,"file":"C:\\Users\\ADMINI~1\\AppData\\Local\\Temp\\ts-node-dev-hook-5120937713855529.js","function":"require.extensions..jsx.require.extensions..js","line":114,"method":".js","native":false},{"column":20,"file":"C:\\Users\\ADMINI~1\\AppData\\Local\\Temp\\ts-node-dev-hook-5120937713855529.js","function":"require.extensions.<computed>","line":71,"method":"<computed>","native":false},{"column":13,"file":"C:\\Users\\Administrator\\Desktop\\provisional\\apitakikids\\node_modules\\ts-node-dev\\lib\\hook.js","function":"Object.nodeDevHook [as .ts]","line":63,"method":"ts]","native":false},{"column":32,"file":"node:internal/modules/cjs/loader","function":"Module.load","line":981,"method":"load","native":false},{"column":12,"file":"node:internal/modules/cjs/loader","function":"Module._load","line":822,"method":"_load","native":false}]}
{"date":"Wed May 04 2022 10:29:32 GMT+0100 (West Africa Standard Time)","error":{},"exception":true,"level":"error","message":"uncaughtException: ⨯ Unable to compile TypeScript:\n\u001b[96mdatabase/repository/RoleRepo.ts\u001b[0m:\u001b[93m8\u001b[0m:\u001b[93m12\u001b[0m - \u001b[91merror\u001b[0m\u001b[90m TS2347: \u001b[0mUntyped function calls may not accept type arguments.\r\n\r\n\u001b[7m8\u001b[0m     return Role.findOne({ code: code, status: true }).lean<RoleAttributes>().exec();\r\n\u001b[7m \u001b[0m \u001b[91m           ~~~~~~~~~~~~~~~~~~~~~~~~~~~~~~~~~~~~~~~~~~~~~~~~~~~~~~~~~~~~~~~~~\u001b[0m\r\n\nError: ⨯ Unable to compile TypeScript:\n\u001b[96mdatabase/repository/RoleRepo.ts\u001b[0m:\u001b[93m8\u001b[0m:\u001b[93m12\u001b[0m - \u001b[91merror\u001b[0m\u001b[90m TS2347: \u001b[0mUntyped function calls may not accept type arguments.\r\n\r\n\u001b[7m8\u001b[0m     return Role.findOne({ code: code, status: true }).lean<RoleAttributes>().exec();\r\n\u001b[7m \u001b[0m \u001b[91m           ~~~~~~~~~~~~~~~~~~~~~~~~~~~~~~~~~~~~~~~~~~~~~~~~~~~~~~~~~~~~~~~~~\u001b[0m\r\n\n    at Object.<anonymous> (C:\\Users\\Administrator\\Desktop\\provisional\\apitakikids\\database\\repository\\RoleRepo.ts:1:7)\n    at Module._compile (node:internal/modules/cjs/loader:1101:14)\n    at Module._compile (C:\\Users\\Administrator\\Desktop\\provisional\\apitakikids\\node_modules\\source-map-support\\source-map-support.js:568:25)\n    at Module.m._compile (C:\\Users\\ADMINI~1\\AppData\\Local\\Temp\\ts-node-dev-hook-5120937713855529.js:69:33)\n    at Module._extensions..js (node:internal/modules/cjs/loader:1153:10)\n    at require.extensions..jsx.require.extensions..js (C:\\Users\\ADMINI~1\\AppData\\Local\\Temp\\ts-node-dev-hook-5120937713855529.js:114:20)\n    at require.extensions.<computed> (C:\\Users\\ADMINI~1\\AppData\\Local\\Temp\\ts-node-dev-hook-5120937713855529.js:71:20)\n    at Object.nodeDevHook [as .ts] (C:\\Users\\Administrator\\Desktop\\provisional\\apitakikids\\node_modules\\ts-node-dev\\lib\\hook.js:63:13)\n    at Module.load (node:internal/modules/cjs/loader:981:32)\n    at Function.Module._load (node:internal/modules/cjs/loader:822:12)","os":{"loadavg":[0,0,0],"uptime":4424},"process":{"argv":["C:\\Program Files\\nodejs\\node.exe","index.ts"],"cwd":"C:\\Users\\Administrator\\Desktop\\provisional\\apitakikids","execPath":"C:\\Program Files\\nodejs\\node.exe","gid":null,"memoryUsage":{"arrayBuffers":186346,"external":3038560,"heapTotal":55934976,"heapUsed":22414928,"rss":68259840},"pid":7264,"uid":null,"version":"v16.13.1"},"stack":"Error: ⨯ Unable to compile TypeScript:\n\u001b[96mdatabase/repository/RoleRepo.ts\u001b[0m:\u001b[93m8\u001b[0m:\u001b[93m12\u001b[0m - \u001b[91merror\u001b[0m\u001b[90m TS2347: \u001b[0mUntyped function calls may not accept type arguments.\r\n\r\n\u001b[7m8\u001b[0m     return Role.findOne({ code: code, status: true }).lean<RoleAttributes>().exec();\r\n\u001b[7m \u001b[0m \u001b[91m           ~~~~~~~~~~~~~~~~~~~~~~~~~~~~~~~~~~~~~~~~~~~~~~~~~~~~~~~~~~~~~~~~~\u001b[0m\r\n\n    at Object.<anonymous> (C:\\Users\\Administrator\\Desktop\\provisional\\apitakikids\\database\\repository\\RoleRepo.ts:1:7)\n    at Module._compile (node:internal/modules/cjs/loader:1101:14)\n    at Module._compile (C:\\Users\\Administrator\\Desktop\\provisional\\apitakikids\\node_modules\\source-map-support\\source-map-support.js:568:25)\n    at Module.m._compile (C:\\Users\\ADMINI~1\\AppData\\Local\\Temp\\ts-node-dev-hook-5120937713855529.js:69:33)\n    at Module._extensions..js (node:internal/modules/cjs/loader:1153:10)\n    at require.extensions..jsx.require.extensions..js (C:\\Users\\ADMINI~1\\AppData\\Local\\Temp\\ts-node-dev-hook-5120937713855529.js:114:20)\n    at require.extensions.<computed> (C:\\Users\\ADMINI~1\\AppData\\Local\\Temp\\ts-node-dev-hook-5120937713855529.js:71:20)\n    at Object.nodeDevHook [as .ts] (C:\\Users\\Administrator\\Desktop\\provisional\\apitakikids\\node_modules\\ts-node-dev\\lib\\hook.js:63:13)\n    at Module.load (node:internal/modules/cjs/loader:981:32)\n    at Function.Module._load (node:internal/modules/cjs/loader:822:12)","trace":[{"column":7,"file":"C:\\Users\\Administrator\\Desktop\\provisional\\apitakikids\\database\\repository\\RoleRepo.ts","function":null,"line":1,"method":null,"native":false},{"column":14,"file":"node:internal/modules/cjs/loader","function":"Module._compile","line":1101,"method":"_compile","native":false},{"column":25,"file":"C:\\Users\\Administrator\\Desktop\\provisional\\apitakikids\\node_modules\\source-map-support\\source-map-support.js","function":"Module._compile","line":568,"method":"_compile","native":false},{"column":33,"file":"C:\\Users\\ADMINI~1\\AppData\\Local\\Temp\\ts-node-dev-hook-5120937713855529.js","function":"Module.m._compile","line":69,"method":"_compile","native":false},{"column":10,"file":"node:internal/modules/cjs/loader","function":"Module._extensions..js","line":1153,"method":".js","native":false},{"column":20,"file":"C:\\Users\\ADMINI~1\\AppData\\Local\\Temp\\ts-node-dev-hook-5120937713855529.js","function":"require.extensions..jsx.require.extensions..js","line":114,"method":".js","native":false},{"column":20,"file":"C:\\Users\\ADMINI~1\\AppData\\Local\\Temp\\ts-node-dev-hook-5120937713855529.js","function":"require.extensions.<computed>","line":71,"method":"<computed>","native":false},{"column":13,"file":"C:\\Users\\Administrator\\Desktop\\provisional\\apitakikids\\node_modules\\ts-node-dev\\lib\\hook.js","function":"Object.nodeDevHook [as .ts]","line":63,"method":"ts]","native":false},{"column":32,"file":"node:internal/modules/cjs/loader","function":"Module.load","line":981,"method":"load","native":false},{"column":12,"file":"node:internal/modules/cjs/loader","function":"Module._load","line":822,"method":"_load","native":false}]}
{"date":"Wed May 04 2022 10:31:44 GMT+0100 (West Africa Standard Time)","error":{},"exception":true,"level":"error","message":"uncaughtException: ⨯ Unable to compile TypeScript:\n\u001b[96mdatabase/repository/RoleRepo.ts\u001b[0m:\u001b[93m7\u001b[0m:\u001b[93m12\u001b[0m - \u001b[91merror\u001b[0m\u001b[90m TS2347: \u001b[0mUntyped function calls may not accept type arguments.\r\n\r\n\u001b[7m7\u001b[0m     return Role.findOne({ code }).lean<RoleAttributes>().exec();\r\n\u001b[7m \u001b[0m \u001b[91m           ~~~~~~~~~~~~~~~~~~~~~~~~~~~~~~~~~~~~~~~~~~~~~\u001b[0m\r\n\nError: ⨯ Unable to compile TypeScript:\n\u001b[96mdatabase/repository/RoleRepo.ts\u001b[0m:\u001b[93m7\u001b[0m:\u001b[93m12\u001b[0m - \u001b[91merror\u001b[0m\u001b[90m TS2347: \u001b[0mUntyped function calls may not accept type arguments.\r\n\r\n\u001b[7m7\u001b[0m     return Role.findOne({ code }).lean<RoleAttributes>().exec();\r\n\u001b[7m \u001b[0m \u001b[91m           ~~~~~~~~~~~~~~~~~~~~~~~~~~~~~~~~~~~~~~~~~~~~~\u001b[0m\r\n\n    at Object.<anonymous> (C:\\Users\\Administrator\\Desktop\\provisional\\apitakikids\\database\\repository\\RoleRepo.ts:1:7)\n    at Module._compile (node:internal/modules/cjs/loader:1101:14)\n    at Module._compile (C:\\Users\\Administrator\\Desktop\\provisional\\apitakikids\\node_modules\\source-map-support\\source-map-support.js:568:25)\n    at Module.m._compile (C:\\Users\\ADMINI~1\\AppData\\Local\\Temp\\ts-node-dev-hook-5120937713855529.js:69:33)\n    at Module._extensions..js (node:internal/modules/cjs/loader:1153:10)\n    at require.extensions..jsx.require.extensions..js (C:\\Users\\ADMINI~1\\AppData\\Local\\Temp\\ts-node-dev-hook-5120937713855529.js:114:20)\n    at require.extensions.<computed> (C:\\Users\\ADMINI~1\\AppData\\Local\\Temp\\ts-node-dev-hook-5120937713855529.js:71:20)\n    at Object.nodeDevHook [as .ts] (C:\\Users\\Administrator\\Desktop\\provisional\\apitakikids\\node_modules\\ts-node-dev\\lib\\hook.js:63:13)\n    at Module.load (node:internal/modules/cjs/loader:981:32)\n    at Function.Module._load (node:internal/modules/cjs/loader:822:12)","os":{"loadavg":[0,0,0],"uptime":4556},"process":{"argv":["C:\\Program Files\\nodejs\\node.exe","index.ts"],"cwd":"C:\\Users\\Administrator\\Desktop\\provisional\\apitakikids","execPath":"C:\\Program Files\\nodejs\\node.exe","gid":null,"memoryUsage":{"arrayBuffers":192171,"external":3038560,"heapTotal":55410688,"heapUsed":22399320,"rss":68100096},"pid":4868,"uid":null,"version":"v16.13.1"},"stack":"Error: ⨯ Unable to compile TypeScript:\n\u001b[96mdatabase/repository/RoleRepo.ts\u001b[0m:\u001b[93m7\u001b[0m:\u001b[93m12\u001b[0m - \u001b[91merror\u001b[0m\u001b[90m TS2347: \u001b[0mUntyped function calls may not accept type arguments.\r\n\r\n\u001b[7m7\u001b[0m     return Role.findOne({ code }).lean<RoleAttributes>().exec();\r\n\u001b[7m \u001b[0m \u001b[91m           ~~~~~~~~~~~~~~~~~~~~~~~~~~~~~~~~~~~~~~~~~~~~~\u001b[0m\r\n\n    at Object.<anonymous> (C:\\Users\\Administrator\\Desktop\\provisional\\apitakikids\\database\\repository\\RoleRepo.ts:1:7)\n    at Module._compile (node:internal/modules/cjs/loader:1101:14)\n    at Module._compile (C:\\Users\\Administrator\\Desktop\\provisional\\apitakikids\\node_modules\\source-map-support\\source-map-support.js:568:25)\n    at Module.m._compile (C:\\Users\\ADMINI~1\\AppData\\Local\\Temp\\ts-node-dev-hook-5120937713855529.js:69:33)\n    at Module._extensions..js (node:internal/modules/cjs/loader:1153:10)\n    at require.extensions..jsx.require.extensions..js (C:\\Users\\ADMINI~1\\AppData\\Local\\Temp\\ts-node-dev-hook-5120937713855529.js:114:20)\n    at require.extensions.<computed> (C:\\Users\\ADMINI~1\\AppData\\Local\\Temp\\ts-node-dev-hook-5120937713855529.js:71:20)\n    at Object.nodeDevHook [as .ts] (C:\\Users\\Administrator\\Desktop\\provisional\\apitakikids\\node_modules\\ts-node-dev\\lib\\hook.js:63:13)\n    at Module.load (node:internal/modules/cjs/loader:981:32)\n    at Function.Module._load (node:internal/modules/cjs/loader:822:12)","trace":[{"column":7,"file":"C:\\Users\\Administrator\\Desktop\\provisional\\apitakikids\\database\\repository\\RoleRepo.ts","function":null,"line":1,"method":null,"native":false},{"column":14,"file":"node:internal/modules/cjs/loader","function":"Module._compile","line":1101,"method":"_compile","native":false},{"column":25,"file":"C:\\Users\\Administrator\\Desktop\\provisional\\apitakikids\\node_modules\\source-map-support\\source-map-support.js","function":"Module._compile","line":568,"method":"_compile","native":false},{"column":33,"file":"C:\\Users\\ADMINI~1\\AppData\\Local\\Temp\\ts-node-dev-hook-5120937713855529.js","function":"Module.m._compile","line":69,"method":"_compile","native":false},{"column":10,"file":"node:internal/modules/cjs/loader","function":"Module._extensions..js","line":1153,"method":".js","native":false},{"column":20,"file":"C:\\Users\\ADMINI~1\\AppData\\Local\\Temp\\ts-node-dev-hook-5120937713855529.js","function":"require.extensions..jsx.require.extensions..js","line":114,"method":".js","native":false},{"column":20,"file":"C:\\Users\\ADMINI~1\\AppData\\Local\\Temp\\ts-node-dev-hook-5120937713855529.js","function":"require.extensions.<computed>","line":71,"method":"<computed>","native":false},{"column":13,"file":"C:\\Users\\Administrator\\Desktop\\provisional\\apitakikids\\node_modules\\ts-node-dev\\lib\\hook.js","function":"Object.nodeDevHook [as .ts]","line":63,"method":"ts]","native":false},{"column":32,"file":"node:internal/modules/cjs/loader","function":"Module.load","line":981,"method":"load","native":false},{"column":12,"file":"node:internal/modules/cjs/loader","function":"Module._load","line":822,"method":"_load","native":false}]}
{"date":"Wed May 04 2022 10:31:54 GMT+0100 (West Africa Standard Time)","error":{},"exception":true,"level":"error","message":"uncaughtException: ⨯ Unable to compile TypeScript:\n\u001b[96mdatabase/repository/RoleRepo.ts\u001b[0m:\u001b[93m8\u001b[0m:\u001b[93m12\u001b[0m - \u001b[91merror\u001b[0m\u001b[90m TS2347: \u001b[0mUntyped function calls may not accept type arguments.\r\n\r\n\u001b[7m8\u001b[0m     return Role.findOne({ code: code }).lean<RoleAttributes>().exec();\r\n\u001b[7m \u001b[0m \u001b[91m           ~~~~~~~~~~~~~~~~~~~~~~~~~~~~~~~~~~~~~~~~~~~~~~~~~~~\u001b[0m\r\n\nError: ⨯ Unable to compile TypeScript:\n\u001b[96mdatabase/repository/RoleRepo.ts\u001b[0m:\u001b[93m8\u001b[0m:\u001b[93m12\u001b[0m - \u001b[91merror\u001b[0m\u001b[90m TS2347: \u001b[0mUntyped function calls may not accept type arguments.\r\n\r\n\u001b[7m8\u001b[0m     return Role.findOne({ code: code }).lean<RoleAttributes>().exec();\r\n\u001b[7m \u001b[0m \u001b[91m           ~~~~~~~~~~~~~~~~~~~~~~~~~~~~~~~~~~~~~~~~~~~~~~~~~~~\u001b[0m\r\n\n    at Object.<anonymous> (C:\\Users\\Administrator\\Desktop\\provisional\\apitakikids\\database\\repository\\RoleRepo.ts:1:7)\n    at Module._compile (node:internal/modules/cjs/loader:1101:14)\n    at Module._compile (C:\\Users\\Administrator\\Desktop\\provisional\\apitakikids\\node_modules\\source-map-support\\source-map-support.js:568:25)\n    at Module.m._compile (C:\\Users\\ADMINI~1\\AppData\\Local\\Temp\\ts-node-dev-hook-5120937713855529.js:69:33)\n    at Module._extensions..js (node:internal/modules/cjs/loader:1153:10)\n    at require.extensions..jsx.require.extensions..js (C:\\Users\\ADMINI~1\\AppData\\Local\\Temp\\ts-node-dev-hook-5120937713855529.js:114:20)\n    at require.extensions.<computed> (C:\\Users\\ADMINI~1\\AppData\\Local\\Temp\\ts-node-dev-hook-5120937713855529.js:71:20)\n    at Object.nodeDevHook [as .ts] (C:\\Users\\Administrator\\Desktop\\provisional\\apitakikids\\node_modules\\ts-node-dev\\lib\\hook.js:63:13)\n    at Module.load (node:internal/modules/cjs/loader:981:32)\n    at Function.Module._load (node:internal/modules/cjs/loader:822:12)","os":{"loadavg":[0,0,0],"uptime":4566},"process":{"argv":["C:\\Program Files\\nodejs\\node.exe","index.ts"],"cwd":"C:\\Users\\Administrator\\Desktop\\provisional\\apitakikids","execPath":"C:\\Program Files\\nodejs\\node.exe","gid":null,"memoryUsage":{"arrayBuffers":199382,"external":3038560,"heapTotal":55934976,"heapUsed":22383408,"rss":68419584},"pid":1732,"uid":null,"version":"v16.13.1"},"stack":"Error: ⨯ Unable to compile TypeScript:\n\u001b[96mdatabase/repository/RoleRepo.ts\u001b[0m:\u001b[93m8\u001b[0m:\u001b[93m12\u001b[0m - \u001b[91merror\u001b[0m\u001b[90m TS2347: \u001b[0mUntyped function calls may not accept type arguments.\r\n\r\n\u001b[7m8\u001b[0m     return Role.findOne({ code: code }).lean<RoleAttributes>().exec();\r\n\u001b[7m \u001b[0m \u001b[91m           ~~~~~~~~~~~~~~~~~~~~~~~~~~~~~~~~~~~~~~~~~~~~~~~~~~~\u001b[0m\r\n\n    at Object.<anonymous> (C:\\Users\\Administrator\\Desktop\\provisional\\apitakikids\\database\\repository\\RoleRepo.ts:1:7)\n    at Module._compile (node:internal/modules/cjs/loader:1101:14)\n    at Module._compile (C:\\Users\\Administrator\\Desktop\\provisional\\apitakikids\\node_modules\\source-map-support\\source-map-support.js:568:25)\n    at Module.m._compile (C:\\Users\\ADMINI~1\\AppData\\Local\\Temp\\ts-node-dev-hook-5120937713855529.js:69:33)\n    at Module._extensions..js (node:internal/modules/cjs/loader:1153:10)\n    at require.extensions..jsx.require.extensions..js (C:\\Users\\ADMINI~1\\AppData\\Local\\Temp\\ts-node-dev-hook-5120937713855529.js:114:20)\n    at require.extensions.<computed> (C:\\Users\\ADMINI~1\\AppData\\Local\\Temp\\ts-node-dev-hook-5120937713855529.js:71:20)\n    at Object.nodeDevHook [as .ts] (C:\\Users\\Administrator\\Desktop\\provisional\\apitakikids\\node_modules\\ts-node-dev\\lib\\hook.js:63:13)\n    at Module.load (node:internal/modules/cjs/loader:981:32)\n    at Function.Module._load (node:internal/modules/cjs/loader:822:12)","trace":[{"column":7,"file":"C:\\Users\\Administrator\\Desktop\\provisional\\apitakikids\\database\\repository\\RoleRepo.ts","function":null,"line":1,"method":null,"native":false},{"column":14,"file":"node:internal/modules/cjs/loader","function":"Module._compile","line":1101,"method":"_compile","native":false},{"column":25,"file":"C:\\Users\\Administrator\\Desktop\\provisional\\apitakikids\\node_modules\\source-map-support\\source-map-support.js","function":"Module._compile","line":568,"method":"_compile","native":false},{"column":33,"file":"C:\\Users\\ADMINI~1\\AppData\\Local\\Temp\\ts-node-dev-hook-5120937713855529.js","function":"Module.m._compile","line":69,"method":"_compile","native":false},{"column":10,"file":"node:internal/modules/cjs/loader","function":"Module._extensions..js","line":1153,"method":".js","native":false},{"column":20,"file":"C:\\Users\\ADMINI~1\\AppData\\Local\\Temp\\ts-node-dev-hook-5120937713855529.js","function":"require.extensions..jsx.require.extensions..js","line":114,"method":".js","native":false},{"column":20,"file":"C:\\Users\\ADMINI~1\\AppData\\Local\\Temp\\ts-node-dev-hook-5120937713855529.js","function":"require.extensions.<computed>","line":71,"method":"<computed>","native":false},{"column":13,"file":"C:\\Users\\Administrator\\Desktop\\provisional\\apitakikids\\node_modules\\ts-node-dev\\lib\\hook.js","function":"Object.nodeDevHook [as .ts]","line":63,"method":"ts]","native":false},{"column":32,"file":"node:internal/modules/cjs/loader","function":"Module.load","line":981,"method":"load","native":false},{"column":12,"file":"node:internal/modules/cjs/loader","function":"Module._load","line":822,"method":"_load","native":false}]}
{"date":"Wed May 04 2022 10:31:59 GMT+0100 (West Africa Standard Time)","error":{},"exception":true,"level":"error","message":"uncaughtException: ⨯ Unable to compile TypeScript:\n\u001b[96mdatabase/repository/RoleRepo.ts\u001b[0m:\u001b[93m8\u001b[0m:\u001b[93m12\u001b[0m - \u001b[91merror\u001b[0m\u001b[90m TS2347: \u001b[0mUntyped function calls may not accept type arguments.\r\n\r\n\u001b[7m8\u001b[0m     return Role.findOne({ code: code }).lean<RoleAttributes>().exec();\r\n\u001b[7m \u001b[0m \u001b[91m           ~~~~~~~~~~~~~~~~~~~~~~~~~~~~~~~~~~~~~~~~~~~~~~~~~~~\u001b[0m\r\n\nError: ⨯ Unable to compile TypeScript:\n\u001b[96mdatabase/repository/RoleRepo.ts\u001b[0m:\u001b[93m8\u001b[0m:\u001b[93m12\u001b[0m - \u001b[91merror\u001b[0m\u001b[90m TS2347: \u001b[0mUntyped function calls may not accept type arguments.\r\n\r\n\u001b[7m8\u001b[0m     return Role.findOne({ code: code }).lean<RoleAttributes>().exec();\r\n\u001b[7m \u001b[0m \u001b[91m           ~~~~~~~~~~~~~~~~~~~~~~~~~~~~~~~~~~~~~~~~~~~~~~~~~~~\u001b[0m\r\n\n    at Object.<anonymous> (C:\\Users\\Administrator\\Desktop\\provisional\\apitakikids\\database\\repository\\RoleRepo.ts:1:7)\n    at Module._compile (node:internal/modules/cjs/loader:1101:14)\n    at Module._compile (C:\\Users\\Administrator\\Desktop\\provisional\\apitakikids\\node_modules\\source-map-support\\source-map-support.js:568:25)\n    at Module.m._compile (C:\\Users\\ADMINI~1\\AppData\\Local\\Temp\\ts-node-dev-hook-5120937713855529.js:69:33)\n    at Module._extensions..js (node:internal/modules/cjs/loader:1153:10)\n    at require.extensions..jsx.require.extensions..js (C:\\Users\\ADMINI~1\\AppData\\Local\\Temp\\ts-node-dev-hook-5120937713855529.js:114:20)\n    at require.extensions.<computed> (C:\\Users\\ADMINI~1\\AppData\\Local\\Temp\\ts-node-dev-hook-5120937713855529.js:71:20)\n    at Object.nodeDevHook [as .ts] (C:\\Users\\Administrator\\Desktop\\provisional\\apitakikids\\node_modules\\ts-node-dev\\lib\\hook.js:63:13)\n    at Module.load (node:internal/modules/cjs/loader:981:32)\n    at Function.Module._load (node:internal/modules/cjs/loader:822:12)","os":{"loadavg":[0,0,0],"uptime":4571},"process":{"argv":["C:\\Program Files\\nodejs\\node.exe","index.ts"],"cwd":"C:\\Users\\Administrator\\Desktop\\provisional\\apitakikids","execPath":"C:\\Program Files\\nodejs\\node.exe","gid":null,"memoryUsage":{"arrayBuffers":192183,"external":5218952,"heapTotal":55410688,"heapUsed":22477832,"rss":68255744},"pid":12652,"uid":null,"version":"v16.13.1"},"stack":"Error: ⨯ Unable to compile TypeScript:\n\u001b[96mdatabase/repository/RoleRepo.ts\u001b[0m:\u001b[93m8\u001b[0m:\u001b[93m12\u001b[0m - \u001b[91merror\u001b[0m\u001b[90m TS2347: \u001b[0mUntyped function calls may not accept type arguments.\r\n\r\n\u001b[7m8\u001b[0m     return Role.findOne({ code: code }).lean<RoleAttributes>().exec();\r\n\u001b[7m \u001b[0m \u001b[91m           ~~~~~~~~~~~~~~~~~~~~~~~~~~~~~~~~~~~~~~~~~~~~~~~~~~~\u001b[0m\r\n\n    at Object.<anonymous> (C:\\Users\\Administrator\\Desktop\\provisional\\apitakikids\\database\\repository\\RoleRepo.ts:1:7)\n    at Module._compile (node:internal/modules/cjs/loader:1101:14)\n    at Module._compile (C:\\Users\\Administrator\\Desktop\\provisional\\apitakikids\\node_modules\\source-map-support\\source-map-support.js:568:25)\n    at Module.m._compile (C:\\Users\\ADMINI~1\\AppData\\Local\\Temp\\ts-node-dev-hook-5120937713855529.js:69:33)\n    at Module._extensions..js (node:internal/modules/cjs/loader:1153:10)\n    at require.extensions..jsx.require.extensions..js (C:\\Users\\ADMINI~1\\AppData\\Local\\Temp\\ts-node-dev-hook-5120937713855529.js:114:20)\n    at require.extensions.<computed> (C:\\Users\\ADMINI~1\\AppData\\Local\\Temp\\ts-node-dev-hook-5120937713855529.js:71:20)\n    at Object.nodeDevHook [as .ts] (C:\\Users\\Administrator\\Desktop\\provisional\\apitakikids\\node_modules\\ts-node-dev\\lib\\hook.js:63:13)\n    at Module.load (node:internal/modules/cjs/loader:981:32)\n    at Function.Module._load (node:internal/modules/cjs/loader:822:12)","trace":[{"column":7,"file":"C:\\Users\\Administrator\\Desktop\\provisional\\apitakikids\\database\\repository\\RoleRepo.ts","function":null,"line":1,"method":null,"native":false},{"column":14,"file":"node:internal/modules/cjs/loader","function":"Module._compile","line":1101,"method":"_compile","native":false},{"column":25,"file":"C:\\Users\\Administrator\\Desktop\\provisional\\apitakikids\\node_modules\\source-map-support\\source-map-support.js","function":"Module._compile","line":568,"method":"_compile","native":false},{"column":33,"file":"C:\\Users\\ADMINI~1\\AppData\\Local\\Temp\\ts-node-dev-hook-5120937713855529.js","function":"Module.m._compile","line":69,"method":"_compile","native":false},{"column":10,"file":"node:internal/modules/cjs/loader","function":"Module._extensions..js","line":1153,"method":".js","native":false},{"column":20,"file":"C:\\Users\\ADMINI~1\\AppData\\Local\\Temp\\ts-node-dev-hook-5120937713855529.js","function":"require.extensions..jsx.require.extensions..js","line":114,"method":".js","native":false},{"column":20,"file":"C:\\Users\\ADMINI~1\\AppData\\Local\\Temp\\ts-node-dev-hook-5120937713855529.js","function":"require.extensions.<computed>","line":71,"method":"<computed>","native":false},{"column":13,"file":"C:\\Users\\Administrator\\Desktop\\provisional\\apitakikids\\node_modules\\ts-node-dev\\lib\\hook.js","function":"Object.nodeDevHook [as .ts]","line":63,"method":"ts]","native":false},{"column":32,"file":"node:internal/modules/cjs/loader","function":"Module.load","line":981,"method":"load","native":false},{"column":12,"file":"node:internal/modules/cjs/loader","function":"Module._load","line":822,"method":"_load","native":false}]}
{"date":"Wed May 04 2022 10:33:03 GMT+0100 (West Africa Standard Time)","error":{},"exception":true,"level":"error","message":"uncaughtException: ⨯ Unable to compile TypeScript:\n\u001b[96mdatabase/repository/RoleRepo.ts\u001b[0m:\u001b[93m8\u001b[0m:\u001b[93m12\u001b[0m - \u001b[91merror\u001b[0m\u001b[90m TS2347: \u001b[0mUntyped function calls may not accept type arguments.\r\n\r\n\u001b[7m8\u001b[0m     return Role.findOne({ code: code }).lean<RoleAttributes>().exec();\r\n\u001b[7m \u001b[0m \u001b[91m           ~~~~~~~~~~~~~~~~~~~~~~~~~~~~~~~~~~~~~~~~~~~~~~~~~~~\u001b[0m\r\n\nError: ⨯ Unable to compile TypeScript:\n\u001b[96mdatabase/repository/RoleRepo.ts\u001b[0m:\u001b[93m8\u001b[0m:\u001b[93m12\u001b[0m - \u001b[91merror\u001b[0m\u001b[90m TS2347: \u001b[0mUntyped function calls may not accept type arguments.\r\n\r\n\u001b[7m8\u001b[0m     return Role.findOne({ code: code }).lean<RoleAttributes>().exec();\r\n\u001b[7m \u001b[0m \u001b[91m           ~~~~~~~~~~~~~~~~~~~~~~~~~~~~~~~~~~~~~~~~~~~~~~~~~~~\u001b[0m\r\n\n    at Object.<anonymous> (C:\\Users\\Administrator\\Desktop\\provisional\\apitakikids\\database\\repository\\RoleRepo.ts:1:7)\n    at Module._compile (node:internal/modules/cjs/loader:1101:14)\n    at Module._compile (C:\\Users\\Administrator\\Desktop\\provisional\\apitakikids\\node_modules\\source-map-support\\source-map-support.js:568:25)\n    at Module.m._compile (C:\\Users\\ADMINI~1\\AppData\\Local\\Temp\\ts-node-dev-hook-5120937713855529.js:69:33)\n    at Module._extensions..js (node:internal/modules/cjs/loader:1153:10)\n    at require.extensions..jsx.require.extensions..js (C:\\Users\\ADMINI~1\\AppData\\Local\\Temp\\ts-node-dev-hook-5120937713855529.js:114:20)\n    at require.extensions.<computed> (C:\\Users\\ADMINI~1\\AppData\\Local\\Temp\\ts-node-dev-hook-5120937713855529.js:71:20)\n    at Object.nodeDevHook [as .ts] (C:\\Users\\Administrator\\Desktop\\provisional\\apitakikids\\node_modules\\ts-node-dev\\lib\\hook.js:63:13)\n    at Module.load (node:internal/modules/cjs/loader:981:32)\n    at Function.Module._load (node:internal/modules/cjs/loader:822:12)","os":{"loadavg":[0,0,0],"uptime":4635},"process":{"argv":["C:\\Program Files\\nodejs\\node.exe","index.ts"],"cwd":"C:\\Users\\Administrator\\Desktop\\provisional\\apitakikids","execPath":"C:\\Program Files\\nodejs\\node.exe","gid":null,"memoryUsage":{"arrayBuffers":738129,"external":2046173,"heapTotal":54099968,"heapUsed":26984632,"rss":67461120},"pid":14072,"uid":null,"version":"v16.13.1"},"stack":"Error: ⨯ Unable to compile TypeScript:\n\u001b[96mdatabase/repository/RoleRepo.ts\u001b[0m:\u001b[93m8\u001b[0m:\u001b[93m12\u001b[0m - \u001b[91merror\u001b[0m\u001b[90m TS2347: \u001b[0mUntyped function calls may not accept type arguments.\r\n\r\n\u001b[7m8\u001b[0m     return Role.findOne({ code: code }).lean<RoleAttributes>().exec();\r\n\u001b[7m \u001b[0m \u001b[91m           ~~~~~~~~~~~~~~~~~~~~~~~~~~~~~~~~~~~~~~~~~~~~~~~~~~~\u001b[0m\r\n\n    at Object.<anonymous> (C:\\Users\\Administrator\\Desktop\\provisional\\apitakikids\\database\\repository\\RoleRepo.ts:1:7)\n    at Module._compile (node:internal/modules/cjs/loader:1101:14)\n    at Module._compile (C:\\Users\\Administrator\\Desktop\\provisional\\apitakikids\\node_modules\\source-map-support\\source-map-support.js:568:25)\n    at Module.m._compile (C:\\Users\\ADMINI~1\\AppData\\Local\\Temp\\ts-node-dev-hook-5120937713855529.js:69:33)\n    at Module._extensions..js (node:internal/modules/cjs/loader:1153:10)\n    at require.extensions..jsx.require.extensions..js (C:\\Users\\ADMINI~1\\AppData\\Local\\Temp\\ts-node-dev-hook-5120937713855529.js:114:20)\n    at require.extensions.<computed> (C:\\Users\\ADMINI~1\\AppData\\Local\\Temp\\ts-node-dev-hook-5120937713855529.js:71:20)\n    at Object.nodeDevHook [as .ts] (C:\\Users\\Administrator\\Desktop\\provisional\\apitakikids\\node_modules\\ts-node-dev\\lib\\hook.js:63:13)\n    at Module.load (node:internal/modules/cjs/loader:981:32)\n    at Function.Module._load (node:internal/modules/cjs/loader:822:12)","trace":[{"column":7,"file":"C:\\Users\\Administrator\\Desktop\\provisional\\apitakikids\\database\\repository\\RoleRepo.ts","function":null,"line":1,"method":null,"native":false},{"column":14,"file":"node:internal/modules/cjs/loader","function":"Module._compile","line":1101,"method":"_compile","native":false},{"column":25,"file":"C:\\Users\\Administrator\\Desktop\\provisional\\apitakikids\\node_modules\\source-map-support\\source-map-support.js","function":"Module._compile","line":568,"method":"_compile","native":false},{"column":33,"file":"C:\\Users\\ADMINI~1\\AppData\\Local\\Temp\\ts-node-dev-hook-5120937713855529.js","function":"Module.m._compile","line":69,"method":"_compile","native":false},{"column":10,"file":"node:internal/modules/cjs/loader","function":"Module._extensions..js","line":1153,"method":".js","native":false},{"column":20,"file":"C:\\Users\\ADMINI~1\\AppData\\Local\\Temp\\ts-node-dev-hook-5120937713855529.js","function":"require.extensions..jsx.require.extensions..js","line":114,"method":".js","native":false},{"column":20,"file":"C:\\Users\\ADMINI~1\\AppData\\Local\\Temp\\ts-node-dev-hook-5120937713855529.js","function":"require.extensions.<computed>","line":71,"method":"<computed>","native":false},{"column":13,"file":"C:\\Users\\Administrator\\Desktop\\provisional\\apitakikids\\node_modules\\ts-node-dev\\lib\\hook.js","function":"Object.nodeDevHook [as .ts]","line":63,"method":"ts]","native":false},{"column":32,"file":"node:internal/modules/cjs/loader","function":"Module.load","line":981,"method":"load","native":false},{"column":12,"file":"node:internal/modules/cjs/loader","function":"Module._load","line":822,"method":"_load","native":false}]}
{"date":"Wed May 04 2022 10:34:12 GMT+0100 (West Africa Standard Time)","error":{},"exception":true,"level":"error","message":"uncaughtException: ⨯ Unable to compile TypeScript:\n\u001b[96mdatabase/repository/RoleRepo.ts\u001b[0m:\u001b[93m8\u001b[0m:\u001b[93m12\u001b[0m - \u001b[91merror\u001b[0m\u001b[90m TS2347: \u001b[0mUntyped function calls may not accept type arguments.\r\n\r\n\u001b[7m8\u001b[0m     return Role.findOne({ code: code }).lean<RoleAttributes>().exec();\r\n\u001b[7m \u001b[0m \u001b[91m           ~~~~~~~~~~~~~~~~~~~~~~~~~~~~~~~~~~~~~~~~~~~~~~~~~~~\u001b[0m\r\n\nError: ⨯ Unable to compile TypeScript:\n\u001b[96mdatabase/repository/RoleRepo.ts\u001b[0m:\u001b[93m8\u001b[0m:\u001b[93m12\u001b[0m - \u001b[91merror\u001b[0m\u001b[90m TS2347: \u001b[0mUntyped function calls may not accept type arguments.\r\n\r\n\u001b[7m8\u001b[0m     return Role.findOne({ code: code }).lean<RoleAttributes>().exec();\r\n\u001b[7m \u001b[0m \u001b[91m           ~~~~~~~~~~~~~~~~~~~~~~~~~~~~~~~~~~~~~~~~~~~~~~~~~~~\u001b[0m\r\n\n    at Object.<anonymous> (C:\\Users\\Administrator\\Desktop\\provisional\\apitakikids\\database\\repository\\RoleRepo.ts:1:7)\n    at Module._compile (node:internal/modules/cjs/loader:1101:14)\n    at Module._compile (C:\\Users\\Administrator\\Desktop\\provisional\\apitakikids\\node_modules\\source-map-support\\source-map-support.js:568:25)\n    at Module.m._compile (C:\\Users\\ADMINI~1\\AppData\\Local\\Temp\\ts-node-dev-hook-5120937713855529.js:69:33)\n    at Module._extensions..js (node:internal/modules/cjs/loader:1153:10)\n    at require.extensions..jsx.require.extensions..js (C:\\Users\\ADMINI~1\\AppData\\Local\\Temp\\ts-node-dev-hook-5120937713855529.js:114:20)\n    at require.extensions.<computed> (C:\\Users\\ADMINI~1\\AppData\\Local\\Temp\\ts-node-dev-hook-5120937713855529.js:71:20)\n    at Object.nodeDevHook [as .ts] (C:\\Users\\Administrator\\Desktop\\provisional\\apitakikids\\node_modules\\ts-node-dev\\lib\\hook.js:63:13)\n    at Module.load (node:internal/modules/cjs/loader:981:32)\n    at Function.Module._load (node:internal/modules/cjs/loader:822:12)","os":{"loadavg":[0,0,0],"uptime":4704},"process":{"argv":["C:\\Program Files\\nodejs\\node.exe","index.ts"],"cwd":"C:\\Users\\Administrator\\Desktop\\provisional\\apitakikids","execPath":"C:\\Program Files\\nodejs\\node.exe","gid":null,"memoryUsage":{"arrayBuffers":577504,"external":5218797,"heapTotal":56197120,"heapUsed":27341656,"rss":69025792},"pid":13628,"uid":null,"version":"v16.13.1"},"stack":"Error: ⨯ Unable to compile TypeScript:\n\u001b[96mdatabase/repository/RoleRepo.ts\u001b[0m:\u001b[93m8\u001b[0m:\u001b[93m12\u001b[0m - \u001b[91merror\u001b[0m\u001b[90m TS2347: \u001b[0mUntyped function calls may not accept type arguments.\r\n\r\n\u001b[7m8\u001b[0m     return Role.findOne({ code: code }).lean<RoleAttributes>().exec();\r\n\u001b[7m \u001b[0m \u001b[91m           ~~~~~~~~~~~~~~~~~~~~~~~~~~~~~~~~~~~~~~~~~~~~~~~~~~~\u001b[0m\r\n\n    at Object.<anonymous> (C:\\Users\\Administrator\\Desktop\\provisional\\apitakikids\\database\\repository\\RoleRepo.ts:1:7)\n    at Module._compile (node:internal/modules/cjs/loader:1101:14)\n    at Module._compile (C:\\Users\\Administrator\\Desktop\\provisional\\apitakikids\\node_modules\\source-map-support\\source-map-support.js:568:25)\n    at Module.m._compile (C:\\Users\\ADMINI~1\\AppData\\Local\\Temp\\ts-node-dev-hook-5120937713855529.js:69:33)\n    at Module._extensions..js (node:internal/modules/cjs/loader:1153:10)\n    at require.extensions..jsx.require.extensions..js (C:\\Users\\ADMINI~1\\AppData\\Local\\Temp\\ts-node-dev-hook-5120937713855529.js:114:20)\n    at require.extensions.<computed> (C:\\Users\\ADMINI~1\\AppData\\Local\\Temp\\ts-node-dev-hook-5120937713855529.js:71:20)\n    at Object.nodeDevHook [as .ts] (C:\\Users\\Administrator\\Desktop\\provisional\\apitakikids\\node_modules\\ts-node-dev\\lib\\hook.js:63:13)\n    at Module.load (node:internal/modules/cjs/loader:981:32)\n    at Function.Module._load (node:internal/modules/cjs/loader:822:12)","trace":[{"column":7,"file":"C:\\Users\\Administrator\\Desktop\\provisional\\apitakikids\\database\\repository\\RoleRepo.ts","function":null,"line":1,"method":null,"native":false},{"column":14,"file":"node:internal/modules/cjs/loader","function":"Module._compile","line":1101,"method":"_compile","native":false},{"column":25,"file":"C:\\Users\\Administrator\\Desktop\\provisional\\apitakikids\\node_modules\\source-map-support\\source-map-support.js","function":"Module._compile","line":568,"method":"_compile","native":false},{"column":33,"file":"C:\\Users\\ADMINI~1\\AppData\\Local\\Temp\\ts-node-dev-hook-5120937713855529.js","function":"Module.m._compile","line":69,"method":"_compile","native":false},{"column":10,"file":"node:internal/modules/cjs/loader","function":"Module._extensions..js","line":1153,"method":".js","native":false},{"column":20,"file":"C:\\Users\\ADMINI~1\\AppData\\Local\\Temp\\ts-node-dev-hook-5120937713855529.js","function":"require.extensions..jsx.require.extensions..js","line":114,"method":".js","native":false},{"column":20,"file":"C:\\Users\\ADMINI~1\\AppData\\Local\\Temp\\ts-node-dev-hook-5120937713855529.js","function":"require.extensions.<computed>","line":71,"method":"<computed>","native":false},{"column":13,"file":"C:\\Users\\Administrator\\Desktop\\provisional\\apitakikids\\node_modules\\ts-node-dev\\lib\\hook.js","function":"Object.nodeDevHook [as .ts]","line":63,"method":"ts]","native":false},{"column":32,"file":"node:internal/modules/cjs/loader","function":"Module.load","line":981,"method":"load","native":false},{"column":12,"file":"node:internal/modules/cjs/loader","function":"Module._load","line":822,"method":"_load","native":false}]}
{"date":"Wed May 04 2022 10:34:24 GMT+0100 (West Africa Standard Time)","error":{},"exception":true,"level":"error","message":"uncaughtException: ⨯ Unable to compile TypeScript:\n\u001b[96mdatabase/repository/RoleRepo.ts\u001b[0m:\u001b[93m8\u001b[0m:\u001b[93m12\u001b[0m - \u001b[91merror\u001b[0m\u001b[90m TS2347: \u001b[0mUntyped function calls may not accept type arguments.\r\n\r\n\u001b[7m8\u001b[0m     return Role.findOne({ code: code }).lean<RoleAttributes>().exec();\r\n\u001b[7m \u001b[0m \u001b[91m           ~~~~~~~~~~~~~~~~~~~~~~~~~~~~~~~~~~~~~~~~~~~~~~~~~~~\u001b[0m\r\n\nError: ⨯ Unable to compile TypeScript:\n\u001b[96mdatabase/repository/RoleRepo.ts\u001b[0m:\u001b[93m8\u001b[0m:\u001b[93m12\u001b[0m - \u001b[91merror\u001b[0m\u001b[90m TS2347: \u001b[0mUntyped function calls may not accept type arguments.\r\n\r\n\u001b[7m8\u001b[0m     return Role.findOne({ code: code }).lean<RoleAttributes>().exec();\r\n\u001b[7m \u001b[0m \u001b[91m           ~~~~~~~~~~~~~~~~~~~~~~~~~~~~~~~~~~~~~~~~~~~~~~~~~~~\u001b[0m\r\n\n    at Object.<anonymous> (C:\\Users\\Administrator\\Desktop\\provisional\\apitakikids\\database\\repository\\RoleRepo.ts:1:7)\n    at Module._compile (node:internal/modules/cjs/loader:1101:14)\n    at Module._compile (C:\\Users\\Administrator\\Desktop\\provisional\\apitakikids\\node_modules\\source-map-support\\source-map-support.js:568:25)\n    at Module.m._compile (C:\\Users\\ADMINI~1\\AppData\\Local\\Temp\\ts-node-dev-hook-5120937713855529.js:69:33)\n    at Module._extensions..js (node:internal/modules/cjs/loader:1153:10)\n    at require.extensions..jsx.require.extensions..js (C:\\Users\\ADMINI~1\\AppData\\Local\\Temp\\ts-node-dev-hook-5120937713855529.js:114:20)\n    at require.extensions.<computed> (C:\\Users\\ADMINI~1\\AppData\\Local\\Temp\\ts-node-dev-hook-5120937713855529.js:71:20)\n    at Object.nodeDevHook [as .ts] (C:\\Users\\Administrator\\Desktop\\provisional\\apitakikids\\node_modules\\ts-node-dev\\lib\\hook.js:63:13)\n    at Module.load (node:internal/modules/cjs/loader:981:32)\n    at Function.Module._load (node:internal/modules/cjs/loader:822:12)","os":{"loadavg":[0,0,0],"uptime":4716},"process":{"argv":["C:\\Program Files\\nodejs\\node.exe","index.ts"],"cwd":"C:\\Users\\Administrator\\Desktop\\provisional\\apitakikids","execPath":"C:\\Program Files\\nodejs\\node.exe","gid":null,"memoryUsage":{"arrayBuffers":718272,"external":3038405,"heapTotal":37322752,"heapUsed":27302720,"rss":66740224},"pid":7100,"uid":null,"version":"v16.13.1"},"stack":"Error: ⨯ Unable to compile TypeScript:\n\u001b[96mdatabase/repository/RoleRepo.ts\u001b[0m:\u001b[93m8\u001b[0m:\u001b[93m12\u001b[0m - \u001b[91merror\u001b[0m\u001b[90m TS2347: \u001b[0mUntyped function calls may not accept type arguments.\r\n\r\n\u001b[7m8\u001b[0m     return Role.findOne({ code: code }).lean<RoleAttributes>().exec();\r\n\u001b[7m \u001b[0m \u001b[91m           ~~~~~~~~~~~~~~~~~~~~~~~~~~~~~~~~~~~~~~~~~~~~~~~~~~~\u001b[0m\r\n\n    at Object.<anonymous> (C:\\Users\\Administrator\\Desktop\\provisional\\apitakikids\\database\\repository\\RoleRepo.ts:1:7)\n    at Module._compile (node:internal/modules/cjs/loader:1101:14)\n    at Module._compile (C:\\Users\\Administrator\\Desktop\\provisional\\apitakikids\\node_modules\\source-map-support\\source-map-support.js:568:25)\n    at Module.m._compile (C:\\Users\\ADMINI~1\\AppData\\Local\\Temp\\ts-node-dev-hook-5120937713855529.js:69:33)\n    at Module._extensions..js (node:internal/modules/cjs/loader:1153:10)\n    at require.extensions..jsx.require.extensions..js (C:\\Users\\ADMINI~1\\AppData\\Local\\Temp\\ts-node-dev-hook-5120937713855529.js:114:20)\n    at require.extensions.<computed> (C:\\Users\\ADMINI~1\\AppData\\Local\\Temp\\ts-node-dev-hook-5120937713855529.js:71:20)\n    at Object.nodeDevHook [as .ts] (C:\\Users\\Administrator\\Desktop\\provisional\\apitakikids\\node_modules\\ts-node-dev\\lib\\hook.js:63:13)\n    at Module.load (node:internal/modules/cjs/loader:981:32)\n    at Function.Module._load (node:internal/modules/cjs/loader:822:12)","trace":[{"column":7,"file":"C:\\Users\\Administrator\\Desktop\\provisional\\apitakikids\\database\\repository\\RoleRepo.ts","function":null,"line":1,"method":null,"native":false},{"column":14,"file":"node:internal/modules/cjs/loader","function":"Module._compile","line":1101,"method":"_compile","native":false},{"column":25,"file":"C:\\Users\\Administrator\\Desktop\\provisional\\apitakikids\\node_modules\\source-map-support\\source-map-support.js","function":"Module._compile","line":568,"method":"_compile","native":false},{"column":33,"file":"C:\\Users\\ADMINI~1\\AppData\\Local\\Temp\\ts-node-dev-hook-5120937713855529.js","function":"Module.m._compile","line":69,"method":"_compile","native":false},{"column":10,"file":"node:internal/modules/cjs/loader","function":"Module._extensions..js","line":1153,"method":".js","native":false},{"column":20,"file":"C:\\Users\\ADMINI~1\\AppData\\Local\\Temp\\ts-node-dev-hook-5120937713855529.js","function":"require.extensions..jsx.require.extensions..js","line":114,"method":".js","native":false},{"column":20,"file":"C:\\Users\\ADMINI~1\\AppData\\Local\\Temp\\ts-node-dev-hook-5120937713855529.js","function":"require.extensions.<computed>","line":71,"method":"<computed>","native":false},{"column":13,"file":"C:\\Users\\Administrator\\Desktop\\provisional\\apitakikids\\node_modules\\ts-node-dev\\lib\\hook.js","function":"Object.nodeDevHook [as .ts]","line":63,"method":"ts]","native":false},{"column":32,"file":"node:internal/modules/cjs/loader","function":"Module.load","line":981,"method":"load","native":false},{"column":12,"file":"node:internal/modules/cjs/loader","function":"Module._load","line":822,"method":"_load","native":false}]}
{"date":"Wed May 04 2022 10:34:26 GMT+0100 (West Africa Standard Time)","error":{},"exception":true,"level":"error","message":"uncaughtException: ⨯ Unable to compile TypeScript:\n\u001b[96mdatabase/repository/RoleRepo.ts\u001b[0m:\u001b[93m8\u001b[0m:\u001b[93m12\u001b[0m - \u001b[91merror\u001b[0m\u001b[90m TS2347: \u001b[0mUntyped function calls may not accept type arguments.\r\n\r\n\u001b[7m8\u001b[0m     return Role.findOne({ code: code }).lean<RoleAttributes>().exec();\r\n\u001b[7m \u001b[0m \u001b[91m           ~~~~~~~~~~~~~~~~~~~~~~~~~~~~~~~~~~~~~~~~~~~~~~~~~~~\u001b[0m\r\n\nError: ⨯ Unable to compile TypeScript:\n\u001b[96mdatabase/repository/RoleRepo.ts\u001b[0m:\u001b[93m8\u001b[0m:\u001b[93m12\u001b[0m - \u001b[91merror\u001b[0m\u001b[90m TS2347: \u001b[0mUntyped function calls may not accept type arguments.\r\n\r\n\u001b[7m8\u001b[0m     return Role.findOne({ code: code }).lean<RoleAttributes>().exec();\r\n\u001b[7m \u001b[0m \u001b[91m           ~~~~~~~~~~~~~~~~~~~~~~~~~~~~~~~~~~~~~~~~~~~~~~~~~~~\u001b[0m\r\n\n    at Object.<anonymous> (C:\\Users\\Administrator\\Desktop\\provisional\\apitakikids\\database\\repository\\RoleRepo.ts:1:7)\n    at Module._compile (node:internal/modules/cjs/loader:1101:14)\n    at Module._compile (C:\\Users\\Administrator\\Desktop\\provisional\\apitakikids\\node_modules\\source-map-support\\source-map-support.js:568:25)\n    at Module.m._compile (C:\\Users\\ADMINI~1\\AppData\\Local\\Temp\\ts-node-dev-hook-5120937713855529.js:69:33)\n    at Module._extensions..js (node:internal/modules/cjs/loader:1153:10)\n    at require.extensions..jsx.require.extensions..js (C:\\Users\\ADMINI~1\\AppData\\Local\\Temp\\ts-node-dev-hook-5120937713855529.js:114:20)\n    at require.extensions.<computed> (C:\\Users\\ADMINI~1\\AppData\\Local\\Temp\\ts-node-dev-hook-5120937713855529.js:71:20)\n    at Object.nodeDevHook [as .ts] (C:\\Users\\Administrator\\Desktop\\provisional\\apitakikids\\node_modules\\ts-node-dev\\lib\\hook.js:63:13)\n    at Module.load (node:internal/modules/cjs/loader:981:32)\n    at Function.Module._load (node:internal/modules/cjs/loader:822:12)","os":{"loadavg":[0,0,0],"uptime":4718},"process":{"argv":["C:\\Program Files\\nodejs\\node.exe","index.ts"],"cwd":"C:\\Users\\Administrator\\Desktop\\provisional\\apitakikids","execPath":"C:\\Program Files\\nodejs\\node.exe","gid":null,"memoryUsage":{"arrayBuffers":200375,"external":3038560,"heapTotal":55934976,"heapUsed":22461640,"rss":68194304},"pid":8400,"uid":null,"version":"v16.13.1"},"stack":"Error: ⨯ Unable to compile TypeScript:\n\u001b[96mdatabase/repository/RoleRepo.ts\u001b[0m:\u001b[93m8\u001b[0m:\u001b[93m12\u001b[0m - \u001b[91merror\u001b[0m\u001b[90m TS2347: \u001b[0mUntyped function calls may not accept type arguments.\r\n\r\n\u001b[7m8\u001b[0m     return Role.findOne({ code: code }).lean<RoleAttributes>().exec();\r\n\u001b[7m \u001b[0m \u001b[91m           ~~~~~~~~~~~~~~~~~~~~~~~~~~~~~~~~~~~~~~~~~~~~~~~~~~~\u001b[0m\r\n\n    at Object.<anonymous> (C:\\Users\\Administrator\\Desktop\\provisional\\apitakikids\\database\\repository\\RoleRepo.ts:1:7)\n    at Module._compile (node:internal/modules/cjs/loader:1101:14)\n    at Module._compile (C:\\Users\\Administrator\\Desktop\\provisional\\apitakikids\\node_modules\\source-map-support\\source-map-support.js:568:25)\n    at Module.m._compile (C:\\Users\\ADMINI~1\\AppData\\Local\\Temp\\ts-node-dev-hook-5120937713855529.js:69:33)\n    at Module._extensions..js (node:internal/modules/cjs/loader:1153:10)\n    at require.extensions..jsx.require.extensions..js (C:\\Users\\ADMINI~1\\AppData\\Local\\Temp\\ts-node-dev-hook-5120937713855529.js:114:20)\n    at require.extensions.<computed> (C:\\Users\\ADMINI~1\\AppData\\Local\\Temp\\ts-node-dev-hook-5120937713855529.js:71:20)\n    at Object.nodeDevHook [as .ts] (C:\\Users\\Administrator\\Desktop\\provisional\\apitakikids\\node_modules\\ts-node-dev\\lib\\hook.js:63:13)\n    at Module.load (node:internal/modules/cjs/loader:981:32)\n    at Function.Module._load (node:internal/modules/cjs/loader:822:12)","trace":[{"column":7,"file":"C:\\Users\\Administrator\\Desktop\\provisional\\apitakikids\\database\\repository\\RoleRepo.ts","function":null,"line":1,"method":null,"native":false},{"column":14,"file":"node:internal/modules/cjs/loader","function":"Module._compile","line":1101,"method":"_compile","native":false},{"column":25,"file":"C:\\Users\\Administrator\\Desktop\\provisional\\apitakikids\\node_modules\\source-map-support\\source-map-support.js","function":"Module._compile","line":568,"method":"_compile","native":false},{"column":33,"file":"C:\\Users\\ADMINI~1\\AppData\\Local\\Temp\\ts-node-dev-hook-5120937713855529.js","function":"Module.m._compile","line":69,"method":"_compile","native":false},{"column":10,"file":"node:internal/modules/cjs/loader","function":"Module._extensions..js","line":1153,"method":".js","native":false},{"column":20,"file":"C:\\Users\\ADMINI~1\\AppData\\Local\\Temp\\ts-node-dev-hook-5120937713855529.js","function":"require.extensions..jsx.require.extensions..js","line":114,"method":".js","native":false},{"column":20,"file":"C:\\Users\\ADMINI~1\\AppData\\Local\\Temp\\ts-node-dev-hook-5120937713855529.js","function":"require.extensions.<computed>","line":71,"method":"<computed>","native":false},{"column":13,"file":"C:\\Users\\Administrator\\Desktop\\provisional\\apitakikids\\node_modules\\ts-node-dev\\lib\\hook.js","function":"Object.nodeDevHook [as .ts]","line":63,"method":"ts]","native":false},{"column":32,"file":"node:internal/modules/cjs/loader","function":"Module.load","line":981,"method":"load","native":false},{"column":12,"file":"node:internal/modules/cjs/loader","function":"Module._load","line":822,"method":"_load","native":false}]}
{"date":"Wed May 04 2022 10:34:42 GMT+0100 (West Africa Standard Time)","error":{},"exception":true,"level":"error","message":"uncaughtException: ⨯ Unable to compile TypeScript:\n\u001b[96mdatabase/repository/RoleRepo.ts\u001b[0m:\u001b[93m8\u001b[0m:\u001b[93m12\u001b[0m - \u001b[91merror\u001b[0m\u001b[90m TS2347: \u001b[0mUntyped function calls may not accept type arguments.\r\n\r\n\u001b[7m8\u001b[0m     return Role.findOne({ code: code }).lean<RoleAttributes>().exec();\r\n\u001b[7m \u001b[0m \u001b[91m           ~~~~~~~~~~~~~~~~~~~~~~~~~~~~~~~~~~~~~~~~~~~~~~~~~~~\u001b[0m\r\n\nError: ⨯ Unable to compile TypeScript:\n\u001b[96mdatabase/repository/RoleRepo.ts\u001b[0m:\u001b[93m8\u001b[0m:\u001b[93m12\u001b[0m - \u001b[91merror\u001b[0m\u001b[90m TS2347: \u001b[0mUntyped function calls may not accept type arguments.\r\n\r\n\u001b[7m8\u001b[0m     return Role.findOne({ code: code }).lean<RoleAttributes>().exec();\r\n\u001b[7m \u001b[0m \u001b[91m           ~~~~~~~~~~~~~~~~~~~~~~~~~~~~~~~~~~~~~~~~~~~~~~~~~~~\u001b[0m\r\n\n    at Object.<anonymous> (C:\\Users\\Administrator\\Desktop\\provisional\\apitakikids\\database\\repository\\RoleRepo.ts:1:7)\n    at Module._compile (node:internal/modules/cjs/loader:1101:14)\n    at Module._compile (C:\\Users\\Administrator\\Desktop\\provisional\\apitakikids\\node_modules\\source-map-support\\source-map-support.js:568:25)\n    at Module.m._compile (C:\\Users\\ADMINI~1\\AppData\\Local\\Temp\\ts-node-dev-hook-5120937713855529.js:69:33)\n    at Module._extensions..js (node:internal/modules/cjs/loader:1153:10)\n    at require.extensions..jsx.require.extensions..js (C:\\Users\\ADMINI~1\\AppData\\Local\\Temp\\ts-node-dev-hook-5120937713855529.js:114:20)\n    at require.extensions.<computed> (C:\\Users\\ADMINI~1\\AppData\\Local\\Temp\\ts-node-dev-hook-5120937713855529.js:71:20)\n    at Object.nodeDevHook [as .ts] (C:\\Users\\Administrator\\Desktop\\provisional\\apitakikids\\node_modules\\ts-node-dev\\lib\\hook.js:63:13)\n    at Module.load (node:internal/modules/cjs/loader:981:32)\n    at Function.Module._load (node:internal/modules/cjs/loader:822:12)","os":{"loadavg":[0,0,0],"uptime":4733},"process":{"argv":["C:\\Program Files\\nodejs\\node.exe","index.ts"],"cwd":"C:\\Users\\Administrator\\Desktop\\provisional\\apitakikids","execPath":"C:\\Program Files\\nodejs\\node.exe","gid":null,"memoryUsage":{"arrayBuffers":765449,"external":5218854,"heapTotal":37322752,"heapUsed":27782288,"rss":66908160},"pid":14060,"uid":null,"version":"v16.13.1"},"stack":"Error: ⨯ Unable to compile TypeScript:\n\u001b[96mdatabase/repository/RoleRepo.ts\u001b[0m:\u001b[93m8\u001b[0m:\u001b[93m12\u001b[0m - \u001b[91merror\u001b[0m\u001b[90m TS2347: \u001b[0mUntyped function calls may not accept type arguments.\r\n\r\n\u001b[7m8\u001b[0m     return Role.findOne({ code: code }).lean<RoleAttributes>().exec();\r\n\u001b[7m \u001b[0m \u001b[91m           ~~~~~~~~~~~~~~~~~~~~~~~~~~~~~~~~~~~~~~~~~~~~~~~~~~~\u001b[0m\r\n\n    at Object.<anonymous> (C:\\Users\\Administrator\\Desktop\\provisional\\apitakikids\\database\\repository\\RoleRepo.ts:1:7)\n    at Module._compile (node:internal/modules/cjs/loader:1101:14)\n    at Module._compile (C:\\Users\\Administrator\\Desktop\\provisional\\apitakikids\\node_modules\\source-map-support\\source-map-support.js:568:25)\n    at Module.m._compile (C:\\Users\\ADMINI~1\\AppData\\Local\\Temp\\ts-node-dev-hook-5120937713855529.js:69:33)\n    at Module._extensions..js (node:internal/modules/cjs/loader:1153:10)\n    at require.extensions..jsx.require.extensions..js (C:\\Users\\ADMINI~1\\AppData\\Local\\Temp\\ts-node-dev-hook-5120937713855529.js:114:20)\n    at require.extensions.<computed> (C:\\Users\\ADMINI~1\\AppData\\Local\\Temp\\ts-node-dev-hook-5120937713855529.js:71:20)\n    at Object.nodeDevHook [as .ts] (C:\\Users\\Administrator\\Desktop\\provisional\\apitakikids\\node_modules\\ts-node-dev\\lib\\hook.js:63:13)\n    at Module.load (node:internal/modules/cjs/loader:981:32)\n    at Function.Module._load (node:internal/modules/cjs/loader:822:12)","trace":[{"column":7,"file":"C:\\Users\\Administrator\\Desktop\\provisional\\apitakikids\\database\\repository\\RoleRepo.ts","function":null,"line":1,"method":null,"native":false},{"column":14,"file":"node:internal/modules/cjs/loader","function":"Module._compile","line":1101,"method":"_compile","native":false},{"column":25,"file":"C:\\Users\\Administrator\\Desktop\\provisional\\apitakikids\\node_modules\\source-map-support\\source-map-support.js","function":"Module._compile","line":568,"method":"_compile","native":false},{"column":33,"file":"C:\\Users\\ADMINI~1\\AppData\\Local\\Temp\\ts-node-dev-hook-5120937713855529.js","function":"Module.m._compile","line":69,"method":"_compile","native":false},{"column":10,"file":"node:internal/modules/cjs/loader","function":"Module._extensions..js","line":1153,"method":".js","native":false},{"column":20,"file":"C:\\Users\\ADMINI~1\\AppData\\Local\\Temp\\ts-node-dev-hook-5120937713855529.js","function":"require.extensions..jsx.require.extensions..js","line":114,"method":".js","native":false},{"column":20,"file":"C:\\Users\\ADMINI~1\\AppData\\Local\\Temp\\ts-node-dev-hook-5120937713855529.js","function":"require.extensions.<computed>","line":71,"method":"<computed>","native":false},{"column":13,"file":"C:\\Users\\Administrator\\Desktop\\provisional\\apitakikids\\node_modules\\ts-node-dev\\lib\\hook.js","function":"Object.nodeDevHook [as .ts]","line":63,"method":"ts]","native":false},{"column":32,"file":"node:internal/modules/cjs/loader","function":"Module.load","line":981,"method":"load","native":false},{"column":12,"file":"node:internal/modules/cjs/loader","function":"Module._load","line":822,"method":"_load","native":false}]}
{"date":"Wed May 04 2022 10:34:55 GMT+0100 (West Africa Standard Time)","error":{},"exception":true,"level":"error","message":"uncaughtException: ⨯ Unable to compile TypeScript:\n\u001b[96mdatabase/repository/RoleRepo.ts\u001b[0m:\u001b[93m8\u001b[0m:\u001b[93m12\u001b[0m - \u001b[91merror\u001b[0m\u001b[90m TS2347: \u001b[0mUntyped function calls may not accept type arguments.\r\n\r\n\u001b[7m8\u001b[0m     return Role.findOne({ code: code }).lean<RoleAttributes>().exec();\r\n\u001b[7m \u001b[0m \u001b[91m           ~~~~~~~~~~~~~~~~~~~~~~~~~~~~~~~~~~~~~~~~~~~~~~~~~~~\u001b[0m\r\n\nError: ⨯ Unable to compile TypeScript:\n\u001b[96mdatabase/repository/RoleRepo.ts\u001b[0m:\u001b[93m8\u001b[0m:\u001b[93m12\u001b[0m - \u001b[91merror\u001b[0m\u001b[90m TS2347: \u001b[0mUntyped function calls may not accept type arguments.\r\n\r\n\u001b[7m8\u001b[0m     return Role.findOne({ code: code }).lean<RoleAttributes>().exec();\r\n\u001b[7m \u001b[0m \u001b[91m           ~~~~~~~~~~~~~~~~~~~~~~~~~~~~~~~~~~~~~~~~~~~~~~~~~~~\u001b[0m\r\n\n    at Object.<anonymous> (C:\\Users\\Administrator\\Desktop\\provisional\\apitakikids\\database\\repository\\RoleRepo.ts:1:7)\n    at Module._compile (node:internal/modules/cjs/loader:1101:14)\n    at Module._compile (C:\\Users\\Administrator\\Desktop\\provisional\\apitakikids\\node_modules\\source-map-support\\source-map-support.js:568:25)\n    at Module.m._compile (C:\\Users\\ADMINI~1\\AppData\\Local\\Temp\\ts-node-dev-hook-5120937713855529.js:69:33)\n    at Module._extensions..js (node:internal/modules/cjs/loader:1153:10)\n    at require.extensions..jsx.require.extensions..js (C:\\Users\\ADMINI~1\\AppData\\Local\\Temp\\ts-node-dev-hook-5120937713855529.js:114:20)\n    at require.extensions.<computed> (C:\\Users\\ADMINI~1\\AppData\\Local\\Temp\\ts-node-dev-hook-5120937713855529.js:71:20)\n    at Object.nodeDevHook [as .ts] (C:\\Users\\Administrator\\Desktop\\provisional\\apitakikids\\node_modules\\ts-node-dev\\lib\\hook.js:63:13)\n    at Module.load (node:internal/modules/cjs/loader:981:32)\n    at Function.Module._load (node:internal/modules/cjs/loader:822:12)","os":{"loadavg":[0,0,0],"uptime":4747},"process":{"argv":["C:\\Program Files\\nodejs\\node.exe","index.ts"],"cwd":"C:\\Users\\Administrator\\Desktop\\provisional\\apitakikids","execPath":"C:\\Program Files\\nodejs\\node.exe","gid":null,"memoryUsage":{"arrayBuffers":205247,"external":3038560,"heapTotal":55672832,"heapUsed":22577224,"rss":68190208},"pid":1860,"uid":null,"version":"v16.13.1"},"stack":"Error: ⨯ Unable to compile TypeScript:\n\u001b[96mdatabase/repository/RoleRepo.ts\u001b[0m:\u001b[93m8\u001b[0m:\u001b[93m12\u001b[0m - \u001b[91merror\u001b[0m\u001b[90m TS2347: \u001b[0mUntyped function calls may not accept type arguments.\r\n\r\n\u001b[7m8\u001b[0m     return Role.findOne({ code: code }).lean<RoleAttributes>().exec();\r\n\u001b[7m \u001b[0m \u001b[91m           ~~~~~~~~~~~~~~~~~~~~~~~~~~~~~~~~~~~~~~~~~~~~~~~~~~~\u001b[0m\r\n\n    at Object.<anonymous> (C:\\Users\\Administrator\\Desktop\\provisional\\apitakikids\\database\\repository\\RoleRepo.ts:1:7)\n    at Module._compile (node:internal/modules/cjs/loader:1101:14)\n    at Module._compile (C:\\Users\\Administrator\\Desktop\\provisional\\apitakikids\\node_modules\\source-map-support\\source-map-support.js:568:25)\n    at Module.m._compile (C:\\Users\\ADMINI~1\\AppData\\Local\\Temp\\ts-node-dev-hook-5120937713855529.js:69:33)\n    at Module._extensions..js (node:internal/modules/cjs/loader:1153:10)\n    at require.extensions..jsx.require.extensions..js (C:\\Users\\ADMINI~1\\AppData\\Local\\Temp\\ts-node-dev-hook-5120937713855529.js:114:20)\n    at require.extensions.<computed> (C:\\Users\\ADMINI~1\\AppData\\Local\\Temp\\ts-node-dev-hook-5120937713855529.js:71:20)\n    at Object.nodeDevHook [as .ts] (C:\\Users\\Administrator\\Desktop\\provisional\\apitakikids\\node_modules\\ts-node-dev\\lib\\hook.js:63:13)\n    at Module.load (node:internal/modules/cjs/loader:981:32)\n    at Function.Module._load (node:internal/modules/cjs/loader:822:12)","trace":[{"column":7,"file":"C:\\Users\\Administrator\\Desktop\\provisional\\apitakikids\\database\\repository\\RoleRepo.ts","function":null,"line":1,"method":null,"native":false},{"column":14,"file":"node:internal/modules/cjs/loader","function":"Module._compile","line":1101,"method":"_compile","native":false},{"column":25,"file":"C:\\Users\\Administrator\\Desktop\\provisional\\apitakikids\\node_modules\\source-map-support\\source-map-support.js","function":"Module._compile","line":568,"method":"_compile","native":false},{"column":33,"file":"C:\\Users\\ADMINI~1\\AppData\\Local\\Temp\\ts-node-dev-hook-5120937713855529.js","function":"Module.m._compile","line":69,"method":"_compile","native":false},{"column":10,"file":"node:internal/modules/cjs/loader","function":"Module._extensions..js","line":1153,"method":".js","native":false},{"column":20,"file":"C:\\Users\\ADMINI~1\\AppData\\Local\\Temp\\ts-node-dev-hook-5120937713855529.js","function":"require.extensions..jsx.require.extensions..js","line":114,"method":".js","native":false},{"column":20,"file":"C:\\Users\\ADMINI~1\\AppData\\Local\\Temp\\ts-node-dev-hook-5120937713855529.js","function":"require.extensions.<computed>","line":71,"method":"<computed>","native":false},{"column":13,"file":"C:\\Users\\Administrator\\Desktop\\provisional\\apitakikids\\node_modules\\ts-node-dev\\lib\\hook.js","function":"Object.nodeDevHook [as .ts]","line":63,"method":"ts]","native":false},{"column":32,"file":"node:internal/modules/cjs/loader","function":"Module.load","line":981,"method":"load","native":false},{"column":12,"file":"node:internal/modules/cjs/loader","function":"Module._load","line":822,"method":"_load","native":false}]}
{"date":"Wed May 04 2022 10:38:39 GMT+0100 (West Africa Standard Time)","error":{},"exception":true,"level":"error","message":"uncaughtException: ⨯ Unable to compile TypeScript:\n\u001b[96mdatabase/repository/RoleRepo.ts\u001b[0m:\u001b[93m10\u001b[0m:\u001b[93m12\u001b[0m - \u001b[91merror\u001b[0m\u001b[90m TS2347: \u001b[0mUntyped function calls may not accept type arguments.\r\n\r\n\u001b[7m10\u001b[0m     return Role.findOne({ code: code }).lean<RoleAttributes>().exec();\r\n\u001b[7m  \u001b[0m \u001b[91m           ~~~~~~~~~~~~~~~~~~~~~~~~~~~~~~~~~~~~~~~~~~~~~~~~~~~\u001b[0m\r\n\nError: ⨯ Unable to compile TypeScript:\n\u001b[96mdatabase/repository/RoleRepo.ts\u001b[0m:\u001b[93m10\u001b[0m:\u001b[93m12\u001b[0m - \u001b[91merror\u001b[0m\u001b[90m TS2347: \u001b[0mUntyped function calls may not accept type arguments.\r\n\r\n\u001b[7m10\u001b[0m     return Role.findOne({ code: code }).lean<RoleAttributes>().exec();\r\n\u001b[7m  \u001b[0m \u001b[91m           ~~~~~~~~~~~~~~~~~~~~~~~~~~~~~~~~~~~~~~~~~~~~~~~~~~~\u001b[0m\r\n\n    at Object.<anonymous> (C:\\Users\\Administrator\\Desktop\\provisional\\apitakikids\\database\\repository\\RoleRepo.ts:1:7)\n    at Module._compile (node:internal/modules/cjs/loader:1101:14)\n    at Module._compile (C:\\Users\\Administrator\\Desktop\\provisional\\apitakikids\\node_modules\\source-map-support\\source-map-support.js:568:25)\n    at Module.m._compile (C:\\Users\\ADMINI~1\\AppData\\Local\\Temp\\ts-node-dev-hook-5120937713855529.js:69:33)\n    at Module._extensions..js (node:internal/modules/cjs/loader:1153:10)\n    at require.extensions..jsx.require.extensions..js (C:\\Users\\ADMINI~1\\AppData\\Local\\Temp\\ts-node-dev-hook-5120937713855529.js:114:20)\n    at require.extensions.<computed> (C:\\Users\\ADMINI~1\\AppData\\Local\\Temp\\ts-node-dev-hook-5120937713855529.js:71:20)\n    at Object.nodeDevHook [as .ts] (C:\\Users\\Administrator\\Desktop\\provisional\\apitakikids\\node_modules\\ts-node-dev\\lib\\hook.js:63:13)\n    at Module.load (node:internal/modules/cjs/loader:981:32)\n    at Function.Module._load (node:internal/modules/cjs/loader:822:12)","os":{"loadavg":[0,0,0],"uptime":4971},"process":{"argv":["C:\\Program Files\\nodejs\\node.exe","index.ts"],"cwd":"C:\\Users\\Administrator\\Desktop\\provisional\\apitakikids","execPath":"C:\\Program Files\\nodejs\\node.exe","gid":null,"memoryUsage":{"arrayBuffers":205250,"external":3038560,"heapTotal":55410688,"heapUsed":22492040,"rss":68177920},"pid":7112,"uid":null,"version":"v16.13.1"},"stack":"Error: ⨯ Unable to compile TypeScript:\n\u001b[96mdatabase/repository/RoleRepo.ts\u001b[0m:\u001b[93m10\u001b[0m:\u001b[93m12\u001b[0m - \u001b[91merror\u001b[0m\u001b[90m TS2347: \u001b[0mUntyped function calls may not accept type arguments.\r\n\r\n\u001b[7m10\u001b[0m     return Role.findOne({ code: code }).lean<RoleAttributes>().exec();\r\n\u001b[7m  \u001b[0m \u001b[91m           ~~~~~~~~~~~~~~~~~~~~~~~~~~~~~~~~~~~~~~~~~~~~~~~~~~~\u001b[0m\r\n\n    at Object.<anonymous> (C:\\Users\\Administrator\\Desktop\\provisional\\apitakikids\\database\\repository\\RoleRepo.ts:1:7)\n    at Module._compile (node:internal/modules/cjs/loader:1101:14)\n    at Module._compile (C:\\Users\\Administrator\\Desktop\\provisional\\apitakikids\\node_modules\\source-map-support\\source-map-support.js:568:25)\n    at Module.m._compile (C:\\Users\\ADMINI~1\\AppData\\Local\\Temp\\ts-node-dev-hook-5120937713855529.js:69:33)\n    at Module._extensions..js (node:internal/modules/cjs/loader:1153:10)\n    at require.extensions..jsx.require.extensions..js (C:\\Users\\ADMINI~1\\AppData\\Local\\Temp\\ts-node-dev-hook-5120937713855529.js:114:20)\n    at require.extensions.<computed> (C:\\Users\\ADMINI~1\\AppData\\Local\\Temp\\ts-node-dev-hook-5120937713855529.js:71:20)\n    at Object.nodeDevHook [as .ts] (C:\\Users\\Administrator\\Desktop\\provisional\\apitakikids\\node_modules\\ts-node-dev\\lib\\hook.js:63:13)\n    at Module.load (node:internal/modules/cjs/loader:981:32)\n    at Function.Module._load (node:internal/modules/cjs/loader:822:12)","trace":[{"column":7,"file":"C:\\Users\\Administrator\\Desktop\\provisional\\apitakikids\\database\\repository\\RoleRepo.ts","function":null,"line":1,"method":null,"native":false},{"column":14,"file":"node:internal/modules/cjs/loader","function":"Module._compile","line":1101,"method":"_compile","native":false},{"column":25,"file":"C:\\Users\\Administrator\\Desktop\\provisional\\apitakikids\\node_modules\\source-map-support\\source-map-support.js","function":"Module._compile","line":568,"method":"_compile","native":false},{"column":33,"file":"C:\\Users\\ADMINI~1\\AppData\\Local\\Temp\\ts-node-dev-hook-5120937713855529.js","function":"Module.m._compile","line":69,"method":"_compile","native":false},{"column":10,"file":"node:internal/modules/cjs/loader","function":"Module._extensions..js","line":1153,"method":".js","native":false},{"column":20,"file":"C:\\Users\\ADMINI~1\\AppData\\Local\\Temp\\ts-node-dev-hook-5120937713855529.js","function":"require.extensions..jsx.require.extensions..js","line":114,"method":".js","native":false},{"column":20,"file":"C:\\Users\\ADMINI~1\\AppData\\Local\\Temp\\ts-node-dev-hook-5120937713855529.js","function":"require.extensions.<computed>","line":71,"method":"<computed>","native":false},{"column":13,"file":"C:\\Users\\Administrator\\Desktop\\provisional\\apitakikids\\node_modules\\ts-node-dev\\lib\\hook.js","function":"Object.nodeDevHook [as .ts]","line":63,"method":"ts]","native":false},{"column":32,"file":"node:internal/modules/cjs/loader","function":"Module.load","line":981,"method":"load","native":false},{"column":12,"file":"node:internal/modules/cjs/loader","function":"Module._load","line":822,"method":"_load","native":false}]}
{"date":"Wed May 04 2022 10:38:55 GMT+0100 (West Africa Standard Time)","error":{},"exception":true,"level":"error","message":"uncaughtException: ⨯ Unable to compile TypeScript:\n\u001b[96mdatabase/repository/RoleRepo.ts\u001b[0m:\u001b[93m10\u001b[0m:\u001b[93m12\u001b[0m - \u001b[91merror\u001b[0m\u001b[90m TS2347: \u001b[0mUntyped function calls may not accept type arguments.\r\n\r\n\u001b[7m10\u001b[0m     return Role.findOne({ code: code }).lean<RoleAttributes>().exec();\r\n\u001b[7m  \u001b[0m \u001b[91m           ~~~~~~~~~~~~~~~~~~~~~~~~~~~~~~~~~~~~~~~~~~~~~~~~~~~\u001b[0m\r\n\nError: ⨯ Unable to compile TypeScript:\n\u001b[96mdatabase/repository/RoleRepo.ts\u001b[0m:\u001b[93m10\u001b[0m:\u001b[93m12\u001b[0m - \u001b[91merror\u001b[0m\u001b[90m TS2347: \u001b[0mUntyped function calls may not accept type arguments.\r\n\r\n\u001b[7m10\u001b[0m     return Role.findOne({ code: code }).lean<RoleAttributes>().exec();\r\n\u001b[7m  \u001b[0m \u001b[91m           ~~~~~~~~~~~~~~~~~~~~~~~~~~~~~~~~~~~~~~~~~~~~~~~~~~~\u001b[0m\r\n\n    at Object.<anonymous> (C:\\Users\\Administrator\\Desktop\\provisional\\apitakikids\\database\\repository\\RoleRepo.ts:1:7)\n    at Module._compile (node:internal/modules/cjs/loader:1101:14)\n    at Module._compile (C:\\Users\\Administrator\\Desktop\\provisional\\apitakikids\\node_modules\\source-map-support\\source-map-support.js:568:25)\n    at Module.m._compile (C:\\Users\\ADMINI~1\\AppData\\Local\\Temp\\ts-node-dev-hook-3216236239943182.js:69:33)\n    at Module._extensions..js (node:internal/modules/cjs/loader:1153:10)\n    at require.extensions..jsx.require.extensions..js (C:\\Users\\ADMINI~1\\AppData\\Local\\Temp\\ts-node-dev-hook-3216236239943182.js:114:20)\n    at require.extensions.<computed> (C:\\Users\\ADMINI~1\\AppData\\Local\\Temp\\ts-node-dev-hook-3216236239943182.js:71:20)\n    at Object.nodeDevHook [as .ts] (C:\\Users\\Administrator\\Desktop\\provisional\\apitakikids\\node_modules\\ts-node-dev\\lib\\hook.js:63:13)\n    at Module.load (node:internal/modules/cjs/loader:981:32)\n    at Function.Module._load (node:internal/modules/cjs/loader:822:12)","os":{"loadavg":[0,0,0],"uptime":4987},"process":{"argv":["C:\\Program Files\\nodejs\\node.exe","index.ts"],"cwd":"C:\\Users\\Administrator\\Desktop\\provisional\\apitakikids","execPath":"C:\\Program Files\\nodejs\\node.exe","gid":null,"memoryUsage":{"arrayBuffers":632921,"external":2104364,"heapTotal":55148544,"heapUsed":31637248,"rss":84377600},"pid":3556,"uid":null,"version":"v16.13.1"},"stack":"Error: ⨯ Unable to compile TypeScript:\n\u001b[96mdatabase/repository/RoleRepo.ts\u001b[0m:\u001b[93m10\u001b[0m:\u001b[93m12\u001b[0m - \u001b[91merror\u001b[0m\u001b[90m TS2347: \u001b[0mUntyped function calls may not accept type arguments.\r\n\r\n\u001b[7m10\u001b[0m     return Role.findOne({ code: code }).lean<RoleAttributes>().exec();\r\n\u001b[7m  \u001b[0m \u001b[91m           ~~~~~~~~~~~~~~~~~~~~~~~~~~~~~~~~~~~~~~~~~~~~~~~~~~~\u001b[0m\r\n\n    at Object.<anonymous> (C:\\Users\\Administrator\\Desktop\\provisional\\apitakikids\\database\\repository\\RoleRepo.ts:1:7)\n    at Module._compile (node:internal/modules/cjs/loader:1101:14)\n    at Module._compile (C:\\Users\\Administrator\\Desktop\\provisional\\apitakikids\\node_modules\\source-map-support\\source-map-support.js:568:25)\n    at Module.m._compile (C:\\Users\\ADMINI~1\\AppData\\Local\\Temp\\ts-node-dev-hook-3216236239943182.js:69:33)\n    at Module._extensions..js (node:internal/modules/cjs/loader:1153:10)\n    at require.extensions..jsx.require.extensions..js (C:\\Users\\ADMINI~1\\AppData\\Local\\Temp\\ts-node-dev-hook-3216236239943182.js:114:20)\n    at require.extensions.<computed> (C:\\Users\\ADMINI~1\\AppData\\Local\\Temp\\ts-node-dev-hook-3216236239943182.js:71:20)\n    at Object.nodeDevHook [as .ts] (C:\\Users\\Administrator\\Desktop\\provisional\\apitakikids\\node_modules\\ts-node-dev\\lib\\hook.js:63:13)\n    at Module.load (node:internal/modules/cjs/loader:981:32)\n    at Function.Module._load (node:internal/modules/cjs/loader:822:12)","trace":[{"column":7,"file":"C:\\Users\\Administrator\\Desktop\\provisional\\apitakikids\\database\\repository\\RoleRepo.ts","function":null,"line":1,"method":null,"native":false},{"column":14,"file":"node:internal/modules/cjs/loader","function":"Module._compile","line":1101,"method":"_compile","native":false},{"column":25,"file":"C:\\Users\\Administrator\\Desktop\\provisional\\apitakikids\\node_modules\\source-map-support\\source-map-support.js","function":"Module._compile","line":568,"method":"_compile","native":false},{"column":33,"file":"C:\\Users\\ADMINI~1\\AppData\\Local\\Temp\\ts-node-dev-hook-3216236239943182.js","function":"Module.m._compile","line":69,"method":"_compile","native":false},{"column":10,"file":"node:internal/modules/cjs/loader","function":"Module._extensions..js","line":1153,"method":".js","native":false},{"column":20,"file":"C:\\Users\\ADMINI~1\\AppData\\Local\\Temp\\ts-node-dev-hook-3216236239943182.js","function":"require.extensions..jsx.require.extensions..js","line":114,"method":".js","native":false},{"column":20,"file":"C:\\Users\\ADMINI~1\\AppData\\Local\\Temp\\ts-node-dev-hook-3216236239943182.js","function":"require.extensions.<computed>","line":71,"method":"<computed>","native":false},{"column":13,"file":"C:\\Users\\Administrator\\Desktop\\provisional\\apitakikids\\node_modules\\ts-node-dev\\lib\\hook.js","function":"Object.nodeDevHook [as .ts]","line":63,"method":"ts]","native":false},{"column":32,"file":"node:internal/modules/cjs/loader","function":"Module.load","line":981,"method":"load","native":false},{"column":12,"file":"node:internal/modules/cjs/loader","function":"Module._load","line":822,"method":"_load","native":false}]}
{"date":"Wed May 04 2022 10:39:09 GMT+0100 (West Africa Standard Time)","error":{},"exception":true,"level":"error","message":"uncaughtException: ⨯ Unable to compile TypeScript:\n\u001b[96mdatabase/repository/RoleRepo.ts\u001b[0m:\u001b[93m10\u001b[0m:\u001b[93m12\u001b[0m - \u001b[91merror\u001b[0m\u001b[90m TS2347: \u001b[0mUntyped function calls may not accept type arguments.\r\n\r\n\u001b[7m10\u001b[0m     return Role.findOne({ code: code }).lean<RoleAttributes>().exec();\r\n\u001b[7m  \u001b[0m \u001b[91m           ~~~~~~~~~~~~~~~~~~~~~~~~~~~~~~~~~~~~~~~~~~~~~~~~~~~\u001b[0m\r\n\nError: ⨯ Unable to compile TypeScript:\n\u001b[96mdatabase/repository/RoleRepo.ts\u001b[0m:\u001b[93m10\u001b[0m:\u001b[93m12\u001b[0m - \u001b[91merror\u001b[0m\u001b[90m TS2347: \u001b[0mUntyped function calls may not accept type arguments.\r\n\r\n\u001b[7m10\u001b[0m     return Role.findOne({ code: code }).lean<RoleAttributes>().exec();\r\n\u001b[7m  \u001b[0m \u001b[91m           ~~~~~~~~~~~~~~~~~~~~~~~~~~~~~~~~~~~~~~~~~~~~~~~~~~~\u001b[0m\r\n\n    at Object.<anonymous> (C:\\Users\\Administrator\\Desktop\\provisional\\apitakikids\\database\\repository\\RoleRepo.ts:1:7)\n    at Module._compile (node:internal/modules/cjs/loader:1101:14)\n    at Module._compile (C:\\Users\\Administrator\\Desktop\\provisional\\apitakikids\\node_modules\\source-map-support\\source-map-support.js:568:25)\n    at Module.m._compile (C:\\Users\\ADMINI~1\\AppData\\Local\\Temp\\ts-node-dev-hook-3216236239943182.js:69:33)\n    at Module._extensions..js (node:internal/modules/cjs/loader:1153:10)\n    at require.extensions..jsx.require.extensions..js (C:\\Users\\ADMINI~1\\AppData\\Local\\Temp\\ts-node-dev-hook-3216236239943182.js:114:20)\n    at require.extensions.<computed> (C:\\Users\\ADMINI~1\\AppData\\Local\\Temp\\ts-node-dev-hook-3216236239943182.js:71:20)\n    at Object.nodeDevHook [as .ts] (C:\\Users\\Administrator\\Desktop\\provisional\\apitakikids\\node_modules\\ts-node-dev\\lib\\hook.js:63:13)\n    at Module.load (node:internal/modules/cjs/loader:981:32)\n    at Function.Module._load (node:internal/modules/cjs/loader:822:12)","os":{"loadavg":[0,0,0],"uptime":5001},"process":{"argv":["C:\\Program Files\\nodejs\\node.exe","index.ts"],"cwd":"C:\\Users\\Administrator\\Desktop\\provisional\\apitakikids","execPath":"C:\\Program Files\\nodejs\\node.exe","gid":null,"memoryUsage":{"arrayBuffers":711491,"external":5218952,"heapTotal":37322752,"heapUsed":27195512,"rss":66822144},"pid":11788,"uid":null,"version":"v16.13.1"},"stack":"Error: ⨯ Unable to compile TypeScript:\n\u001b[96mdatabase/repository/RoleRepo.ts\u001b[0m:\u001b[93m10\u001b[0m:\u001b[93m12\u001b[0m - \u001b[91merror\u001b[0m\u001b[90m TS2347: \u001b[0mUntyped function calls may not accept type arguments.\r\n\r\n\u001b[7m10\u001b[0m     return Role.findOne({ code: code }).lean<RoleAttributes>().exec();\r\n\u001b[7m  \u001b[0m \u001b[91m           ~~~~~~~~~~~~~~~~~~~~~~~~~~~~~~~~~~~~~~~~~~~~~~~~~~~\u001b[0m\r\n\n    at Object.<anonymous> (C:\\Users\\Administrator\\Desktop\\provisional\\apitakikids\\database\\repository\\RoleRepo.ts:1:7)\n    at Module._compile (node:internal/modules/cjs/loader:1101:14)\n    at Module._compile (C:\\Users\\Administrator\\Desktop\\provisional\\apitakikids\\node_modules\\source-map-support\\source-map-support.js:568:25)\n    at Module.m._compile (C:\\Users\\ADMINI~1\\AppData\\Local\\Temp\\ts-node-dev-hook-3216236239943182.js:69:33)\n    at Module._extensions..js (node:internal/modules/cjs/loader:1153:10)\n    at require.extensions..jsx.require.extensions..js (C:\\Users\\ADMINI~1\\AppData\\Local\\Temp\\ts-node-dev-hook-3216236239943182.js:114:20)\n    at require.extensions.<computed> (C:\\Users\\ADMINI~1\\AppData\\Local\\Temp\\ts-node-dev-hook-3216236239943182.js:71:20)\n    at Object.nodeDevHook [as .ts] (C:\\Users\\Administrator\\Desktop\\provisional\\apitakikids\\node_modules\\ts-node-dev\\lib\\hook.js:63:13)\n    at Module.load (node:internal/modules/cjs/loader:981:32)\n    at Function.Module._load (node:internal/modules/cjs/loader:822:12)","trace":[{"column":7,"file":"C:\\Users\\Administrator\\Desktop\\provisional\\apitakikids\\database\\repository\\RoleRepo.ts","function":null,"line":1,"method":null,"native":false},{"column":14,"file":"node:internal/modules/cjs/loader","function":"Module._compile","line":1101,"method":"_compile","native":false},{"column":25,"file":"C:\\Users\\Administrator\\Desktop\\provisional\\apitakikids\\node_modules\\source-map-support\\source-map-support.js","function":"Module._compile","line":568,"method":"_compile","native":false},{"column":33,"file":"C:\\Users\\ADMINI~1\\AppData\\Local\\Temp\\ts-node-dev-hook-3216236239943182.js","function":"Module.m._compile","line":69,"method":"_compile","native":false},{"column":10,"file":"node:internal/modules/cjs/loader","function":"Module._extensions..js","line":1153,"method":".js","native":false},{"column":20,"file":"C:\\Users\\ADMINI~1\\AppData\\Local\\Temp\\ts-node-dev-hook-3216236239943182.js","function":"require.extensions..jsx.require.extensions..js","line":114,"method":".js","native":false},{"column":20,"file":"C:\\Users\\ADMINI~1\\AppData\\Local\\Temp\\ts-node-dev-hook-3216236239943182.js","function":"require.extensions.<computed>","line":71,"method":"<computed>","native":false},{"column":13,"file":"C:\\Users\\Administrator\\Desktop\\provisional\\apitakikids\\node_modules\\ts-node-dev\\lib\\hook.js","function":"Object.nodeDevHook [as .ts]","line":63,"method":"ts]","native":false},{"column":32,"file":"node:internal/modules/cjs/loader","function":"Module.load","line":981,"method":"load","native":false},{"column":12,"file":"node:internal/modules/cjs/loader","function":"Module._load","line":822,"method":"_load","native":false}]}
{"date":"Wed May 04 2022 10:39:16 GMT+0100 (West Africa Standard Time)","error":{},"exception":true,"level":"error","message":"uncaughtException: ⨯ Unable to compile TypeScript:\n\u001b[96mdatabase/repository/RoleRepo.ts\u001b[0m:\u001b[93m8\u001b[0m:\u001b[93m12\u001b[0m - \u001b[91merror\u001b[0m\u001b[90m TS2347: \u001b[0mUntyped function calls may not accept type arguments.\r\n\r\n\u001b[7m8\u001b[0m     return Role.findOne({ code: code }).lean<RoleAttributes>().exec();\r\n\u001b[7m \u001b[0m \u001b[91m           ~~~~~~~~~~~~~~~~~~~~~~~~~~~~~~~~~~~~~~~~~~~~~~~~~~~\u001b[0m\r\n\nError: ⨯ Unable to compile TypeScript:\n\u001b[96mdatabase/repository/RoleRepo.ts\u001b[0m:\u001b[93m8\u001b[0m:\u001b[93m12\u001b[0m - \u001b[91merror\u001b[0m\u001b[90m TS2347: \u001b[0mUntyped function calls may not accept type arguments.\r\n\r\n\u001b[7m8\u001b[0m     return Role.findOne({ code: code }).lean<RoleAttributes>().exec();\r\n\u001b[7m \u001b[0m \u001b[91m           ~~~~~~~~~~~~~~~~~~~~~~~~~~~~~~~~~~~~~~~~~~~~~~~~~~~\u001b[0m\r\n\n    at Object.<anonymous> (C:\\Users\\Administrator\\Desktop\\provisional\\apitakikids\\database\\repository\\RoleRepo.ts:1:7)\n    at Module._compile (node:internal/modules/cjs/loader:1101:14)\n    at Module._compile (C:\\Users\\Administrator\\Desktop\\provisional\\apitakikids\\node_modules\\source-map-support\\source-map-support.js:568:25)\n    at Module.m._compile (C:\\Users\\ADMINI~1\\AppData\\Local\\Temp\\ts-node-dev-hook-3216236239943182.js:69:33)\n    at Module._extensions..js (node:internal/modules/cjs/loader:1153:10)\n    at require.extensions..jsx.require.extensions..js (C:\\Users\\ADMINI~1\\AppData\\Local\\Temp\\ts-node-dev-hook-3216236239943182.js:114:20)\n    at require.extensions.<computed> (C:\\Users\\ADMINI~1\\AppData\\Local\\Temp\\ts-node-dev-hook-3216236239943182.js:71:20)\n    at Object.nodeDevHook [as .ts] (C:\\Users\\Administrator\\Desktop\\provisional\\apitakikids\\node_modules\\ts-node-dev\\lib\\hook.js:63:13)\n    at Module.load (node:internal/modules/cjs/loader:981:32)\n    at Function.Module._load (node:internal/modules/cjs/loader:822:12)","os":{"loadavg":[0,0,0],"uptime":5008},"process":{"argv":["C:\\Program Files\\nodejs\\node.exe","index.ts"],"cwd":"C:\\Users\\Administrator\\Desktop\\provisional\\apitakikids","execPath":"C:\\Program Files\\nodejs\\node.exe","gid":null,"memoryUsage":{"arrayBuffers":756789,"external":3038560,"heapTotal":37322752,"heapUsed":27772000,"rss":66756608},"pid":9720,"uid":null,"version":"v16.13.1"},"stack":"Error: ⨯ Unable to compile TypeScript:\n\u001b[96mdatabase/repository/RoleRepo.ts\u001b[0m:\u001b[93m8\u001b[0m:\u001b[93m12\u001b[0m - \u001b[91merror\u001b[0m\u001b[90m TS2347: \u001b[0mUntyped function calls may not accept type arguments.\r\n\r\n\u001b[7m8\u001b[0m     return Role.findOne({ code: code }).lean<RoleAttributes>().exec();\r\n\u001b[7m \u001b[0m \u001b[91m           ~~~~~~~~~~~~~~~~~~~~~~~~~~~~~~~~~~~~~~~~~~~~~~~~~~~\u001b[0m\r\n\n    at Object.<anonymous> (C:\\Users\\Administrator\\Desktop\\provisional\\apitakikids\\database\\repository\\RoleRepo.ts:1:7)\n    at Module._compile (node:internal/modules/cjs/loader:1101:14)\n    at Module._compile (C:\\Users\\Administrator\\Desktop\\provisional\\apitakikids\\node_modules\\source-map-support\\source-map-support.js:568:25)\n    at Module.m._compile (C:\\Users\\ADMINI~1\\AppData\\Local\\Temp\\ts-node-dev-hook-3216236239943182.js:69:33)\n    at Module._extensions..js (node:internal/modules/cjs/loader:1153:10)\n    at require.extensions..jsx.require.extensions..js (C:\\Users\\ADMINI~1\\AppData\\Local\\Temp\\ts-node-dev-hook-3216236239943182.js:114:20)\n    at require.extensions.<computed> (C:\\Users\\ADMINI~1\\AppData\\Local\\Temp\\ts-node-dev-hook-3216236239943182.js:71:20)\n    at Object.nodeDevHook [as .ts] (C:\\Users\\Administrator\\Desktop\\provisional\\apitakikids\\node_modules\\ts-node-dev\\lib\\hook.js:63:13)\n    at Module.load (node:internal/modules/cjs/loader:981:32)\n    at Function.Module._load (node:internal/modules/cjs/loader:822:12)","trace":[{"column":7,"file":"C:\\Users\\Administrator\\Desktop\\provisional\\apitakikids\\database\\repository\\RoleRepo.ts","function":null,"line":1,"method":null,"native":false},{"column":14,"file":"node:internal/modules/cjs/loader","function":"Module._compile","line":1101,"method":"_compile","native":false},{"column":25,"file":"C:\\Users\\Administrator\\Desktop\\provisional\\apitakikids\\node_modules\\source-map-support\\source-map-support.js","function":"Module._compile","line":568,"method":"_compile","native":false},{"column":33,"file":"C:\\Users\\ADMINI~1\\AppData\\Local\\Temp\\ts-node-dev-hook-3216236239943182.js","function":"Module.m._compile","line":69,"method":"_compile","native":false},{"column":10,"file":"node:internal/modules/cjs/loader","function":"Module._extensions..js","line":1153,"method":".js","native":false},{"column":20,"file":"C:\\Users\\ADMINI~1\\AppData\\Local\\Temp\\ts-node-dev-hook-3216236239943182.js","function":"require.extensions..jsx.require.extensions..js","line":114,"method":".js","native":false},{"column":20,"file":"C:\\Users\\ADMINI~1\\AppData\\Local\\Temp\\ts-node-dev-hook-3216236239943182.js","function":"require.extensions.<computed>","line":71,"method":"<computed>","native":false},{"column":13,"file":"C:\\Users\\Administrator\\Desktop\\provisional\\apitakikids\\node_modules\\ts-node-dev\\lib\\hook.js","function":"Object.nodeDevHook [as .ts]","line":63,"method":"ts]","native":false},{"column":32,"file":"node:internal/modules/cjs/loader","function":"Module.load","line":981,"method":"load","native":false},{"column":12,"file":"node:internal/modules/cjs/loader","function":"Module._load","line":822,"method":"_load","native":false}]}
{"date":"Wed May 04 2022 10:39:20 GMT+0100 (West Africa Standard Time)","error":{},"exception":true,"level":"error","message":"uncaughtException: ⨯ Unable to compile TypeScript:\n\u001b[96mdatabase/repository/RoleRepo.ts\u001b[0m:\u001b[93m7\u001b[0m:\u001b[93m12\u001b[0m - \u001b[91merror\u001b[0m\u001b[90m TS2347: \u001b[0mUntyped function calls may not accept type arguments.\r\n\r\n\u001b[7m7\u001b[0m     return Role.findOne({ code: code }).lean<RoleAttributes>().exec();\r\n\u001b[7m \u001b[0m \u001b[91m           ~~~~~~~~~~~~~~~~~~~~~~~~~~~~~~~~~~~~~~~~~~~~~~~~~~~\u001b[0m\r\n\nError: ⨯ Unable to compile TypeScript:\n\u001b[96mdatabase/repository/RoleRepo.ts\u001b[0m:\u001b[93m7\u001b[0m:\u001b[93m12\u001b[0m - \u001b[91merror\u001b[0m\u001b[90m TS2347: \u001b[0mUntyped function calls may not accept type arguments.\r\n\r\n\u001b[7m7\u001b[0m     return Role.findOne({ code: code }).lean<RoleAttributes>().exec();\r\n\u001b[7m \u001b[0m \u001b[91m           ~~~~~~~~~~~~~~~~~~~~~~~~~~~~~~~~~~~~~~~~~~~~~~~~~~~\u001b[0m\r\n\n    at Object.<anonymous> (C:\\Users\\Administrator\\Desktop\\provisional\\apitakikids\\database\\repository\\RoleRepo.ts:1:7)\n    at Module._compile (node:internal/modules/cjs/loader:1101:14)\n    at Module._compile (C:\\Users\\Administrator\\Desktop\\provisional\\apitakikids\\node_modules\\source-map-support\\source-map-support.js:568:25)\n    at Module.m._compile (C:\\Users\\ADMINI~1\\AppData\\Local\\Temp\\ts-node-dev-hook-3216236239943182.js:69:33)\n    at Module._extensions..js (node:internal/modules/cjs/loader:1153:10)\n    at require.extensions..jsx.require.extensions..js (C:\\Users\\ADMINI~1\\AppData\\Local\\Temp\\ts-node-dev-hook-3216236239943182.js:114:20)\n    at require.extensions.<computed> (C:\\Users\\ADMINI~1\\AppData\\Local\\Temp\\ts-node-dev-hook-3216236239943182.js:71:20)\n    at Object.nodeDevHook [as .ts] (C:\\Users\\Administrator\\Desktop\\provisional\\apitakikids\\node_modules\\ts-node-dev\\lib\\hook.js:63:13)\n    at Module.load (node:internal/modules/cjs/loader:981:32)\n    at Function.Module._load (node:internal/modules/cjs/loader:822:12)","os":{"loadavg":[0,0,0],"uptime":5011},"process":{"argv":["C:\\Program Files\\nodejs\\node.exe","index.ts"],"cwd":"C:\\Users\\Administrator\\Desktop\\provisional\\apitakikids","execPath":"C:\\Program Files\\nodejs\\node.exe","gid":null,"memoryUsage":{"arrayBuffers":194994,"external":5218952,"heapTotal":55672832,"heapUsed":22449384,"rss":68366336},"pid":13812,"uid":null,"version":"v16.13.1"},"stack":"Error: ⨯ Unable to compile TypeScript:\n\u001b[96mdatabase/repository/RoleRepo.ts\u001b[0m:\u001b[93m7\u001b[0m:\u001b[93m12\u001b[0m - \u001b[91merror\u001b[0m\u001b[90m TS2347: \u001b[0mUntyped function calls may not accept type arguments.\r\n\r\n\u001b[7m7\u001b[0m     return Role.findOne({ code: code }).lean<RoleAttributes>().exec();\r\n\u001b[7m \u001b[0m \u001b[91m           ~~~~~~~~~~~~~~~~~~~~~~~~~~~~~~~~~~~~~~~~~~~~~~~~~~~\u001b[0m\r\n\n    at Object.<anonymous> (C:\\Users\\Administrator\\Desktop\\provisional\\apitakikids\\database\\repository\\RoleRepo.ts:1:7)\n    at Module._compile (node:internal/modules/cjs/loader:1101:14)\n    at Module._compile (C:\\Users\\Administrator\\Desktop\\provisional\\apitakikids\\node_modules\\source-map-support\\source-map-support.js:568:25)\n    at Module.m._compile (C:\\Users\\ADMINI~1\\AppData\\Local\\Temp\\ts-node-dev-hook-3216236239943182.js:69:33)\n    at Module._extensions..js (node:internal/modules/cjs/loader:1153:10)\n    at require.extensions..jsx.require.extensions..js (C:\\Users\\ADMINI~1\\AppData\\Local\\Temp\\ts-node-dev-hook-3216236239943182.js:114:20)\n    at require.extensions.<computed> (C:\\Users\\ADMINI~1\\AppData\\Local\\Temp\\ts-node-dev-hook-3216236239943182.js:71:20)\n    at Object.nodeDevHook [as .ts] (C:\\Users\\Administrator\\Desktop\\provisional\\apitakikids\\node_modules\\ts-node-dev\\lib\\hook.js:63:13)\n    at Module.load (node:internal/modules/cjs/loader:981:32)\n    at Function.Module._load (node:internal/modules/cjs/loader:822:12)","trace":[{"column":7,"file":"C:\\Users\\Administrator\\Desktop\\provisional\\apitakikids\\database\\repository\\RoleRepo.ts","function":null,"line":1,"method":null,"native":false},{"column":14,"file":"node:internal/modules/cjs/loader","function":"Module._compile","line":1101,"method":"_compile","native":false},{"column":25,"file":"C:\\Users\\Administrator\\Desktop\\provisional\\apitakikids\\node_modules\\source-map-support\\source-map-support.js","function":"Module._compile","line":568,"method":"_compile","native":false},{"column":33,"file":"C:\\Users\\ADMINI~1\\AppData\\Local\\Temp\\ts-node-dev-hook-3216236239943182.js","function":"Module.m._compile","line":69,"method":"_compile","native":false},{"column":10,"file":"node:internal/modules/cjs/loader","function":"Module._extensions..js","line":1153,"method":".js","native":false},{"column":20,"file":"C:\\Users\\ADMINI~1\\AppData\\Local\\Temp\\ts-node-dev-hook-3216236239943182.js","function":"require.extensions..jsx.require.extensions..js","line":114,"method":".js","native":false},{"column":20,"file":"C:\\Users\\ADMINI~1\\AppData\\Local\\Temp\\ts-node-dev-hook-3216236239943182.js","function":"require.extensions.<computed>","line":71,"method":"<computed>","native":false},{"column":13,"file":"C:\\Users\\Administrator\\Desktop\\provisional\\apitakikids\\node_modules\\ts-node-dev\\lib\\hook.js","function":"Object.nodeDevHook [as .ts]","line":63,"method":"ts]","native":false},{"column":32,"file":"node:internal/modules/cjs/loader","function":"Module.load","line":981,"method":"load","native":false},{"column":12,"file":"node:internal/modules/cjs/loader","function":"Module._load","line":822,"method":"_load","native":false}]}
{"date":"Wed May 04 2022 10:40:16 GMT+0100 (West Africa Standard Time)","error":{},"exception":true,"level":"error","message":"uncaughtException: ⨯ Unable to compile TypeScript:\n\u001b[96mdatabase/repository/RoleRepo.ts\u001b[0m:\u001b[93m7\u001b[0m:\u001b[93m12\u001b[0m - \u001b[91merror\u001b[0m\u001b[90m TS2347: \u001b[0mUntyped function calls may not accept type arguments.\r\n\r\n\u001b[7m7\u001b[0m     return Role.findOne( code ).lean<RoleAttributes>().exec();\r\n\u001b[7m \u001b[0m \u001b[91m           ~~~~~~~~~~~~~~~~~~~~~~~~~~~~~~~~~~~~~~~~~~~\u001b[0m\r\n\nError: ⨯ Unable to compile TypeScript:\n\u001b[96mdatabase/repository/RoleRepo.ts\u001b[0m:\u001b[93m7\u001b[0m:\u001b[93m12\u001b[0m - \u001b[91merror\u001b[0m\u001b[90m TS2347: \u001b[0mUntyped function calls may not accept type arguments.\r\n\r\n\u001b[7m7\u001b[0m     return Role.findOne( code ).lean<RoleAttributes>().exec();\r\n\u001b[7m \u001b[0m \u001b[91m           ~~~~~~~~~~~~~~~~~~~~~~~~~~~~~~~~~~~~~~~~~~~\u001b[0m\r\n\n    at Object.<anonymous> (C:\\Users\\Administrator\\Desktop\\provisional\\apitakikids\\database\\repository\\RoleRepo.ts:1:7)\n    at Module._compile (node:internal/modules/cjs/loader:1101:14)\n    at Module._compile (C:\\Users\\Administrator\\Desktop\\provisional\\apitakikids\\node_modules\\source-map-support\\source-map-support.js:568:25)\n    at Module.m._compile (C:\\Users\\ADMINI~1\\AppData\\Local\\Temp\\ts-node-dev-hook-3216236239943182.js:69:33)\n    at Module._extensions..js (node:internal/modules/cjs/loader:1153:10)\n    at require.extensions..jsx.require.extensions..js (C:\\Users\\ADMINI~1\\AppData\\Local\\Temp\\ts-node-dev-hook-3216236239943182.js:114:20)\n    at require.extensions.<computed> (C:\\Users\\ADMINI~1\\AppData\\Local\\Temp\\ts-node-dev-hook-3216236239943182.js:71:20)\n    at Object.nodeDevHook [as .ts] (C:\\Users\\Administrator\\Desktop\\provisional\\apitakikids\\node_modules\\ts-node-dev\\lib\\hook.js:63:13)\n    at Module.load (node:internal/modules/cjs/loader:981:32)\n    at Function.Module._load (node:internal/modules/cjs/loader:822:12)","os":{"loadavg":[0,0,0],"uptime":5068},"process":{"argv":["C:\\Program Files\\nodejs\\node.exe","index.ts"],"cwd":"C:\\Users\\Administrator\\Desktop\\provisional\\apitakikids","execPath":"C:\\Program Files\\nodejs\\node.exe","gid":null,"memoryUsage":{"arrayBuffers":180921,"external":2473567,"heapTotal":55672832,"heapUsed":22281024,"rss":68210688},"pid":4400,"uid":null,"version":"v16.13.1"},"stack":"Error: ⨯ Unable to compile TypeScript:\n\u001b[96mdatabase/repository/RoleRepo.ts\u001b[0m:\u001b[93m7\u001b[0m:\u001b[93m12\u001b[0m - \u001b[91merror\u001b[0m\u001b[90m TS2347: \u001b[0mUntyped function calls may not accept type arguments.\r\n\r\n\u001b[7m7\u001b[0m     return Role.findOne( code ).lean<RoleAttributes>().exec();\r\n\u001b[7m \u001b[0m \u001b[91m           ~~~~~~~~~~~~~~~~~~~~~~~~~~~~~~~~~~~~~~~~~~~\u001b[0m\r\n\n    at Object.<anonymous> (C:\\Users\\Administrator\\Desktop\\provisional\\apitakikids\\database\\repository\\RoleRepo.ts:1:7)\n    at Module._compile (node:internal/modules/cjs/loader:1101:14)\n    at Module._compile (C:\\Users\\Administrator\\Desktop\\provisional\\apitakikids\\node_modules\\source-map-support\\source-map-support.js:568:25)\n    at Module.m._compile (C:\\Users\\ADMINI~1\\AppData\\Local\\Temp\\ts-node-dev-hook-3216236239943182.js:69:33)\n    at Module._extensions..js (node:internal/modules/cjs/loader:1153:10)\n    at require.extensions..jsx.require.extensions..js (C:\\Users\\ADMINI~1\\AppData\\Local\\Temp\\ts-node-dev-hook-3216236239943182.js:114:20)\n    at require.extensions.<computed> (C:\\Users\\ADMINI~1\\AppData\\Local\\Temp\\ts-node-dev-hook-3216236239943182.js:71:20)\n    at Object.nodeDevHook [as .ts] (C:\\Users\\Administrator\\Desktop\\provisional\\apitakikids\\node_modules\\ts-node-dev\\lib\\hook.js:63:13)\n    at Module.load (node:internal/modules/cjs/loader:981:32)\n    at Function.Module._load (node:internal/modules/cjs/loader:822:12)","trace":[{"column":7,"file":"C:\\Users\\Administrator\\Desktop\\provisional\\apitakikids\\database\\repository\\RoleRepo.ts","function":null,"line":1,"method":null,"native":false},{"column":14,"file":"node:internal/modules/cjs/loader","function":"Module._compile","line":1101,"method":"_compile","native":false},{"column":25,"file":"C:\\Users\\Administrator\\Desktop\\provisional\\apitakikids\\node_modules\\source-map-support\\source-map-support.js","function":"Module._compile","line":568,"method":"_compile","native":false},{"column":33,"file":"C:\\Users\\ADMINI~1\\AppData\\Local\\Temp\\ts-node-dev-hook-3216236239943182.js","function":"Module.m._compile","line":69,"method":"_compile","native":false},{"column":10,"file":"node:internal/modules/cjs/loader","function":"Module._extensions..js","line":1153,"method":".js","native":false},{"column":20,"file":"C:\\Users\\ADMINI~1\\AppData\\Local\\Temp\\ts-node-dev-hook-3216236239943182.js","function":"require.extensions..jsx.require.extensions..js","line":114,"method":".js","native":false},{"column":20,"file":"C:\\Users\\ADMINI~1\\AppData\\Local\\Temp\\ts-node-dev-hook-3216236239943182.js","function":"require.extensions.<computed>","line":71,"method":"<computed>","native":false},{"column":13,"file":"C:\\Users\\Administrator\\Desktop\\provisional\\apitakikids\\node_modules\\ts-node-dev\\lib\\hook.js","function":"Object.nodeDevHook [as .ts]","line":63,"method":"ts]","native":false},{"column":32,"file":"node:internal/modules/cjs/loader","function":"Module.load","line":981,"method":"load","native":false},{"column":12,"file":"node:internal/modules/cjs/loader","function":"Module._load","line":822,"method":"_load","native":false}]}
{"date":"Wed May 04 2022 10:41:52 GMT+0100 (West Africa Standard Time)","error":{"address":"::","code":"EADDRINUSE","errno":-4091,"port":5000,"syscall":"listen"},"exception":true,"level":"error","message":"uncaughtException: listen EADDRINUSE: address already in use :::5000\nError: listen EADDRINUSE: address already in use :::5000\n    at Server.setupListenHandle [as _listen2] (node:net:1334:16)\n    at listenInCluster (node:net:1382:12)\n    at Server.listen (node:net:1469:7)\n    at Function.listen (C:\\Users\\Administrator\\Desktop\\provisional\\apitakikids\\node_modules\\express\\lib\\application.js:618:24)\n    at Object.<anonymous> (C:\\Users\\Administrator\\Desktop\\provisional\\apitakikids\\index.ts:14:5)\n    at Module._compile (node:internal/modules/cjs/loader:1101:14)\n    at Module._compile (C:\\Users\\Administrator\\Desktop\\provisional\\apitakikids\\node_modules\\source-map-support\\source-map-support.js:568:25)\n    at Module.m._compile (C:\\Users\\ADMINI~1\\AppData\\Local\\Temp\\ts-node-dev-hook-3216236239943182.js:69:33)\n    at Module._extensions..js (node:internal/modules/cjs/loader:1153:10)\n    at require.extensions..jsx.require.extensions..js (C:\\Users\\ADMINI~1\\AppData\\Local\\Temp\\ts-node-dev-hook-3216236239943182.js:114:20)","os":{"loadavg":[0,0,0],"uptime":5164},"process":{"argv":["C:\\Program Files\\nodejs\\node.exe","index.ts"],"cwd":"C:\\Users\\Administrator\\Desktop\\provisional\\apitakikids","execPath":"C:\\Program Files\\nodejs\\node.exe","gid":null,"memoryUsage":{"arrayBuffers":253773,"external":5612554,"heapTotal":59080704,"heapUsed":29322272,"rss":88547328},"pid":500,"uid":null,"version":"v16.13.1"},"stack":"Error: listen EADDRINUSE: address already in use :::5000\n    at Server.setupListenHandle [as _listen2] (node:net:1334:16)\n    at listenInCluster (node:net:1382:12)\n    at Server.listen (node:net:1469:7)\n    at Function.listen (C:\\Users\\Administrator\\Desktop\\provisional\\apitakikids\\node_modules\\express\\lib\\application.js:618:24)\n    at Object.<anonymous> (C:\\Users\\Administrator\\Desktop\\provisional\\apitakikids\\index.ts:14:5)\n    at Module._compile (node:internal/modules/cjs/loader:1101:14)\n    at Module._compile (C:\\Users\\Administrator\\Desktop\\provisional\\apitakikids\\node_modules\\source-map-support\\source-map-support.js:568:25)\n    at Module.m._compile (C:\\Users\\ADMINI~1\\AppData\\Local\\Temp\\ts-node-dev-hook-3216236239943182.js:69:33)\n    at Module._extensions..js (node:internal/modules/cjs/loader:1153:10)\n    at require.extensions..jsx.require.extensions..js (C:\\Users\\ADMINI~1\\AppData\\Local\\Temp\\ts-node-dev-hook-3216236239943182.js:114:20)","trace":[{"column":16,"file":"node:net","function":"Server.setupListenHandle [as _listen2]","line":1334,"method":"setupListenHandle [as _listen2]","native":false},{"column":12,"file":"node:net","function":"listenInCluster","line":1382,"method":null,"native":false},{"column":7,"file":"node:net","function":"Server.listen","line":1469,"method":"listen","native":false},{"column":24,"file":"C:\\Users\\Administrator\\Desktop\\provisional\\apitakikids\\node_modules\\express\\lib\\application.js","function":"Function.listen","line":618,"method":"listen","native":false},{"column":5,"file":"C:\\Users\\Administrator\\Desktop\\provisional\\apitakikids\\index.ts","function":null,"line":14,"method":null,"native":false},{"column":14,"file":"node:internal/modules/cjs/loader","function":"Module._compile","line":1101,"method":"_compile","native":false},{"column":25,"file":"C:\\Users\\Administrator\\Desktop\\provisional\\apitakikids\\node_modules\\source-map-support\\source-map-support.js","function":"Module._compile","line":568,"method":"_compile","native":false},{"column":33,"file":"C:\\Users\\ADMINI~1\\AppData\\Local\\Temp\\ts-node-dev-hook-3216236239943182.js","function":"Module.m._compile","line":69,"method":"_compile","native":false},{"column":10,"file":"node:internal/modules/cjs/loader","function":"Module._extensions..js","line":1153,"method":".js","native":false},{"column":20,"file":"C:\\Users\\ADMINI~1\\AppData\\Local\\Temp\\ts-node-dev-hook-3216236239943182.js","function":"require.extensions..jsx.require.extensions..js","line":114,"method":".js","native":false}]}
{"date":"Wed May 04 2022 11:08:39 GMT+0100 (West Africa Standard Time)","error":{},"exception":true,"level":"error","message":"uncaughtException: ⨯ Unable to compile TypeScript:\n\u001b[96mdatabase/repository/KeystoreRepo.ts\u001b[0m:\u001b[93m1\u001b[0m:\u001b[93m26\u001b[0m - \u001b[91merror\u001b[0m\u001b[90m TS2306: \u001b[0mFile 'C:/Users/Administrator/Desktop/provisional/apitakikids/models/index.ts' is not a module.\r\n\r\n\u001b[7m1\u001b[0m import { keystore } from \"../../models\";\r\n\u001b[7m \u001b[0m \u001b[91m                         ~~~~~~~~~~~~~~\u001b[0m\r\n\u001b[96mdatabase/repository/KeystoreRepo.ts\u001b[0m:\u001b[93m6\u001b[0m:\u001b[93m12\u001b[0m - \u001b[91merror\u001b[0m\u001b[90m TS2552: \u001b[0mCannot find name 'Keystore'. Did you mean 'keystore'?\r\n\r\n\u001b[7m6\u001b[0m     return Keystore.findOne({ client: client, primaryKey: key, status: true }).exec();\r\n\u001b[7m \u001b[0m \u001b[91m           ~~~~~~~~\u001b[0m\r\n\u001b[96mdatabase/repository/KeystoreRepo.ts\u001b[0m:\u001b[93m13\u001b[0m:\u001b[93m28\u001b[0m - \u001b[91merror\u001b[0m\u001b[90m TS2552: \u001b[0mCannot find name 'Keystore'. Did you mean 'keystore'?\r\n\r\n\u001b[7m13\u001b[0m     const keystore = await Keystore.create({\r\n\u001b[7m  \u001b[0m \u001b[91m                           ~~~~~~~~\u001b[0m\r\n\r\n  \u001b[96mdatabase/repository/KeystoreRepo.ts\u001b[0m:\u001b[93m13\u001b[0m:\u001b[93m11\u001b[0m\r\n    \u001b[7m13\u001b[0m     const keystore = await Keystore.create({\r\n    \u001b[7m  \u001b[0m \u001b[96m          ~~~~~~~~\u001b[0m\r\n    'keystore' is declared here.\r\n\nError: ⨯ Unable to compile TypeScript:\n\u001b[96mdatabase/repository/KeystoreRepo.ts\u001b[0m:\u001b[93m1\u001b[0m:\u001b[93m26\u001b[0m - \u001b[91merror\u001b[0m\u001b[90m TS2306: \u001b[0mFile 'C:/Users/Administrator/Desktop/provisional/apitakikids/models/index.ts' is not a module.\r\n\r\n\u001b[7m1\u001b[0m import { keystore } from \"../../models\";\r\n\u001b[7m \u001b[0m \u001b[91m                         ~~~~~~~~~~~~~~\u001b[0m\r\n\u001b[96mdatabase/repository/KeystoreRepo.ts\u001b[0m:\u001b[93m6\u001b[0m:\u001b[93m12\u001b[0m - \u001b[91merror\u001b[0m\u001b[90m TS2552: \u001b[0mCannot find name 'Keystore'. Did you mean 'keystore'?\r\n\r\n\u001b[7m6\u001b[0m     return Keystore.findOne({ client: client, primaryKey: key, status: true }).exec();\r\n\u001b[7m \u001b[0m \u001b[91m           ~~~~~~~~\u001b[0m\r\n\u001b[96mdatabase/repository/KeystoreRepo.ts\u001b[0m:\u001b[93m13\u001b[0m:\u001b[93m28\u001b[0m - \u001b[91merror\u001b[0m\u001b[90m TS2552: \u001b[0mCannot find name 'Keystore'. Did you mean 'keystore'?\r\n\r\n\u001b[7m13\u001b[0m     const keystore = await Keystore.create({\r\n\u001b[7m  \u001b[0m \u001b[91m                           ~~~~~~~~\u001b[0m\r\n\r\n  \u001b[96mdatabase/repository/KeystoreRepo.ts\u001b[0m:\u001b[93m13\u001b[0m:\u001b[93m11\u001b[0m\r\n    \u001b[7m13\u001b[0m     const keystore = await Keystore.create({\r\n    \u001b[7m  \u001b[0m \u001b[96m          ~~~~~~~~\u001b[0m\r\n    'keystore' is declared here.\r\n\n    at Object.<anonymous> (C:\\Users\\Administrator\\Desktop\\provisional\\apitakikids\\database\\repository\\KeystoreRepo.ts:1:7)\n    at Module._compile (node:internal/modules/cjs/loader:1101:14)\n    at Module._compile (C:\\Users\\Administrator\\Desktop\\provisional\\apitakikids\\node_modules\\source-map-support\\source-map-support.js:568:25)\n    at Module.m._compile (C:\\Users\\ADMINI~1\\AppData\\Local\\Temp\\ts-node-dev-hook-002665108686377815.js:69:33)\n    at Module._extensions..js (node:internal/modules/cjs/loader:1153:10)\n    at require.extensions..jsx.require.extensions..js (C:\\Users\\ADMINI~1\\AppData\\Local\\Temp\\ts-node-dev-hook-002665108686377815.js:114:20)\n    at require.extensions.<computed> (C:\\Users\\ADMINI~1\\AppData\\Local\\Temp\\ts-node-dev-hook-002665108686377815.js:71:20)\n    at Object.nodeDevHook [as .ts] (C:\\Users\\Administrator\\Desktop\\provisional\\apitakikids\\node_modules\\ts-node-dev\\lib\\hook.js:63:13)\n    at Module.load (node:internal/modules/cjs/loader:981:32)\n    at Function.Module._load (node:internal/modules/cjs/loader:822:12)","os":{"loadavg":[0,0,0],"uptime":6771},"process":{"argv":["C:\\Program Files\\nodejs\\node.exe","index.ts"],"cwd":"C:\\Users\\Administrator\\Desktop\\provisional\\apitakikids","execPath":"C:\\Program Files\\nodejs\\node.exe","gid":null,"memoryUsage":{"arrayBuffers":726944,"external":3010847,"heapTotal":37322752,"heapUsed":27369280,"rss":64380928},"pid":14196,"uid":null,"version":"v16.13.1"},"stack":"Error: ⨯ Unable to compile TypeScript:\n\u001b[96mdatabase/repository/KeystoreRepo.ts\u001b[0m:\u001b[93m1\u001b[0m:\u001b[93m26\u001b[0m - \u001b[91merror\u001b[0m\u001b[90m TS2306: \u001b[0mFile 'C:/Users/Administrator/Desktop/provisional/apitakikids/models/index.ts' is not a module.\r\n\r\n\u001b[7m1\u001b[0m import { keystore } from \"../../models\";\r\n\u001b[7m \u001b[0m \u001b[91m                         ~~~~~~~~~~~~~~\u001b[0m\r\n\u001b[96mdatabase/repository/KeystoreRepo.ts\u001b[0m:\u001b[93m6\u001b[0m:\u001b[93m12\u001b[0m - \u001b[91merror\u001b[0m\u001b[90m TS2552: \u001b[0mCannot find name 'Keystore'. Did you mean 'keystore'?\r\n\r\n\u001b[7m6\u001b[0m     return Keystore.findOne({ client: client, primaryKey: key, status: true }).exec();\r\n\u001b[7m \u001b[0m \u001b[91m           ~~~~~~~~\u001b[0m\r\n\u001b[96mdatabase/repository/KeystoreRepo.ts\u001b[0m:\u001b[93m13\u001b[0m:\u001b[93m28\u001b[0m - \u001b[91merror\u001b[0m\u001b[90m TS2552: \u001b[0mCannot find name 'Keystore'. Did you mean 'keystore'?\r\n\r\n\u001b[7m13\u001b[0m     const keystore = await Keystore.create({\r\n\u001b[7m  \u001b[0m \u001b[91m                           ~~~~~~~~\u001b[0m\r\n\r\n  \u001b[96mdatabase/repository/KeystoreRepo.ts\u001b[0m:\u001b[93m13\u001b[0m:\u001b[93m11\u001b[0m\r\n    \u001b[7m13\u001b[0m     const keystore = await Keystore.create({\r\n    \u001b[7m  \u001b[0m \u001b[96m          ~~~~~~~~\u001b[0m\r\n    'keystore' is declared here.\r\n\n    at Object.<anonymous> (C:\\Users\\Administrator\\Desktop\\provisional\\apitakikids\\database\\repository\\KeystoreRepo.ts:1:7)\n    at Module._compile (node:internal/modules/cjs/loader:1101:14)\n    at Module._compile (C:\\Users\\Administrator\\Desktop\\provisional\\apitakikids\\node_modules\\source-map-support\\source-map-support.js:568:25)\n    at Module.m._compile (C:\\Users\\ADMINI~1\\AppData\\Local\\Temp\\ts-node-dev-hook-002665108686377815.js:69:33)\n    at Module._extensions..js (node:internal/modules/cjs/loader:1153:10)\n    at require.extensions..jsx.require.extensions..js (C:\\Users\\ADMINI~1\\AppData\\Local\\Temp\\ts-node-dev-hook-002665108686377815.js:114:20)\n    at require.extensions.<computed> (C:\\Users\\ADMINI~1\\AppData\\Local\\Temp\\ts-node-dev-hook-002665108686377815.js:71:20)\n    at Object.nodeDevHook [as .ts] (C:\\Users\\Administrator\\Desktop\\provisional\\apitakikids\\node_modules\\ts-node-dev\\lib\\hook.js:63:13)\n    at Module.load (node:internal/modules/cjs/loader:981:32)\n    at Function.Module._load (node:internal/modules/cjs/loader:822:12)","trace":[{"column":7,"file":"C:\\Users\\Administrator\\Desktop\\provisional\\apitakikids\\database\\repository\\KeystoreRepo.ts","function":null,"line":1,"method":null,"native":false},{"column":14,"file":"node:internal/modules/cjs/loader","function":"Module._compile","line":1101,"method":"_compile","native":false},{"column":25,"file":"C:\\Users\\Administrator\\Desktop\\provisional\\apitakikids\\node_modules\\source-map-support\\source-map-support.js","function":"Module._compile","line":568,"method":"_compile","native":false},{"column":33,"file":"C:\\Users\\ADMINI~1\\AppData\\Local\\Temp\\ts-node-dev-hook-002665108686377815.js","function":"Module.m._compile","line":69,"method":"_compile","native":false},{"column":10,"file":"node:internal/modules/cjs/loader","function":"Module._extensions..js","line":1153,"method":".js","native":false},{"column":20,"file":"C:\\Users\\ADMINI~1\\AppData\\Local\\Temp\\ts-node-dev-hook-002665108686377815.js","function":"require.extensions..jsx.require.extensions..js","line":114,"method":".js","native":false},{"column":20,"file":"C:\\Users\\ADMINI~1\\AppData\\Local\\Temp\\ts-node-dev-hook-002665108686377815.js","function":"require.extensions.<computed>","line":71,"method":"<computed>","native":false},{"column":13,"file":"C:\\Users\\Administrator\\Desktop\\provisional\\apitakikids\\node_modules\\ts-node-dev\\lib\\hook.js","function":"Object.nodeDevHook [as .ts]","line":63,"method":"ts]","native":false},{"column":32,"file":"node:internal/modules/cjs/loader","function":"Module.load","line":981,"method":"load","native":false},{"column":12,"file":"node:internal/modules/cjs/loader","function":"Module._load","line":822,"method":"_load","native":false}]}
{"date":"Wed May 04 2022 11:08:47 GMT+0100 (West Africa Standard Time)","error":{},"exception":true,"level":"error","message":"uncaughtException: ⨯ Unable to compile TypeScript:\n\u001b[96mdatabase/repository/KeystoreRepo.ts\u001b[0m:\u001b[93m1\u001b[0m:\u001b[93m26\u001b[0m - \u001b[91merror\u001b[0m\u001b[90m TS2306: \u001b[0mFile 'C:/Users/Administrator/Desktop/provisional/apitakikids/models/index.ts' is not a module.\r\n\r\n\u001b[7m1\u001b[0m import { Keystore } from \"../../models\";\r\n\u001b[7m \u001b[0m \u001b[91m                         ~~~~~~~~~~~~~~\u001b[0m\r\n\nError: ⨯ Unable to compile TypeScript:\n\u001b[96mdatabase/repository/KeystoreRepo.ts\u001b[0m:\u001b[93m1\u001b[0m:\u001b[93m26\u001b[0m - \u001b[91merror\u001b[0m\u001b[90m TS2306: \u001b[0mFile 'C:/Users/Administrator/Desktop/provisional/apitakikids/models/index.ts' is not a module.\r\n\r\n\u001b[7m1\u001b[0m import { Keystore } from \"../../models\";\r\n\u001b[7m \u001b[0m \u001b[91m                         ~~~~~~~~~~~~~~\u001b[0m\r\n\n    at Object.<anonymous> (C:\\Users\\Administrator\\Desktop\\provisional\\apitakikids\\database\\repository\\KeystoreRepo.ts:1:7)\n    at Module._compile (node:internal/modules/cjs/loader:1101:14)\n    at Module._compile (C:\\Users\\Administrator\\Desktop\\provisional\\apitakikids\\node_modules\\source-map-support\\source-map-support.js:568:25)\n    at Module.m._compile (C:\\Users\\ADMINI~1\\AppData\\Local\\Temp\\ts-node-dev-hook-002665108686377815.js:69:33)\n    at Module._extensions..js (node:internal/modules/cjs/loader:1153:10)\n    at require.extensions..jsx.require.extensions..js (C:\\Users\\ADMINI~1\\AppData\\Local\\Temp\\ts-node-dev-hook-002665108686377815.js:114:20)\n    at require.extensions.<computed> (C:\\Users\\ADMINI~1\\AppData\\Local\\Temp\\ts-node-dev-hook-002665108686377815.js:71:20)\n    at Object.nodeDevHook [as .ts] (C:\\Users\\Administrator\\Desktop\\provisional\\apitakikids\\node_modules\\ts-node-dev\\lib\\hook.js:63:13)\n    at Module.load (node:internal/modules/cjs/loader:981:32)\n    at Function.Module._load (node:internal/modules/cjs/loader:822:12)","os":{"loadavg":[0,0,0],"uptime":6779},"process":{"argv":["C:\\Program Files\\nodejs\\node.exe","index.ts"],"cwd":"C:\\Users\\Administrator\\Desktop\\provisional\\apitakikids","execPath":"C:\\Program Files\\nodejs\\node.exe","gid":null,"memoryUsage":{"arrayBuffers":538592,"external":5191243,"heapTotal":54624256,"heapUsed":25366592,"rss":65134592},"pid":8048,"uid":null,"version":"v16.13.1"},"stack":"Error: ⨯ Unable to compile TypeScript:\n\u001b[96mdatabase/repository/KeystoreRepo.ts\u001b[0m:\u001b[93m1\u001b[0m:\u001b[93m26\u001b[0m - \u001b[91merror\u001b[0m\u001b[90m TS2306: \u001b[0mFile 'C:/Users/Administrator/Desktop/provisional/apitakikids/models/index.ts' is not a module.\r\n\r\n\u001b[7m1\u001b[0m import { Keystore } from \"../../models\";\r\n\u001b[7m \u001b[0m \u001b[91m                         ~~~~~~~~~~~~~~\u001b[0m\r\n\n    at Object.<anonymous> (C:\\Users\\Administrator\\Desktop\\provisional\\apitakikids\\database\\repository\\KeystoreRepo.ts:1:7)\n    at Module._compile (node:internal/modules/cjs/loader:1101:14)\n    at Module._compile (C:\\Users\\Administrator\\Desktop\\provisional\\apitakikids\\node_modules\\source-map-support\\source-map-support.js:568:25)\n    at Module.m._compile (C:\\Users\\ADMINI~1\\AppData\\Local\\Temp\\ts-node-dev-hook-002665108686377815.js:69:33)\n    at Module._extensions..js (node:internal/modules/cjs/loader:1153:10)\n    at require.extensions..jsx.require.extensions..js (C:\\Users\\ADMINI~1\\AppData\\Local\\Temp\\ts-node-dev-hook-002665108686377815.js:114:20)\n    at require.extensions.<computed> (C:\\Users\\ADMINI~1\\AppData\\Local\\Temp\\ts-node-dev-hook-002665108686377815.js:71:20)\n    at Object.nodeDevHook [as .ts] (C:\\Users\\Administrator\\Desktop\\provisional\\apitakikids\\node_modules\\ts-node-dev\\lib\\hook.js:63:13)\n    at Module.load (node:internal/modules/cjs/loader:981:32)\n    at Function.Module._load (node:internal/modules/cjs/loader:822:12)","trace":[{"column":7,"file":"C:\\Users\\Administrator\\Desktop\\provisional\\apitakikids\\database\\repository\\KeystoreRepo.ts","function":null,"line":1,"method":null,"native":false},{"column":14,"file":"node:internal/modules/cjs/loader","function":"Module._compile","line":1101,"method":"_compile","native":false},{"column":25,"file":"C:\\Users\\Administrator\\Desktop\\provisional\\apitakikids\\node_modules\\source-map-support\\source-map-support.js","function":"Module._compile","line":568,"method":"_compile","native":false},{"column":33,"file":"C:\\Users\\ADMINI~1\\AppData\\Local\\Temp\\ts-node-dev-hook-002665108686377815.js","function":"Module.m._compile","line":69,"method":"_compile","native":false},{"column":10,"file":"node:internal/modules/cjs/loader","function":"Module._extensions..js","line":1153,"method":".js","native":false},{"column":20,"file":"C:\\Users\\ADMINI~1\\AppData\\Local\\Temp\\ts-node-dev-hook-002665108686377815.js","function":"require.extensions..jsx.require.extensions..js","line":114,"method":".js","native":false},{"column":20,"file":"C:\\Users\\ADMINI~1\\AppData\\Local\\Temp\\ts-node-dev-hook-002665108686377815.js","function":"require.extensions.<computed>","line":71,"method":"<computed>","native":false},{"column":13,"file":"C:\\Users\\Administrator\\Desktop\\provisional\\apitakikids\\node_modules\\ts-node-dev\\lib\\hook.js","function":"Object.nodeDevHook [as .ts]","line":63,"method":"ts]","native":false},{"column":32,"file":"node:internal/modules/cjs/loader","function":"Module.load","line":981,"method":"load","native":false},{"column":12,"file":"node:internal/modules/cjs/loader","function":"Module._load","line":822,"method":"_load","native":false}]}
{"date":"Wed May 04 2022 11:09:17 GMT+0100 (West Africa Standard Time)","error":{},"exception":true,"level":"error","message":"uncaughtException: ⨯ Unable to compile TypeScript:\n\u001b[96mdatabase/repository/KeystoreRepo.ts\u001b[0m:\u001b[93m1\u001b[0m:\u001b[93m10\u001b[0m - \u001b[91merror\u001b[0m\u001b[90m TS2614: \u001b[0mModule '\"../../models/keystore\"' has no exported member 'Keystore'. Did you mean to use 'import Keystore from \"../../models/keystore\"' instead?\r\n\r\n\u001b[7m1\u001b[0m import { Keystore } from \"../../models/keystore\";\r\n\u001b[7m \u001b[0m \u001b[91m         ~~~~~~~~\u001b[0m\r\n\nError: ⨯ Unable to compile TypeScript:\n\u001b[96mdatabase/repository/KeystoreRepo.ts\u001b[0m:\u001b[93m1\u001b[0m:\u001b[93m10\u001b[0m - \u001b[91merror\u001b[0m\u001b[90m TS2614: \u001b[0mModule '\"../../models/keystore\"' has no exported member 'Keystore'. Did you mean to use 'import Keystore from \"../../models/keystore\"' instead?\r\n\r\n\u001b[7m1\u001b[0m import { Keystore } from \"../../models/keystore\";\r\n\u001b[7m \u001b[0m \u001b[91m         ~~~~~~~~\u001b[0m\r\n\n    at Object.<anonymous> (C:\\Users\\Administrator\\Desktop\\provisional\\apitakikids\\database\\repository\\KeystoreRepo.ts:1:7)\n    at Module._compile (node:internal/modules/cjs/loader:1101:14)\n    at Module._compile (C:\\Users\\Administrator\\Desktop\\provisional\\apitakikids\\node_modules\\source-map-support\\source-map-support.js:568:25)\n    at Module.m._compile (C:\\Users\\ADMINI~1\\AppData\\Local\\Temp\\ts-node-dev-hook-002665108686377815.js:69:33)\n    at Module._extensions..js (node:internal/modules/cjs/loader:1153:10)\n    at require.extensions..jsx.require.extensions..js (C:\\Users\\ADMINI~1\\AppData\\Local\\Temp\\ts-node-dev-hook-002665108686377815.js:114:20)\n    at require.extensions.<computed> (C:\\Users\\ADMINI~1\\AppData\\Local\\Temp\\ts-node-dev-hook-002665108686377815.js:71:20)\n    at Object.nodeDevHook [as .ts] (C:\\Users\\Administrator\\Desktop\\provisional\\apitakikids\\node_modules\\ts-node-dev\\lib\\hook.js:63:13)\n    at Module.load (node:internal/modules/cjs/loader:981:32)\n    at Function.Module._load (node:internal/modules/cjs/loader:822:12)","os":{"loadavg":[0,0,0],"uptime":6809},"process":{"argv":["C:\\Program Files\\nodejs\\node.exe","index.ts"],"cwd":"C:\\Users\\Administrator\\Desktop\\provisional\\apitakikids","execPath":"C:\\Program Files\\nodejs\\node.exe","gid":null,"memoryUsage":{"arrayBuffers":635027,"external":2437662,"heapTotal":54099968,"heapUsed":25794632,"rss":63840256},"pid":13748,"uid":null,"version":"v16.13.1"},"stack":"Error: ⨯ Unable to compile TypeScript:\n\u001b[96mdatabase/repository/KeystoreRepo.ts\u001b[0m:\u001b[93m1\u001b[0m:\u001b[93m10\u001b[0m - \u001b[91merror\u001b[0m\u001b[90m TS2614: \u001b[0mModule '\"../../models/keystore\"' has no exported member 'Keystore'. Did you mean to use 'import Keystore from \"../../models/keystore\"' instead?\r\n\r\n\u001b[7m1\u001b[0m import { Keystore } from \"../../models/keystore\";\r\n\u001b[7m \u001b[0m \u001b[91m         ~~~~~~~~\u001b[0m\r\n\n    at Object.<anonymous> (C:\\Users\\Administrator\\Desktop\\provisional\\apitakikids\\database\\repository\\KeystoreRepo.ts:1:7)\n    at Module._compile (node:internal/modules/cjs/loader:1101:14)\n    at Module._compile (C:\\Users\\Administrator\\Desktop\\provisional\\apitakikids\\node_modules\\source-map-support\\source-map-support.js:568:25)\n    at Module.m._compile (C:\\Users\\ADMINI~1\\AppData\\Local\\Temp\\ts-node-dev-hook-002665108686377815.js:69:33)\n    at Module._extensions..js (node:internal/modules/cjs/loader:1153:10)\n    at require.extensions..jsx.require.extensions..js (C:\\Users\\ADMINI~1\\AppData\\Local\\Temp\\ts-node-dev-hook-002665108686377815.js:114:20)\n    at require.extensions.<computed> (C:\\Users\\ADMINI~1\\AppData\\Local\\Temp\\ts-node-dev-hook-002665108686377815.js:71:20)\n    at Object.nodeDevHook [as .ts] (C:\\Users\\Administrator\\Desktop\\provisional\\apitakikids\\node_modules\\ts-node-dev\\lib\\hook.js:63:13)\n    at Module.load (node:internal/modules/cjs/loader:981:32)\n    at Function.Module._load (node:internal/modules/cjs/loader:822:12)","trace":[{"column":7,"file":"C:\\Users\\Administrator\\Desktop\\provisional\\apitakikids\\database\\repository\\KeystoreRepo.ts","function":null,"line":1,"method":null,"native":false},{"column":14,"file":"node:internal/modules/cjs/loader","function":"Module._compile","line":1101,"method":"_compile","native":false},{"column":25,"file":"C:\\Users\\Administrator\\Desktop\\provisional\\apitakikids\\node_modules\\source-map-support\\source-map-support.js","function":"Module._compile","line":568,"method":"_compile","native":false},{"column":33,"file":"C:\\Users\\ADMINI~1\\AppData\\Local\\Temp\\ts-node-dev-hook-002665108686377815.js","function":"Module.m._compile","line":69,"method":"_compile","native":false},{"column":10,"file":"node:internal/modules/cjs/loader","function":"Module._extensions..js","line":1153,"method":".js","native":false},{"column":20,"file":"C:\\Users\\ADMINI~1\\AppData\\Local\\Temp\\ts-node-dev-hook-002665108686377815.js","function":"require.extensions..jsx.require.extensions..js","line":114,"method":".js","native":false},{"column":20,"file":"C:\\Users\\ADMINI~1\\AppData\\Local\\Temp\\ts-node-dev-hook-002665108686377815.js","function":"require.extensions.<computed>","line":71,"method":"<computed>","native":false},{"column":13,"file":"C:\\Users\\Administrator\\Desktop\\provisional\\apitakikids\\node_modules\\ts-node-dev\\lib\\hook.js","function":"Object.nodeDevHook [as .ts]","line":63,"method":"ts]","native":false},{"column":32,"file":"node:internal/modules/cjs/loader","function":"Module.load","line":981,"method":"load","native":false},{"column":12,"file":"node:internal/modules/cjs/loader","function":"Module._load","line":822,"method":"_load","native":false}]}
{"date":"Wed May 04 2022 11:09:23 GMT+0100 (West Africa Standard Time)","error":{},"exception":true,"level":"error","message":"uncaughtException: ⨯ Unable to compile TypeScript:\n\u001b[96mdatabase/repository/KeystoreRepo.ts\u001b[0m:\u001b[93m1\u001b[0m:\u001b[93m26\u001b[0m - \u001b[91merror\u001b[0m\u001b[90m TS2306: \u001b[0mFile 'C:/Users/Administrator/Desktop/provisional/apitakikids/models/index.ts' is not a module.\r\n\r\n\u001b[7m1\u001b[0m import { Keystore } from \"../../models\";\r\n\u001b[7m \u001b[0m \u001b[91m                         ~~~~~~~~~~~~~~\u001b[0m\r\n\nError: ⨯ Unable to compile TypeScript:\n\u001b[96mdatabase/repository/KeystoreRepo.ts\u001b[0m:\u001b[93m1\u001b[0m:\u001b[93m26\u001b[0m - \u001b[91merror\u001b[0m\u001b[90m TS2306: \u001b[0mFile 'C:/Users/Administrator/Desktop/provisional/apitakikids/models/index.ts' is not a module.\r\n\r\n\u001b[7m1\u001b[0m import { Keystore } from \"../../models\";\r\n\u001b[7m \u001b[0m \u001b[91m                         ~~~~~~~~~~~~~~\u001b[0m\r\n\n    at Object.<anonymous> (C:\\Users\\Administrator\\Desktop\\provisional\\apitakikids\\database\\repository\\KeystoreRepo.ts:1:7)\n    at Module._compile (node:internal/modules/cjs/loader:1101:14)\n    at Module._compile (C:\\Users\\Administrator\\Desktop\\provisional\\apitakikids\\node_modules\\source-map-support\\source-map-support.js:568:25)\n    at Module.m._compile (C:\\Users\\ADMINI~1\\AppData\\Local\\Temp\\ts-node-dev-hook-002665108686377815.js:69:33)\n    at Module._extensions..js (node:internal/modules/cjs/loader:1153:10)\n    at require.extensions..jsx.require.extensions..js (C:\\Users\\ADMINI~1\\AppData\\Local\\Temp\\ts-node-dev-hook-002665108686377815.js:114:20)\n    at require.extensions.<computed> (C:\\Users\\ADMINI~1\\AppData\\Local\\Temp\\ts-node-dev-hook-002665108686377815.js:71:20)\n    at Object.nodeDevHook [as .ts] (C:\\Users\\Administrator\\Desktop\\provisional\\apitakikids\\node_modules\\ts-node-dev\\lib\\hook.js:63:13)\n    at Module.load (node:internal/modules/cjs/loader:981:32)\n    at Function.Module._load (node:internal/modules/cjs/loader:822:12)","os":{"loadavg":[0,0,0],"uptime":6815},"process":{"argv":["C:\\Program Files\\nodejs\\node.exe","index.ts"],"cwd":"C:\\Users\\Administrator\\Desktop\\provisional\\apitakikids","execPath":"C:\\Program Files\\nodejs\\node.exe","gid":null,"memoryUsage":{"arrayBuffers":510143,"external":4384013,"heapTotal":54362112,"heapUsed":25056872,"rss":64806912},"pid":10760,"uid":null,"version":"v16.13.1"},"stack":"Error: ⨯ Unable to compile TypeScript:\n\u001b[96mdatabase/repository/KeystoreRepo.ts\u001b[0m:\u001b[93m1\u001b[0m:\u001b[93m26\u001b[0m - \u001b[91merror\u001b[0m\u001b[90m TS2306: \u001b[0mFile 'C:/Users/Administrator/Desktop/provisional/apitakikids/models/index.ts' is not a module.\r\n\r\n\u001b[7m1\u001b[0m import { Keystore } from \"../../models\";\r\n\u001b[7m \u001b[0m \u001b[91m                         ~~~~~~~~~~~~~~\u001b[0m\r\n\n    at Object.<anonymous> (C:\\Users\\Administrator\\Desktop\\provisional\\apitakikids\\database\\repository\\KeystoreRepo.ts:1:7)\n    at Module._compile (node:internal/modules/cjs/loader:1101:14)\n    at Module._compile (C:\\Users\\Administrator\\Desktop\\provisional\\apitakikids\\node_modules\\source-map-support\\source-map-support.js:568:25)\n    at Module.m._compile (C:\\Users\\ADMINI~1\\AppData\\Local\\Temp\\ts-node-dev-hook-002665108686377815.js:69:33)\n    at Module._extensions..js (node:internal/modules/cjs/loader:1153:10)\n    at require.extensions..jsx.require.extensions..js (C:\\Users\\ADMINI~1\\AppData\\Local\\Temp\\ts-node-dev-hook-002665108686377815.js:114:20)\n    at require.extensions.<computed> (C:\\Users\\ADMINI~1\\AppData\\Local\\Temp\\ts-node-dev-hook-002665108686377815.js:71:20)\n    at Object.nodeDevHook [as .ts] (C:\\Users\\Administrator\\Desktop\\provisional\\apitakikids\\node_modules\\ts-node-dev\\lib\\hook.js:63:13)\n    at Module.load (node:internal/modules/cjs/loader:981:32)\n    at Function.Module._load (node:internal/modules/cjs/loader:822:12)","trace":[{"column":7,"file":"C:\\Users\\Administrator\\Desktop\\provisional\\apitakikids\\database\\repository\\KeystoreRepo.ts","function":null,"line":1,"method":null,"native":false},{"column":14,"file":"node:internal/modules/cjs/loader","function":"Module._compile","line":1101,"method":"_compile","native":false},{"column":25,"file":"C:\\Users\\Administrator\\Desktop\\provisional\\apitakikids\\node_modules\\source-map-support\\source-map-support.js","function":"Module._compile","line":568,"method":"_compile","native":false},{"column":33,"file":"C:\\Users\\ADMINI~1\\AppData\\Local\\Temp\\ts-node-dev-hook-002665108686377815.js","function":"Module.m._compile","line":69,"method":"_compile","native":false},{"column":10,"file":"node:internal/modules/cjs/loader","function":"Module._extensions..js","line":1153,"method":".js","native":false},{"column":20,"file":"C:\\Users\\ADMINI~1\\AppData\\Local\\Temp\\ts-node-dev-hook-002665108686377815.js","function":"require.extensions..jsx.require.extensions..js","line":114,"method":".js","native":false},{"column":20,"file":"C:\\Users\\ADMINI~1\\AppData\\Local\\Temp\\ts-node-dev-hook-002665108686377815.js","function":"require.extensions.<computed>","line":71,"method":"<computed>","native":false},{"column":13,"file":"C:\\Users\\Administrator\\Desktop\\provisional\\apitakikids\\node_modules\\ts-node-dev\\lib\\hook.js","function":"Object.nodeDevHook [as .ts]","line":63,"method":"ts]","native":false},{"column":32,"file":"node:internal/modules/cjs/loader","function":"Module.load","line":981,"method":"load","native":false},{"column":12,"file":"node:internal/modules/cjs/loader","function":"Module._load","line":822,"method":"_load","native":false}]}
{"date":"Wed May 04 2022 11:34:42 GMT+0100 (West Africa Standard Time)","error":{},"exception":true,"level":"error","message":"uncaughtException: ⨯ Unable to compile TypeScript:\n\u001b[96mutils/authorization.ts\u001b[0m:\u001b[93m26\u001b[0m:\u001b[93m80\u001b[0m - \u001b[91merror\u001b[0m\u001b[90m TS1002: \u001b[0mUnterminated string literal.\r\n\r\n\u001b[7m26\u001b[0m      return next(new AppError(\"No RARE NOT AUTHORIZED TO DO THIS ACTION, 404));\r\n\u001b[7m  \u001b[0m \u001b[91m                                                                               \u001b[0m\r\n\u001b[96mutils/authorization.ts\u001b[0m:\u001b[93m29\u001b[0m:\u001b[93m5\u001b[0m - \u001b[91merror\u001b[0m\u001b[90m TS1005: \u001b[0m',' expected.\r\n\r\n\u001b[7m29\u001b[0m     }\r\n\u001b[7m  \u001b[0m \u001b[91m    ~\u001b[0m\r\n\nError: ⨯ Unable to compile TypeScript:\n\u001b[96mutils/authorization.ts\u001b[0m:\u001b[93m26\u001b[0m:\u001b[93m80\u001b[0m - \u001b[91merror\u001b[0m\u001b[90m TS1002: \u001b[0mUnterminated string literal.\r\n\r\n\u001b[7m26\u001b[0m      return next(new AppError(\"No RARE NOT AUTHORIZED TO DO THIS ACTION, 404));\r\n\u001b[7m  \u001b[0m \u001b[91m                                                                               \u001b[0m\r\n\u001b[96mutils/authorization.ts\u001b[0m:\u001b[93m29\u001b[0m:\u001b[93m5\u001b[0m - \u001b[91merror\u001b[0m\u001b[90m TS1005: \u001b[0m',' expected.\r\n\r\n\u001b[7m29\u001b[0m     }\r\n\u001b[7m  \u001b[0m \u001b[91m    ~\u001b[0m\r\n\n    at Object.<anonymous> (C:\\Users\\Administrator\\Desktop\\provisional\\apitakikids\\utils\\authorization.ts:1:7)\n    at Module._compile (node:internal/modules/cjs/loader:1101:14)\n    at Module._compile (C:\\Users\\Administrator\\Desktop\\provisional\\apitakikids\\node_modules\\source-map-support\\source-map-support.js:568:25)\n    at Module.m._compile (C:\\Users\\ADMINI~1\\AppData\\Local\\Temp\\ts-node-dev-hook-6557445084530664.js:69:33)\n    at Module._extensions..js (node:internal/modules/cjs/loader:1153:10)\n    at require.extensions..jsx.require.extensions..js (C:\\Users\\ADMINI~1\\AppData\\Local\\Temp\\ts-node-dev-hook-6557445084530664.js:114:20)\n    at require.extensions.<computed> (C:\\Users\\ADMINI~1\\AppData\\Local\\Temp\\ts-node-dev-hook-6557445084530664.js:71:20)\n    at Object.nodeDevHook [as .ts] (C:\\Users\\Administrator\\Desktop\\provisional\\apitakikids\\node_modules\\ts-node-dev\\lib\\hook.js:63:13)\n    at Module.load (node:internal/modules/cjs/loader:981:32)\n    at Function.Module._load (node:internal/modules/cjs/loader:822:12)","os":{"loadavg":[0,0,0],"uptime":8334},"process":{"argv":["C:\\Program Files\\nodejs\\node.exe","index.ts"],"cwd":"C:\\Users\\Administrator\\Desktop\\provisional\\apitakikids","execPath":"C:\\Program Files\\nodejs\\node.exe","gid":null,"memoryUsage":{"arrayBuffers":174584,"external":3034135,"heapTotal":55410688,"heapUsed":22323544,"rss":65204224},"pid":14232,"uid":null,"version":"v16.13.1"},"stack":"Error: ⨯ Unable to compile TypeScript:\n\u001b[96mutils/authorization.ts\u001b[0m:\u001b[93m26\u001b[0m:\u001b[93m80\u001b[0m - \u001b[91merror\u001b[0m\u001b[90m TS1002: \u001b[0mUnterminated string literal.\r\n\r\n\u001b[7m26\u001b[0m      return next(new AppError(\"No RARE NOT AUTHORIZED TO DO THIS ACTION, 404));\r\n\u001b[7m  \u001b[0m \u001b[91m                                                                               \u001b[0m\r\n\u001b[96mutils/authorization.ts\u001b[0m:\u001b[93m29\u001b[0m:\u001b[93m5\u001b[0m - \u001b[91merror\u001b[0m\u001b[90m TS1005: \u001b[0m',' expected.\r\n\r\n\u001b[7m29\u001b[0m     }\r\n\u001b[7m  \u001b[0m \u001b[91m    ~\u001b[0m\r\n\n    at Object.<anonymous> (C:\\Users\\Administrator\\Desktop\\provisional\\apitakikids\\utils\\authorization.ts:1:7)\n    at Module._compile (node:internal/modules/cjs/loader:1101:14)\n    at Module._compile (C:\\Users\\Administrator\\Desktop\\provisional\\apitakikids\\node_modules\\source-map-support\\source-map-support.js:568:25)\n    at Module.m._compile (C:\\Users\\ADMINI~1\\AppData\\Local\\Temp\\ts-node-dev-hook-6557445084530664.js:69:33)\n    at Module._extensions..js (node:internal/modules/cjs/loader:1153:10)\n    at require.extensions..jsx.require.extensions..js (C:\\Users\\ADMINI~1\\AppData\\Local\\Temp\\ts-node-dev-hook-6557445084530664.js:114:20)\n    at require.extensions.<computed> (C:\\Users\\ADMINI~1\\AppData\\Local\\Temp\\ts-node-dev-hook-6557445084530664.js:71:20)\n    at Object.nodeDevHook [as .ts] (C:\\Users\\Administrator\\Desktop\\provisional\\apitakikids\\node_modules\\ts-node-dev\\lib\\hook.js:63:13)\n    at Module.load (node:internal/modules/cjs/loader:981:32)\n    at Function.Module._load (node:internal/modules/cjs/loader:822:12)","trace":[{"column":7,"file":"C:\\Users\\Administrator\\Desktop\\provisional\\apitakikids\\utils\\authorization.ts","function":null,"line":1,"method":null,"native":false},{"column":14,"file":"node:internal/modules/cjs/loader","function":"Module._compile","line":1101,"method":"_compile","native":false},{"column":25,"file":"C:\\Users\\Administrator\\Desktop\\provisional\\apitakikids\\node_modules\\source-map-support\\source-map-support.js","function":"Module._compile","line":568,"method":"_compile","native":false},{"column":33,"file":"C:\\Users\\ADMINI~1\\AppData\\Local\\Temp\\ts-node-dev-hook-6557445084530664.js","function":"Module.m._compile","line":69,"method":"_compile","native":false},{"column":10,"file":"node:internal/modules/cjs/loader","function":"Module._extensions..js","line":1153,"method":".js","native":false},{"column":20,"file":"C:\\Users\\ADMINI~1\\AppData\\Local\\Temp\\ts-node-dev-hook-6557445084530664.js","function":"require.extensions..jsx.require.extensions..js","line":114,"method":".js","native":false},{"column":20,"file":"C:\\Users\\ADMINI~1\\AppData\\Local\\Temp\\ts-node-dev-hook-6557445084530664.js","function":"require.extensions.<computed>","line":71,"method":"<computed>","native":false},{"column":13,"file":"C:\\Users\\Administrator\\Desktop\\provisional\\apitakikids\\node_modules\\ts-node-dev\\lib\\hook.js","function":"Object.nodeDevHook [as .ts]","line":63,"method":"ts]","native":false},{"column":32,"file":"node:internal/modules/cjs/loader","function":"Module.load","line":981,"method":"load","native":false},{"column":12,"file":"node:internal/modules/cjs/loader","function":"Module._load","line":822,"method":"_load","native":false}]}
{"date":"Wed May 04 2022 11:41:12 GMT+0100 (West Africa Standard Time)","error":{},"exception":true,"level":"error","message":"uncaughtException: ⨯ Unable to compile TypeScript:\n\u001b[96mutils/authorization.ts\u001b[0m:\u001b[93m22\u001b[0m:\u001b[93m44\u001b[0m - \u001b[91merror\u001b[0m\u001b[90m TS2345: \u001b[0mArgument of type 'number' is not assignable to parameter of type 'string'.\r\n\r\n\u001b[7m22\u001b[0m     const role = await RoleRepo.findByCode(1);\r\n\u001b[7m  \u001b[0m \u001b[91m                                           ~\u001b[0m\r\n\nError: ⨯ Unable to compile TypeScript:\n\u001b[96mutils/authorization.ts\u001b[0m:\u001b[93m22\u001b[0m:\u001b[93m44\u001b[0m - \u001b[91merror\u001b[0m\u001b[90m TS2345: \u001b[0mArgument of type 'number' is not assignable to parameter of type 'string'.\r\n\r\n\u001b[7m22\u001b[0m     const role = await RoleRepo.findByCode(1);\r\n\u001b[7m  \u001b[0m \u001b[91m                                           ~\u001b[0m\r\n\n    at Object.<anonymous> (C:\\Users\\Administrator\\Desktop\\provisional\\apitakikids\\utils\\authorization.ts:1:7)\n    at Module._compile (node:internal/modules/cjs/loader:1101:14)\n    at Module._compile (C:\\Users\\Administrator\\Desktop\\provisional\\apitakikids\\node_modules\\source-map-support\\source-map-support.js:568:25)\n    at Module.m._compile (C:\\Users\\ADMINI~1\\AppData\\Local\\Temp\\ts-node-dev-hook-6557445084530664.js:69:33)\n    at Module._extensions..js (node:internal/modules/cjs/loader:1153:10)\n    at require.extensions..jsx.require.extensions..js (C:\\Users\\ADMINI~1\\AppData\\Local\\Temp\\ts-node-dev-hook-6557445084530664.js:114:20)\n    at require.extensions.<computed> (C:\\Users\\ADMINI~1\\AppData\\Local\\Temp\\ts-node-dev-hook-6557445084530664.js:71:20)\n    at Object.nodeDevHook [as .ts] (C:\\Users\\Administrator\\Desktop\\provisional\\apitakikids\\node_modules\\ts-node-dev\\lib\\hook.js:63:13)\n    at Module.load (node:internal/modules/cjs/loader:981:32)\n    at Function.Module._load (node:internal/modules/cjs/loader:822:12)","os":{"loadavg":[0,0,0],"uptime":8724},"process":{"argv":["C:\\Program Files\\nodejs\\node.exe","index.ts"],"cwd":"C:\\Users\\Administrator\\Desktop\\provisional\\apitakikids","execPath":"C:\\Program Files\\nodejs\\node.exe","gid":null,"memoryUsage":{"arrayBuffers":721298,"external":5214527,"heapTotal":37322752,"heapUsed":27215480,"rss":64401408},"pid":13732,"uid":null,"version":"v16.13.1"},"stack":"Error: ⨯ Unable to compile TypeScript:\n\u001b[96mutils/authorization.ts\u001b[0m:\u001b[93m22\u001b[0m:\u001b[93m44\u001b[0m - \u001b[91merror\u001b[0m\u001b[90m TS2345: \u001b[0mArgument of type 'number' is not assignable to parameter of type 'string'.\r\n\r\n\u001b[7m22\u001b[0m     const role = await RoleRepo.findByCode(1);\r\n\u001b[7m  \u001b[0m \u001b[91m                                           ~\u001b[0m\r\n\n    at Object.<anonymous> (C:\\Users\\Administrator\\Desktop\\provisional\\apitakikids\\utils\\authorization.ts:1:7)\n    at Module._compile (node:internal/modules/cjs/loader:1101:14)\n    at Module._compile (C:\\Users\\Administrator\\Desktop\\provisional\\apitakikids\\node_modules\\source-map-support\\source-map-support.js:568:25)\n    at Module.m._compile (C:\\Users\\ADMINI~1\\AppData\\Local\\Temp\\ts-node-dev-hook-6557445084530664.js:69:33)\n    at Module._extensions..js (node:internal/modules/cjs/loader:1153:10)\n    at require.extensions..jsx.require.extensions..js (C:\\Users\\ADMINI~1\\AppData\\Local\\Temp\\ts-node-dev-hook-6557445084530664.js:114:20)\n    at require.extensions.<computed> (C:\\Users\\ADMINI~1\\AppData\\Local\\Temp\\ts-node-dev-hook-6557445084530664.js:71:20)\n    at Object.nodeDevHook [as .ts] (C:\\Users\\Administrator\\Desktop\\provisional\\apitakikids\\node_modules\\ts-node-dev\\lib\\hook.js:63:13)\n    at Module.load (node:internal/modules/cjs/loader:981:32)\n    at Function.Module._load (node:internal/modules/cjs/loader:822:12)","trace":[{"column":7,"file":"C:\\Users\\Administrator\\Desktop\\provisional\\apitakikids\\utils\\authorization.ts","function":null,"line":1,"method":null,"native":false},{"column":14,"file":"node:internal/modules/cjs/loader","function":"Module._compile","line":1101,"method":"_compile","native":false},{"column":25,"file":"C:\\Users\\Administrator\\Desktop\\provisional\\apitakikids\\node_modules\\source-map-support\\source-map-support.js","function":"Module._compile","line":568,"method":"_compile","native":false},{"column":33,"file":"C:\\Users\\ADMINI~1\\AppData\\Local\\Temp\\ts-node-dev-hook-6557445084530664.js","function":"Module.m._compile","line":69,"method":"_compile","native":false},{"column":10,"file":"node:internal/modules/cjs/loader","function":"Module._extensions..js","line":1153,"method":".js","native":false},{"column":20,"file":"C:\\Users\\ADMINI~1\\AppData\\Local\\Temp\\ts-node-dev-hook-6557445084530664.js","function":"require.extensions..jsx.require.extensions..js","line":114,"method":".js","native":false},{"column":20,"file":"C:\\Users\\ADMINI~1\\AppData\\Local\\Temp\\ts-node-dev-hook-6557445084530664.js","function":"require.extensions.<computed>","line":71,"method":"<computed>","native":false},{"column":13,"file":"C:\\Users\\Administrator\\Desktop\\provisional\\apitakikids\\node_modules\\ts-node-dev\\lib\\hook.js","function":"Object.nodeDevHook [as .ts]","line":63,"method":"ts]","native":false},{"column":32,"file":"node:internal/modules/cjs/loader","function":"Module.load","line":981,"method":"load","native":false},{"column":12,"file":"node:internal/modules/cjs/loader","function":"Module._load","line":822,"method":"_load","native":false}]}
{"date":"Wed May 04 2022 11:44:02 GMT+0100 (West Africa Standard Time)","error":{},"exception":true,"level":"error","message":"uncaughtException: ⨯ Unable to compile TypeScript:\n\u001b[96mdatabase/repository/RoleRepo.ts\u001b[0m:\u001b[93m5\u001b[0m:\u001b[93m71\u001b[0m - \u001b[91merror\u001b[0m\u001b[90m TS2304: \u001b[0mCannot find name 'async'.\r\n\r\n\u001b[7m5\u001b[0m   public static findByCode(code: any): Promise<RoleAttributes | null> async {\r\n\u001b[7m \u001b[0m \u001b[91m                                                                      ~~~~~\u001b[0m\r\n\u001b[96mdatabase/repository/RoleRepo.ts\u001b[0m:\u001b[93m6\u001b[0m:\u001b[93m46\u001b[0m - \u001b[91merror\u001b[0m\u001b[90m TS2304: \u001b[0mCannot find name 'code'.\r\n\r\n\u001b[7m6\u001b[0m     console.log(\"**2** code from RoleRepo \", code);\r\n\u001b[7m \u001b[0m \u001b[91m                                             ~~~~\u001b[0m\r\n\u001b[96mdatabase/repository/RoleRepo.ts\u001b[0m:\u001b[93m5\u001b[0m:\u001b[93m71\u001b[0m - \u001b[91merror\u001b[0m\u001b[90m TS1144: \u001b[0m'{' or ';' expected.\r\n\r\n\u001b[7m5\u001b[0m   public static findByCode(code: any): Promise<RoleAttributes | null> async {\r\n\u001b[7m \u001b[0m \u001b[91m                                                                      ~~~~~\u001b[0m\r\n\u001b[96mdatabase/repository/RoleRepo.ts\u001b[0m:\u001b[93m12\u001b[0m:\u001b[93m1\u001b[0m - \u001b[91merror\u001b[0m\u001b[90m TS1128: \u001b[0mDeclaration or statement expected.\r\n\r\n\u001b[7m12\u001b[0m }\r\n\u001b[7m  \u001b[0m \u001b[91m~\u001b[0m\r\n\nError: ⨯ Unable to compile TypeScript:\n\u001b[96mdatabase/repository/RoleRepo.ts\u001b[0m:\u001b[93m5\u001b[0m:\u001b[93m71\u001b[0m - \u001b[91merror\u001b[0m\u001b[90m TS2304: \u001b[0mCannot find name 'async'.\r\n\r\n\u001b[7m5\u001b[0m   public static findByCode(code: any): Promise<RoleAttributes | null> async {\r\n\u001b[7m \u001b[0m \u001b[91m                                                                      ~~~~~\u001b[0m\r\n\u001b[96mdatabase/repository/RoleRepo.ts\u001b[0m:\u001b[93m6\u001b[0m:\u001b[93m46\u001b[0m - \u001b[91merror\u001b[0m\u001b[90m TS2304: \u001b[0mCannot find name 'code'.\r\n\r\n\u001b[7m6\u001b[0m     console.log(\"**2** code from RoleRepo \", code);\r\n\u001b[7m \u001b[0m \u001b[91m                                             ~~~~\u001b[0m\r\n\u001b[96mdatabase/repository/RoleRepo.ts\u001b[0m:\u001b[93m5\u001b[0m:\u001b[93m71\u001b[0m - \u001b[91merror\u001b[0m\u001b[90m TS1144: \u001b[0m'{' or ';' expected.\r\n\r\n\u001b[7m5\u001b[0m   public static findByCode(code: any): Promise<RoleAttributes | null> async {\r\n\u001b[7m \u001b[0m \u001b[91m                                                                      ~~~~~\u001b[0m\r\n\u001b[96mdatabase/repository/RoleRepo.ts\u001b[0m:\u001b[93m12\u001b[0m:\u001b[93m1\u001b[0m - \u001b[91merror\u001b[0m\u001b[90m TS1128: \u001b[0mDeclaration or statement expected.\r\n\r\n\u001b[7m12\u001b[0m }\r\n\u001b[7m  \u001b[0m \u001b[91m~\u001b[0m\r\n\n    at Object.<anonymous> (C:\\Users\\Administrator\\Desktop\\provisional\\apitakikids\\database\\repository\\RoleRepo.ts:1:7)\n    at Module._compile (node:internal/modules/cjs/loader:1101:14)\n    at Module._compile (C:\\Users\\Administrator\\Desktop\\provisional\\apitakikids\\node_modules\\source-map-support\\source-map-support.js:568:25)\n    at Module.m._compile (C:\\Users\\ADMINI~1\\AppData\\Local\\Temp\\ts-node-dev-hook-16221764838740027.js:69:33)\n    at Module._extensions..js (node:internal/modules/cjs/loader:1153:10)\n    at require.extensions..jsx.require.extensions..js (C:\\Users\\ADMINI~1\\AppData\\Local\\Temp\\ts-node-dev-hook-16221764838740027.js:114:20)\n    at require.extensions.<computed> (C:\\Users\\ADMINI~1\\AppData\\Local\\Temp\\ts-node-dev-hook-16221764838740027.js:71:20)\n    at Object.nodeDevHook [as .ts] (C:\\Users\\Administrator\\Desktop\\provisional\\apitakikids\\node_modules\\ts-node-dev\\lib\\hook.js:63:13)\n    at Module.load (node:internal/modules/cjs/loader:981:32)\n    at Function.Module._load (node:internal/modules/cjs/loader:822:12)","os":{"loadavg":[0,0,0],"uptime":8894},"process":{"argv":["C:\\Program Files\\nodejs\\node.exe","index.ts"],"cwd":"C:\\Users\\Administrator\\Desktop\\provisional\\apitakikids","execPath":"C:\\Program Files\\nodejs\\node.exe","gid":null,"memoryUsage":{"arrayBuffers":195991,"external":3040185,"heapTotal":55672832,"heapUsed":22483440,"rss":65859584},"pid":10232,"uid":null,"version":"v16.13.1"},"stack":"Error: ⨯ Unable to compile TypeScript:\n\u001b[96mdatabase/repository/RoleRepo.ts\u001b[0m:\u001b[93m5\u001b[0m:\u001b[93m71\u001b[0m - \u001b[91merror\u001b[0m\u001b[90m TS2304: \u001b[0mCannot find name 'async'.\r\n\r\n\u001b[7m5\u001b[0m   public static findByCode(code: any): Promise<RoleAttributes | null> async {\r\n\u001b[7m \u001b[0m \u001b[91m                                                                      ~~~~~\u001b[0m\r\n\u001b[96mdatabase/repository/RoleRepo.ts\u001b[0m:\u001b[93m6\u001b[0m:\u001b[93m46\u001b[0m - \u001b[91merror\u001b[0m\u001b[90m TS2304: \u001b[0mCannot find name 'code'.\r\n\r\n\u001b[7m6\u001b[0m     console.log(\"**2** code from RoleRepo \", code);\r\n\u001b[7m \u001b[0m \u001b[91m                                             ~~~~\u001b[0m\r\n\u001b[96mdatabase/repository/RoleRepo.ts\u001b[0m:\u001b[93m5\u001b[0m:\u001b[93m71\u001b[0m - \u001b[91merror\u001b[0m\u001b[90m TS1144: \u001b[0m'{' or ';' expected.\r\n\r\n\u001b[7m5\u001b[0m   public static findByCode(code: any): Promise<RoleAttributes | null> async {\r\n\u001b[7m \u001b[0m \u001b[91m                                                                      ~~~~~\u001b[0m\r\n\u001b[96mdatabase/repository/RoleRepo.ts\u001b[0m:\u001b[93m12\u001b[0m:\u001b[93m1\u001b[0m - \u001b[91merror\u001b[0m\u001b[90m TS1128: \u001b[0mDeclaration or statement expected.\r\n\r\n\u001b[7m12\u001b[0m }\r\n\u001b[7m  \u001b[0m \u001b[91m~\u001b[0m\r\n\n    at Object.<anonymous> (C:\\Users\\Administrator\\Desktop\\provisional\\apitakikids\\database\\repository\\RoleRepo.ts:1:7)\n    at Module._compile (node:internal/modules/cjs/loader:1101:14)\n    at Module._compile (C:\\Users\\Administrator\\Desktop\\provisional\\apitakikids\\node_modules\\source-map-support\\source-map-support.js:568:25)\n    at Module.m._compile (C:\\Users\\ADMINI~1\\AppData\\Local\\Temp\\ts-node-dev-hook-16221764838740027.js:69:33)\n    at Module._extensions..js (node:internal/modules/cjs/loader:1153:10)\n    at require.extensions..jsx.require.extensions..js (C:\\Users\\ADMINI~1\\AppData\\Local\\Temp\\ts-node-dev-hook-16221764838740027.js:114:20)\n    at require.extensions.<computed> (C:\\Users\\ADMINI~1\\AppData\\Local\\Temp\\ts-node-dev-hook-16221764838740027.js:71:20)\n    at Object.nodeDevHook [as .ts] (C:\\Users\\Administrator\\Desktop\\provisional\\apitakikids\\node_modules\\ts-node-dev\\lib\\hook.js:63:13)\n    at Module.load (node:internal/modules/cjs/loader:981:32)\n    at Function.Module._load (node:internal/modules/cjs/loader:822:12)","trace":[{"column":7,"file":"C:\\Users\\Administrator\\Desktop\\provisional\\apitakikids\\database\\repository\\RoleRepo.ts","function":null,"line":1,"method":null,"native":false},{"column":14,"file":"node:internal/modules/cjs/loader","function":"Module._compile","line":1101,"method":"_compile","native":false},{"column":25,"file":"C:\\Users\\Administrator\\Desktop\\provisional\\apitakikids\\node_modules\\source-map-support\\source-map-support.js","function":"Module._compile","line":568,"method":"_compile","native":false},{"column":33,"file":"C:\\Users\\ADMINI~1\\AppData\\Local\\Temp\\ts-node-dev-hook-16221764838740027.js","function":"Module.m._compile","line":69,"method":"_compile","native":false},{"column":10,"file":"node:internal/modules/cjs/loader","function":"Module._extensions..js","line":1153,"method":".js","native":false},{"column":20,"file":"C:\\Users\\ADMINI~1\\AppData\\Local\\Temp\\ts-node-dev-hook-16221764838740027.js","function":"require.extensions..jsx.require.extensions..js","line":114,"method":".js","native":false},{"column":20,"file":"C:\\Users\\ADMINI~1\\AppData\\Local\\Temp\\ts-node-dev-hook-16221764838740027.js","function":"require.extensions.<computed>","line":71,"method":"<computed>","native":false},{"column":13,"file":"C:\\Users\\Administrator\\Desktop\\provisional\\apitakikids\\node_modules\\ts-node-dev\\lib\\hook.js","function":"Object.nodeDevHook [as .ts]","line":63,"method":"ts]","native":false},{"column":32,"file":"node:internal/modules/cjs/loader","function":"Module.load","line":981,"method":"load","native":false},{"column":12,"file":"node:internal/modules/cjs/loader","function":"Module._load","line":822,"method":"_load","native":false}]}
{"date":"Wed May 04 2022 11:44:05 GMT+0100 (West Africa Standard Time)","error":{},"exception":true,"level":"error","message":"uncaughtException: ⨯ Unable to compile TypeScript:\n\u001b[96mdatabase/repository/RoleRepo.ts\u001b[0m:\u001b[93m7\u001b[0m:\u001b[93m25\u001b[0m - \u001b[91merror\u001b[0m\u001b[90m TS1308: \u001b[0m'await' expressions are only allowed within async functions and at the top levels of modules.\r\n\r\n\u001b[7m7\u001b[0m     const currentRole = await Role.findOne({ where: { code: 1 } });\r\n\u001b[7m \u001b[0m \u001b[91m                        ~~~~~\u001b[0m\r\n\r\n  \u001b[96mdatabase/repository/RoleRepo.ts\u001b[0m:\u001b[93m5\u001b[0m:\u001b[93m17\u001b[0m\r\n    \u001b[7m5\u001b[0m   public static findByCode(code: any): Promise<RoleAttributes | null>  {\r\n    \u001b[7m \u001b[0m \u001b[96m                ~~~~~~~~~~\u001b[0m\r\n    Did you mean to mark this function as 'async'?\r\n\nError: ⨯ Unable to compile TypeScript:\n\u001b[96mdatabase/repository/RoleRepo.ts\u001b[0m:\u001b[93m7\u001b[0m:\u001b[93m25\u001b[0m - \u001b[91merror\u001b[0m\u001b[90m TS1308: \u001b[0m'await' expressions are only allowed within async functions and at the top levels of modules.\r\n\r\n\u001b[7m7\u001b[0m     const currentRole = await Role.findOne({ where: { code: 1 } });\r\n\u001b[7m \u001b[0m \u001b[91m                        ~~~~~\u001b[0m\r\n\r\n  \u001b[96mdatabase/repository/RoleRepo.ts\u001b[0m:\u001b[93m5\u001b[0m:\u001b[93m17\u001b[0m\r\n    \u001b[7m5\u001b[0m   public static findByCode(code: any): Promise<RoleAttributes | null>  {\r\n    \u001b[7m \u001b[0m \u001b[96m                ~~~~~~~~~~\u001b[0m\r\n    Did you mean to mark this function as 'async'?\r\n\n    at Object.<anonymous> (C:\\Users\\Administrator\\Desktop\\provisional\\apitakikids\\database\\repository\\RoleRepo.ts:1:7)\n    at Module._compile (node:internal/modules/cjs/loader:1101:14)\n    at Module._compile (C:\\Users\\Administrator\\Desktop\\provisional\\apitakikids\\node_modules\\source-map-support\\source-map-support.js:568:25)\n    at Module.m._compile (C:\\Users\\ADMINI~1\\AppData\\Local\\Temp\\ts-node-dev-hook-16221764838740027.js:69:33)\n    at Module._extensions..js (node:internal/modules/cjs/loader:1153:10)\n    at require.extensions..jsx.require.extensions..js (C:\\Users\\ADMINI~1\\AppData\\Local\\Temp\\ts-node-dev-hook-16221764838740027.js:114:20)\n    at require.extensions.<computed> (C:\\Users\\ADMINI~1\\AppData\\Local\\Temp\\ts-node-dev-hook-16221764838740027.js:71:20)\n    at Object.nodeDevHook [as .ts] (C:\\Users\\Administrator\\Desktop\\provisional\\apitakikids\\node_modules\\ts-node-dev\\lib\\hook.js:63:13)\n    at Module.load (node:internal/modules/cjs/loader:981:32)\n    at Function.Module._load (node:internal/modules/cjs/loader:822:12)","os":{"loadavg":[0,0,0],"uptime":8897},"process":{"argv":["C:\\Program Files\\nodejs\\node.exe","index.ts"],"cwd":"C:\\Users\\Administrator\\Desktop\\provisional\\apitakikids","execPath":"C:\\Program Files\\nodejs\\node.exe","gid":null,"memoryUsage":{"arrayBuffers":579171,"external":5220579,"heapTotal":56197120,"heapUsed":27467088,"rss":66605056},"pid":4192,"uid":null,"version":"v16.13.1"},"stack":"Error: ⨯ Unable to compile TypeScript:\n\u001b[96mdatabase/repository/RoleRepo.ts\u001b[0m:\u001b[93m7\u001b[0m:\u001b[93m25\u001b[0m - \u001b[91merror\u001b[0m\u001b[90m TS1308: \u001b[0m'await' expressions are only allowed within async functions and at the top levels of modules.\r\n\r\n\u001b[7m7\u001b[0m     const currentRole = await Role.findOne({ where: { code: 1 } });\r\n\u001b[7m \u001b[0m \u001b[91m                        ~~~~~\u001b[0m\r\n\r\n  \u001b[96mdatabase/repository/RoleRepo.ts\u001b[0m:\u001b[93m5\u001b[0m:\u001b[93m17\u001b[0m\r\n    \u001b[7m5\u001b[0m   public static findByCode(code: any): Promise<RoleAttributes | null>  {\r\n    \u001b[7m \u001b[0m \u001b[96m                ~~~~~~~~~~\u001b[0m\r\n    Did you mean to mark this function as 'async'?\r\n\n    at Object.<anonymous> (C:\\Users\\Administrator\\Desktop\\provisional\\apitakikids\\database\\repository\\RoleRepo.ts:1:7)\n    at Module._compile (node:internal/modules/cjs/loader:1101:14)\n    at Module._compile (C:\\Users\\Administrator\\Desktop\\provisional\\apitakikids\\node_modules\\source-map-support\\source-map-support.js:568:25)\n    at Module.m._compile (C:\\Users\\ADMINI~1\\AppData\\Local\\Temp\\ts-node-dev-hook-16221764838740027.js:69:33)\n    at Module._extensions..js (node:internal/modules/cjs/loader:1153:10)\n    at require.extensions..jsx.require.extensions..js (C:\\Users\\ADMINI~1\\AppData\\Local\\Temp\\ts-node-dev-hook-16221764838740027.js:114:20)\n    at require.extensions.<computed> (C:\\Users\\ADMINI~1\\AppData\\Local\\Temp\\ts-node-dev-hook-16221764838740027.js:71:20)\n    at Object.nodeDevHook [as .ts] (C:\\Users\\Administrator\\Desktop\\provisional\\apitakikids\\node_modules\\ts-node-dev\\lib\\hook.js:63:13)\n    at Module.load (node:internal/modules/cjs/loader:981:32)\n    at Function.Module._load (node:internal/modules/cjs/loader:822:12)","trace":[{"column":null,"file":null,"function":null,"line":null,"method":null,"native":false},{"column":7,"file":"C:\\Users\\Administrator\\Desktop\\provisional\\apitakikids\\database\\repository\\RoleRepo.ts","function":null,"line":1,"method":null,"native":false},{"column":14,"file":"node:internal/modules/cjs/loader","function":"Module._compile","line":1101,"method":"_compile","native":false},{"column":25,"file":"C:\\Users\\Administrator\\Desktop\\provisional\\apitakikids\\node_modules\\source-map-support\\source-map-support.js","function":"Module._compile","line":568,"method":"_compile","native":false},{"column":33,"file":"C:\\Users\\ADMINI~1\\AppData\\Local\\Temp\\ts-node-dev-hook-16221764838740027.js","function":"Module.m._compile","line":69,"method":"_compile","native":false},{"column":10,"file":"node:internal/modules/cjs/loader","function":"Module._extensions..js","line":1153,"method":".js","native":false},{"column":20,"file":"C:\\Users\\ADMINI~1\\AppData\\Local\\Temp\\ts-node-dev-hook-16221764838740027.js","function":"require.extensions..jsx.require.extensions..js","line":114,"method":".js","native":false},{"column":20,"file":"C:\\Users\\ADMINI~1\\AppData\\Local\\Temp\\ts-node-dev-hook-16221764838740027.js","function":"require.extensions.<computed>","line":71,"method":"<computed>","native":false},{"column":13,"file":"C:\\Users\\Administrator\\Desktop\\provisional\\apitakikids\\node_modules\\ts-node-dev\\lib\\hook.js","function":"Object.nodeDevHook [as .ts]","line":63,"method":"ts]","native":false},{"column":32,"file":"node:internal/modules/cjs/loader","function":"Module.load","line":981,"method":"load","native":false},{"column":12,"file":"node:internal/modules/cjs/loader","function":"Module._load","line":822,"method":"_load","native":false}]}
{"date":"Wed May 04 2022 14:35:58 GMT+0100 (West Africa Standard Time)","error":{},"exception":true,"level":"error","message":"uncaughtException: ⨯ Unable to compile TypeScript:\n\u001b[96mutils/authorization.ts\u001b[0m:\u001b[93m22\u001b[0m:\u001b[93m44\u001b[0m - \u001b[91merror\u001b[0m\u001b[90m TS2345: \u001b[0mArgument of type 'number' is not assignable to parameter of type 'string'.\r\n\r\n\u001b[7m22\u001b[0m     const role = await RoleRepo.findByCode(1);\r\n\u001b[7m  \u001b[0m \u001b[91m                                           ~\u001b[0m\r\n\nError: ⨯ Unable to compile TypeScript:\n\u001b[96mutils/authorization.ts\u001b[0m:\u001b[93m22\u001b[0m:\u001b[93m44\u001b[0m - \u001b[91merror\u001b[0m\u001b[90m TS2345: \u001b[0mArgument of type 'number' is not assignable to parameter of type 'string'.\r\n\r\n\u001b[7m22\u001b[0m     const role = await RoleRepo.findByCode(1);\r\n\u001b[7m  \u001b[0m \u001b[91m                                           ~\u001b[0m\r\n\n    at Object.<anonymous> (C:\\Users\\Administrator\\Desktop\\provisional\\apitakikids\\utils\\authorization.ts:1:7)\n    at Module._compile (node:internal/modules/cjs/loader:1101:14)\n    at Module._compile (C:\\Users\\Administrator\\Desktop\\provisional\\apitakikids\\node_modules\\source-map-support\\source-map-support.js:568:25)\n    at Module.m._compile (C:\\Users\\ADMINI~1\\AppData\\Local\\Temp\\ts-node-dev-hook-23517327774265362.js:69:33)\n    at Module._extensions..js (node:internal/modules/cjs/loader:1153:10)\n    at require.extensions..jsx.require.extensions..js (C:\\Users\\ADMINI~1\\AppData\\Local\\Temp\\ts-node-dev-hook-23517327774265362.js:114:20)\n    at require.extensions.<computed> (C:\\Users\\ADMINI~1\\AppData\\Local\\Temp\\ts-node-dev-hook-23517327774265362.js:71:20)\n    at Object.nodeDevHook [as .ts] (C:\\Users\\Administrator\\Desktop\\provisional\\apitakikids\\node_modules\\ts-node-dev\\lib\\hook.js:63:13)\n    at Module.load (node:internal/modules/cjs/loader:981:32)\n    at Function.Module._load (node:internal/modules/cjs/loader:822:12)","os":{"loadavg":[0,0,0],"uptime":19210},"process":{"argv":["C:\\Program Files\\nodejs\\node.exe","index.ts"],"cwd":"C:\\Users\\Administrator\\Desktop\\provisional\\apitakikids","execPath":"C:\\Program Files\\nodejs\\node.exe","gid":null,"memoryUsage":{"arrayBuffers":188680,"external":3034141,"heapTotal":55672832,"heapUsed":22265992,"rss":65650688},"pid":2976,"uid":null,"version":"v16.13.1"},"stack":"Error: ⨯ Unable to compile TypeScript:\n\u001b[96mutils/authorization.ts\u001b[0m:\u001b[93m22\u001b[0m:\u001b[93m44\u001b[0m - \u001b[91merror\u001b[0m\u001b[90m TS2345: \u001b[0mArgument of type 'number' is not assignable to parameter of type 'string'.\r\n\r\n\u001b[7m22\u001b[0m     const role = await RoleRepo.findByCode(1);\r\n\u001b[7m  \u001b[0m \u001b[91m                                           ~\u001b[0m\r\n\n    at Object.<anonymous> (C:\\Users\\Administrator\\Desktop\\provisional\\apitakikids\\utils\\authorization.ts:1:7)\n    at Module._compile (node:internal/modules/cjs/loader:1101:14)\n    at Module._compile (C:\\Users\\Administrator\\Desktop\\provisional\\apitakikids\\node_modules\\source-map-support\\source-map-support.js:568:25)\n    at Module.m._compile (C:\\Users\\ADMINI~1\\AppData\\Local\\Temp\\ts-node-dev-hook-23517327774265362.js:69:33)\n    at Module._extensions..js (node:internal/modules/cjs/loader:1153:10)\n    at require.extensions..jsx.require.extensions..js (C:\\Users\\ADMINI~1\\AppData\\Local\\Temp\\ts-node-dev-hook-23517327774265362.js:114:20)\n    at require.extensions.<computed> (C:\\Users\\ADMINI~1\\AppData\\Local\\Temp\\ts-node-dev-hook-23517327774265362.js:71:20)\n    at Object.nodeDevHook [as .ts] (C:\\Users\\Administrator\\Desktop\\provisional\\apitakikids\\node_modules\\ts-node-dev\\lib\\hook.js:63:13)\n    at Module.load (node:internal/modules/cjs/loader:981:32)\n    at Function.Module._load (node:internal/modules/cjs/loader:822:12)","trace":[{"column":7,"file":"C:\\Users\\Administrator\\Desktop\\provisional\\apitakikids\\utils\\authorization.ts","function":null,"line":1,"method":null,"native":false},{"column":14,"file":"node:internal/modules/cjs/loader","function":"Module._compile","line":1101,"method":"_compile","native":false},{"column":25,"file":"C:\\Users\\Administrator\\Desktop\\provisional\\apitakikids\\node_modules\\source-map-support\\source-map-support.js","function":"Module._compile","line":568,"method":"_compile","native":false},{"column":33,"file":"C:\\Users\\ADMINI~1\\AppData\\Local\\Temp\\ts-node-dev-hook-23517327774265362.js","function":"Module.m._compile","line":69,"method":"_compile","native":false},{"column":10,"file":"node:internal/modules/cjs/loader","function":"Module._extensions..js","line":1153,"method":".js","native":false},{"column":20,"file":"C:\\Users\\ADMINI~1\\AppData\\Local\\Temp\\ts-node-dev-hook-23517327774265362.js","function":"require.extensions..jsx.require.extensions..js","line":114,"method":".js","native":false},{"column":20,"file":"C:\\Users\\ADMINI~1\\AppData\\Local\\Temp\\ts-node-dev-hook-23517327774265362.js","function":"require.extensions.<computed>","line":71,"method":"<computed>","native":false},{"column":13,"file":"C:\\Users\\Administrator\\Desktop\\provisional\\apitakikids\\node_modules\\ts-node-dev\\lib\\hook.js","function":"Object.nodeDevHook [as .ts]","line":63,"method":"ts]","native":false},{"column":32,"file":"node:internal/modules/cjs/loader","function":"Module.load","line":981,"method":"load","native":false},{"column":12,"file":"node:internal/modules/cjs/loader","function":"Module._load","line":822,"method":"_load","native":false}]}
{"date":"Wed May 04 2022 14:36:11 GMT+0100 (West Africa Standard Time)","error":{},"exception":true,"level":"error","message":"uncaughtException: ⨯ Unable to compile TypeScript:\n\u001b[96mutils/authorization.ts\u001b[0m:\u001b[93m22\u001b[0m:\u001b[93m44\u001b[0m - \u001b[91merror\u001b[0m\u001b[90m TS2345: \u001b[0mArgument of type 'number' is not assignable to parameter of type 'string'.\r\n\r\n\u001b[7m22\u001b[0m     const role = await RoleRepo.findByCode(1);\r\n\u001b[7m  \u001b[0m \u001b[91m                                           ~\u001b[0m\r\n\nError: ⨯ Unable to compile TypeScript:\n\u001b[96mutils/authorization.ts\u001b[0m:\u001b[93m22\u001b[0m:\u001b[93m44\u001b[0m - \u001b[91merror\u001b[0m\u001b[90m TS2345: \u001b[0mArgument of type 'number' is not assignable to parameter of type 'string'.\r\n\r\n\u001b[7m22\u001b[0m     const role = await RoleRepo.findByCode(1);\r\n\u001b[7m  \u001b[0m \u001b[91m                                           ~\u001b[0m\r\n\n    at Object.<anonymous> (C:\\Users\\Administrator\\Desktop\\provisional\\apitakikids\\utils\\authorization.ts:1:7)\n    at Module._compile (node:internal/modules/cjs/loader:1101:14)\n    at Module._compile (C:\\Users\\Administrator\\Desktop\\provisional\\apitakikids\\node_modules\\source-map-support\\source-map-support.js:568:25)\n    at Module.m._compile (C:\\Users\\ADMINI~1\\AppData\\Local\\Temp\\ts-node-dev-hook-23517327774265362.js:69:33)\n    at Module._extensions..js (node:internal/modules/cjs/loader:1153:10)\n    at require.extensions..jsx.require.extensions..js (C:\\Users\\ADMINI~1\\AppData\\Local\\Temp\\ts-node-dev-hook-23517327774265362.js:114:20)\n    at require.extensions.<computed> (C:\\Users\\ADMINI~1\\AppData\\Local\\Temp\\ts-node-dev-hook-23517327774265362.js:71:20)\n    at Object.nodeDevHook [as .ts] (C:\\Users\\Administrator\\Desktop\\provisional\\apitakikids\\node_modules\\ts-node-dev\\lib\\hook.js:63:13)\n    at Module.load (node:internal/modules/cjs/loader:981:32)\n    at Function.Module._load (node:internal/modules/cjs/loader:822:12)","os":{"loadavg":[0,0,0],"uptime":19223},"process":{"argv":["C:\\Program Files\\nodejs\\node.exe","index.ts"],"cwd":"C:\\Users\\Administrator\\Desktop\\provisional\\apitakikids","execPath":"C:\\Program Files\\nodejs\\node.exe","gid":null,"memoryUsage":{"arrayBuffers":718117,"external":3034141,"heapTotal":37322752,"heapUsed":27348232,"rss":64143360},"pid":13700,"uid":null,"version":"v16.13.1"},"stack":"Error: ⨯ Unable to compile TypeScript:\n\u001b[96mutils/authorization.ts\u001b[0m:\u001b[93m22\u001b[0m:\u001b[93m44\u001b[0m - \u001b[91merror\u001b[0m\u001b[90m TS2345: \u001b[0mArgument of type 'number' is not assignable to parameter of type 'string'.\r\n\r\n\u001b[7m22\u001b[0m     const role = await RoleRepo.findByCode(1);\r\n\u001b[7m  \u001b[0m \u001b[91m                                           ~\u001b[0m\r\n\n    at Object.<anonymous> (C:\\Users\\Administrator\\Desktop\\provisional\\apitakikids\\utils\\authorization.ts:1:7)\n    at Module._compile (node:internal/modules/cjs/loader:1101:14)\n    at Module._compile (C:\\Users\\Administrator\\Desktop\\provisional\\apitakikids\\node_modules\\source-map-support\\source-map-support.js:568:25)\n    at Module.m._compile (C:\\Users\\ADMINI~1\\AppData\\Local\\Temp\\ts-node-dev-hook-23517327774265362.js:69:33)\n    at Module._extensions..js (node:internal/modules/cjs/loader:1153:10)\n    at require.extensions..jsx.require.extensions..js (C:\\Users\\ADMINI~1\\AppData\\Local\\Temp\\ts-node-dev-hook-23517327774265362.js:114:20)\n    at require.extensions.<computed> (C:\\Users\\ADMINI~1\\AppData\\Local\\Temp\\ts-node-dev-hook-23517327774265362.js:71:20)\n    at Object.nodeDevHook [as .ts] (C:\\Users\\Administrator\\Desktop\\provisional\\apitakikids\\node_modules\\ts-node-dev\\lib\\hook.js:63:13)\n    at Module.load (node:internal/modules/cjs/loader:981:32)\n    at Function.Module._load (node:internal/modules/cjs/loader:822:12)","trace":[{"column":7,"file":"C:\\Users\\Administrator\\Desktop\\provisional\\apitakikids\\utils\\authorization.ts","function":null,"line":1,"method":null,"native":false},{"column":14,"file":"node:internal/modules/cjs/loader","function":"Module._compile","line":1101,"method":"_compile","native":false},{"column":25,"file":"C:\\Users\\Administrator\\Desktop\\provisional\\apitakikids\\node_modules\\source-map-support\\source-map-support.js","function":"Module._compile","line":568,"method":"_compile","native":false},{"column":33,"file":"C:\\Users\\ADMINI~1\\AppData\\Local\\Temp\\ts-node-dev-hook-23517327774265362.js","function":"Module.m._compile","line":69,"method":"_compile","native":false},{"column":10,"file":"node:internal/modules/cjs/loader","function":"Module._extensions..js","line":1153,"method":".js","native":false},{"column":20,"file":"C:\\Users\\ADMINI~1\\AppData\\Local\\Temp\\ts-node-dev-hook-23517327774265362.js","function":"require.extensions..jsx.require.extensions..js","line":114,"method":".js","native":false},{"column":20,"file":"C:\\Users\\ADMINI~1\\AppData\\Local\\Temp\\ts-node-dev-hook-23517327774265362.js","function":"require.extensions.<computed>","line":71,"method":"<computed>","native":false},{"column":13,"file":"C:\\Users\\Administrator\\Desktop\\provisional\\apitakikids\\node_modules\\ts-node-dev\\lib\\hook.js","function":"Object.nodeDevHook [as .ts]","line":63,"method":"ts]","native":false},{"column":32,"file":"node:internal/modules/cjs/loader","function":"Module.load","line":981,"method":"load","native":false},{"column":12,"file":"node:internal/modules/cjs/loader","function":"Module._load","line":822,"method":"_load","native":false}]}
{"date":"Wed May 04 2022 14:38:18 GMT+0100 (West Africa Standard Time)","error":{},"exception":true,"level":"error","message":"uncaughtException: ⨯ Unable to compile TypeScript:\n\u001b[96mutils/authorization.ts\u001b[0m:\u001b[93m22\u001b[0m:\u001b[93m44\u001b[0m - \u001b[91merror\u001b[0m\u001b[90m TS2345: \u001b[0mArgument of type 'number' is not assignable to parameter of type 'string'.\r\n\r\n\u001b[7m22\u001b[0m     const role = await RoleRepo.findByCode(2);\r\n\u001b[7m  \u001b[0m \u001b[91m                                           ~\u001b[0m\r\n\nError: ⨯ Unable to compile TypeScript:\n\u001b[96mutils/authorization.ts\u001b[0m:\u001b[93m22\u001b[0m:\u001b[93m44\u001b[0m - \u001b[91merror\u001b[0m\u001b[90m TS2345: \u001b[0mArgument of type 'number' is not assignable to parameter of type 'string'.\r\n\r\n\u001b[7m22\u001b[0m     const role = await RoleRepo.findByCode(2);\r\n\u001b[7m  \u001b[0m \u001b[91m                                           ~\u001b[0m\r\n\n    at Object.<anonymous> (C:\\Users\\Administrator\\Desktop\\provisional\\apitakikids\\utils\\authorization.ts:1:7)\n    at Module._compile (node:internal/modules/cjs/loader:1101:14)\n    at Module._compile (C:\\Users\\Administrator\\Desktop\\provisional\\apitakikids\\node_modules\\source-map-support\\source-map-support.js:568:25)\n    at Module.m._compile (C:\\Users\\ADMINI~1\\AppData\\Local\\Temp\\ts-node-dev-hook-4934791489349377.js:69:33)\n    at Module._extensions..js (node:internal/modules/cjs/loader:1153:10)\n    at require.extensions..jsx.require.extensions..js (C:\\Users\\ADMINI~1\\AppData\\Local\\Temp\\ts-node-dev-hook-4934791489349377.js:114:20)\n    at require.extensions.<computed> (C:\\Users\\ADMINI~1\\AppData\\Local\\Temp\\ts-node-dev-hook-4934791489349377.js:71:20)\n    at Object.nodeDevHook [as .ts] (C:\\Users\\Administrator\\Desktop\\provisional\\apitakikids\\node_modules\\ts-node-dev\\lib\\hook.js:63:13)\n    at Module.load (node:internal/modules/cjs/loader:981:32)\n    at Function.Module._load (node:internal/modules/cjs/loader:822:12)","os":{"loadavg":[0,0,0],"uptime":19350},"process":{"argv":["C:\\Program Files\\nodejs\\node.exe","index.ts"],"cwd":"C:\\Users\\Administrator\\Desktop\\provisional\\apitakikids","execPath":"C:\\Program Files\\nodejs\\node.exe","gid":null,"memoryUsage":{"arrayBuffers":572338,"external":5214549,"heapTotal":56197120,"heapUsed":27306368,"rss":66613248},"pid":6980,"uid":null,"version":"v16.13.1"},"stack":"Error: ⨯ Unable to compile TypeScript:\n\u001b[96mutils/authorization.ts\u001b[0m:\u001b[93m22\u001b[0m:\u001b[93m44\u001b[0m - \u001b[91merror\u001b[0m\u001b[90m TS2345: \u001b[0mArgument of type 'number' is not assignable to parameter of type 'string'.\r\n\r\n\u001b[7m22\u001b[0m     const role = await RoleRepo.findByCode(2);\r\n\u001b[7m  \u001b[0m \u001b[91m                                           ~\u001b[0m\r\n\n    at Object.<anonymous> (C:\\Users\\Administrator\\Desktop\\provisional\\apitakikids\\utils\\authorization.ts:1:7)\n    at Module._compile (node:internal/modules/cjs/loader:1101:14)\n    at Module._compile (C:\\Users\\Administrator\\Desktop\\provisional\\apitakikids\\node_modules\\source-map-support\\source-map-support.js:568:25)\n    at Module.m._compile (C:\\Users\\ADMINI~1\\AppData\\Local\\Temp\\ts-node-dev-hook-4934791489349377.js:69:33)\n    at Module._extensions..js (node:internal/modules/cjs/loader:1153:10)\n    at require.extensions..jsx.require.extensions..js (C:\\Users\\ADMINI~1\\AppData\\Local\\Temp\\ts-node-dev-hook-4934791489349377.js:114:20)\n    at require.extensions.<computed> (C:\\Users\\ADMINI~1\\AppData\\Local\\Temp\\ts-node-dev-hook-4934791489349377.js:71:20)\n    at Object.nodeDevHook [as .ts] (C:\\Users\\Administrator\\Desktop\\provisional\\apitakikids\\node_modules\\ts-node-dev\\lib\\hook.js:63:13)\n    at Module.load (node:internal/modules/cjs/loader:981:32)\n    at Function.Module._load (node:internal/modules/cjs/loader:822:12)","trace":[{"column":7,"file":"C:\\Users\\Administrator\\Desktop\\provisional\\apitakikids\\utils\\authorization.ts","function":null,"line":1,"method":null,"native":false},{"column":14,"file":"node:internal/modules/cjs/loader","function":"Module._compile","line":1101,"method":"_compile","native":false},{"column":25,"file":"C:\\Users\\Administrator\\Desktop\\provisional\\apitakikids\\node_modules\\source-map-support\\source-map-support.js","function":"Module._compile","line":568,"method":"_compile","native":false},{"column":33,"file":"C:\\Users\\ADMINI~1\\AppData\\Local\\Temp\\ts-node-dev-hook-4934791489349377.js","function":"Module.m._compile","line":69,"method":"_compile","native":false},{"column":10,"file":"node:internal/modules/cjs/loader","function":"Module._extensions..js","line":1153,"method":".js","native":false},{"column":20,"file":"C:\\Users\\ADMINI~1\\AppData\\Local\\Temp\\ts-node-dev-hook-4934791489349377.js","function":"require.extensions..jsx.require.extensions..js","line":114,"method":".js","native":false},{"column":20,"file":"C:\\Users\\ADMINI~1\\AppData\\Local\\Temp\\ts-node-dev-hook-4934791489349377.js","function":"require.extensions.<computed>","line":71,"method":"<computed>","native":false},{"column":13,"file":"C:\\Users\\Administrator\\Desktop\\provisional\\apitakikids\\node_modules\\ts-node-dev\\lib\\hook.js","function":"Object.nodeDevHook [as .ts]","line":63,"method":"ts]","native":false},{"column":32,"file":"node:internal/modules/cjs/loader","function":"Module.load","line":981,"method":"load","native":false},{"column":12,"file":"node:internal/modules/cjs/loader","function":"Module._load","line":822,"method":"_load","native":false}]}
{"date":"Wed May 04 2022 14:44:18 GMT+0100 (West Africa Standard Time)","error":{},"exception":true,"level":"error","message":"uncaughtException: ⨯ Unable to compile TypeScript:\n\u001b[96mutils/authorization.ts\u001b[0m:\u001b[93m7\u001b[0m:\u001b[93m9\u001b[0m - \u001b[91merror\u001b[0m\u001b[90m TS2614: \u001b[0mModule '\"./authentication\"' has no exported member 'CurrentUser'. Did you mean to use 'import CurrentUser from \"./authentication\"' instead?\r\n\r\n\u001b[7m7\u001b[0m import {CurrentUser} from \"./authentication\"\r\n\u001b[7m \u001b[0m \u001b[91m        ~~~~~~~~~~~\u001b[0m\r\n\u001b[96mutils/authorization.ts\u001b[0m:\u001b[93m23\u001b[0m:\u001b[93m33\u001b[0m - \u001b[91merror\u001b[0m\u001b[90m TS2554: \u001b[0mExpected 1 arguments, but got 0.\r\n\r\n\u001b[7m23\u001b[0m     const role = await RoleRepo.findByCode();\r\n\u001b[7m  \u001b[0m \u001b[91m                                ~~~~~~~~~~~~\u001b[0m\r\n\r\n  \u001b[96mdatabase/repository/RoleRepo.ts\u001b[0m:\u001b[93m5\u001b[0m:\u001b[93m28\u001b[0m\r\n    \u001b[7m5\u001b[0m   public static findByCode(code: any): Promise<RoleAttributes | null> {\r\n    \u001b[7m \u001b[0m \u001b[96m                           ~~~~~~~~~\u001b[0m\r\n    An argument for 'code' was not provided.\r\n\nError: ⨯ Unable to compile TypeScript:\n\u001b[96mutils/authorization.ts\u001b[0m:\u001b[93m7\u001b[0m:\u001b[93m9\u001b[0m - \u001b[91merror\u001b[0m\u001b[90m TS2614: \u001b[0mModule '\"./authentication\"' has no exported member 'CurrentUser'. Did you mean to use 'import CurrentUser from \"./authentication\"' instead?\r\n\r\n\u001b[7m7\u001b[0m import {CurrentUser} from \"./authentication\"\r\n\u001b[7m \u001b[0m \u001b[91m        ~~~~~~~~~~~\u001b[0m\r\n\u001b[96mutils/authorization.ts\u001b[0m:\u001b[93m23\u001b[0m:\u001b[93m33\u001b[0m - \u001b[91merror\u001b[0m\u001b[90m TS2554: \u001b[0mExpected 1 arguments, but got 0.\r\n\r\n\u001b[7m23\u001b[0m     const role = await RoleRepo.findByCode();\r\n\u001b[7m  \u001b[0m \u001b[91m                                ~~~~~~~~~~~~\u001b[0m\r\n\r\n  \u001b[96mdatabase/repository/RoleRepo.ts\u001b[0m:\u001b[93m5\u001b[0m:\u001b[93m28\u001b[0m\r\n    \u001b[7m5\u001b[0m   public static findByCode(code: any): Promise<RoleAttributes | null> {\r\n    \u001b[7m \u001b[0m \u001b[96m                           ~~~~~~~~~\u001b[0m\r\n    An argument for 'code' was not provided.\r\n\n    at Object.<anonymous> (C:\\Users\\Administrator\\Desktop\\provisional\\apitakikids\\utils\\authorization.ts:1:7)\n    at Module._compile (node:internal/modules/cjs/loader:1101:14)\n    at Module._compile (C:\\Users\\Administrator\\Desktop\\provisional\\apitakikids\\node_modules\\source-map-support\\source-map-support.js:568:25)\n    at Module.m._compile (C:\\Users\\ADMINI~1\\AppData\\Local\\Temp\\ts-node-dev-hook-3302839727617666.js:69:33)\n    at Module._extensions..js (node:internal/modules/cjs/loader:1153:10)\n    at require.extensions..jsx.require.extensions..js (C:\\Users\\ADMINI~1\\AppData\\Local\\Temp\\ts-node-dev-hook-3302839727617666.js:114:20)\n    at require.extensions.<computed> (C:\\Users\\ADMINI~1\\AppData\\Local\\Temp\\ts-node-dev-hook-3302839727617666.js:71:20)\n    at Object.nodeDevHook [as .ts] (C:\\Users\\Administrator\\Desktop\\provisional\\apitakikids\\node_modules\\ts-node-dev\\lib\\hook.js:63:13)\n    at Module.load (node:internal/modules/cjs/loader:981:32)\n    at Function.Module._load (node:internal/modules/cjs/loader:822:12)","os":{"loadavg":[0,0,0],"uptime":19710},"process":{"argv":["C:\\Program Files\\nodejs\\node.exe","index.ts"],"cwd":"C:\\Users\\Administrator\\Desktop\\provisional\\apitakikids","execPath":"C:\\Program Files\\nodejs\\node.exe","gid":null,"memoryUsage":{"arrayBuffers":186580,"external":3034268,"heapTotal":55672832,"heapUsed":36264696,"rss":72908800},"pid":13616,"uid":null,"version":"v16.13.1"},"stack":"Error: ⨯ Unable to compile TypeScript:\n\u001b[96mutils/authorization.ts\u001b[0m:\u001b[93m7\u001b[0m:\u001b[93m9\u001b[0m - \u001b[91merror\u001b[0m\u001b[90m TS2614: \u001b[0mModule '\"./authentication\"' has no exported member 'CurrentUser'. Did you mean to use 'import CurrentUser from \"./authentication\"' instead?\r\n\r\n\u001b[7m7\u001b[0m import {CurrentUser} from \"./authentication\"\r\n\u001b[7m \u001b[0m \u001b[91m        ~~~~~~~~~~~\u001b[0m\r\n\u001b[96mutils/authorization.ts\u001b[0m:\u001b[93m23\u001b[0m:\u001b[93m33\u001b[0m - \u001b[91merror\u001b[0m\u001b[90m TS2554: \u001b[0mExpected 1 arguments, but got 0.\r\n\r\n\u001b[7m23\u001b[0m     const role = await RoleRepo.findByCode();\r\n\u001b[7m  \u001b[0m \u001b[91m                                ~~~~~~~~~~~~\u001b[0m\r\n\r\n  \u001b[96mdatabase/repository/RoleRepo.ts\u001b[0m:\u001b[93m5\u001b[0m:\u001b[93m28\u001b[0m\r\n    \u001b[7m5\u001b[0m   public static findByCode(code: any): Promise<RoleAttributes | null> {\r\n    \u001b[7m \u001b[0m \u001b[96m                           ~~~~~~~~~\u001b[0m\r\n    An argument for 'code' was not provided.\r\n\n    at Object.<anonymous> (C:\\Users\\Administrator\\Desktop\\provisional\\apitakikids\\utils\\authorization.ts:1:7)\n    at Module._compile (node:internal/modules/cjs/loader:1101:14)\n    at Module._compile (C:\\Users\\Administrator\\Desktop\\provisional\\apitakikids\\node_modules\\source-map-support\\source-map-support.js:568:25)\n    at Module.m._compile (C:\\Users\\ADMINI~1\\AppData\\Local\\Temp\\ts-node-dev-hook-3302839727617666.js:69:33)\n    at Module._extensions..js (node:internal/modules/cjs/loader:1153:10)\n    at require.extensions..jsx.require.extensions..js (C:\\Users\\ADMINI~1\\AppData\\Local\\Temp\\ts-node-dev-hook-3302839727617666.js:114:20)\n    at require.extensions.<computed> (C:\\Users\\ADMINI~1\\AppData\\Local\\Temp\\ts-node-dev-hook-3302839727617666.js:71:20)\n    at Object.nodeDevHook [as .ts] (C:\\Users\\Administrator\\Desktop\\provisional\\apitakikids\\node_modules\\ts-node-dev\\lib\\hook.js:63:13)\n    at Module.load (node:internal/modules/cjs/loader:981:32)\n    at Function.Module._load (node:internal/modules/cjs/loader:822:12)","trace":[{"column":7,"file":"C:\\Users\\Administrator\\Desktop\\provisional\\apitakikids\\utils\\authorization.ts","function":null,"line":1,"method":null,"native":false},{"column":14,"file":"node:internal/modules/cjs/loader","function":"Module._compile","line":1101,"method":"_compile","native":false},{"column":25,"file":"C:\\Users\\Administrator\\Desktop\\provisional\\apitakikids\\node_modules\\source-map-support\\source-map-support.js","function":"Module._compile","line":568,"method":"_compile","native":false},{"column":33,"file":"C:\\Users\\ADMINI~1\\AppData\\Local\\Temp\\ts-node-dev-hook-3302839727617666.js","function":"Module.m._compile","line":69,"method":"_compile","native":false},{"column":10,"file":"node:internal/modules/cjs/loader","function":"Module._extensions..js","line":1153,"method":".js","native":false},{"column":20,"file":"C:\\Users\\ADMINI~1\\AppData\\Local\\Temp\\ts-node-dev-hook-3302839727617666.js","function":"require.extensions..jsx.require.extensions..js","line":114,"method":".js","native":false},{"column":20,"file":"C:\\Users\\ADMINI~1\\AppData\\Local\\Temp\\ts-node-dev-hook-3302839727617666.js","function":"require.extensions.<computed>","line":71,"method":"<computed>","native":false},{"column":13,"file":"C:\\Users\\Administrator\\Desktop\\provisional\\apitakikids\\node_modules\\ts-node-dev\\lib\\hook.js","function":"Object.nodeDevHook [as .ts]","line":63,"method":"ts]","native":false},{"column":32,"file":"node:internal/modules/cjs/loader","function":"Module.load","line":981,"method":"load","native":false},{"column":12,"file":"node:internal/modules/cjs/loader","function":"Module._load","line":822,"method":"_load","native":false}]}
{"date":"Wed May 04 2022 14:46:37 GMT+0100 (West Africa Standard Time)","error":{},"exception":true,"level":"error","message":"uncaughtException: ⨯ Unable to compile TypeScript:\n\u001b[96mutils/authorization.ts\u001b[0m:\u001b[93m22\u001b[0m:\u001b[93m44\u001b[0m - \u001b[91merror\u001b[0m\u001b[90m TS2304: \u001b[0mCannot find name 'CurrentUser'.\r\n\r\n\u001b[7m22\u001b[0m     const role = await RoleRepo.findByCode(CurrentUser);\r\n\u001b[7m  \u001b[0m \u001b[91m                                           ~~~~~~~~~~~\u001b[0m\r\n\nError: ⨯ Unable to compile TypeScript:\n\u001b[96mutils/authorization.ts\u001b[0m:\u001b[93m22\u001b[0m:\u001b[93m44\u001b[0m - \u001b[91merror\u001b[0m\u001b[90m TS2304: \u001b[0mCannot find name 'CurrentUser'.\r\n\r\n\u001b[7m22\u001b[0m     const role = await RoleRepo.findByCode(CurrentUser);\r\n\u001b[7m  \u001b[0m \u001b[91m                                           ~~~~~~~~~~~\u001b[0m\r\n\n    at Object.<anonymous> (C:\\Users\\Administrator\\Desktop\\provisional\\apitakikids\\utils\\authorization.ts:1:7)\n    at Module._compile (node:internal/modules/cjs/loader:1101:14)\n    at Module._compile (C:\\Users\\Administrator\\Desktop\\provisional\\apitakikids\\node_modules\\source-map-support\\source-map-support.js:568:25)\n    at Module.m._compile (C:\\Users\\ADMINI~1\\AppData\\Local\\Temp\\ts-node-dev-hook-3302839727617666.js:69:33)\n    at Module._extensions..js (node:internal/modules/cjs/loader:1153:10)\n    at require.extensions..jsx.require.extensions..js (C:\\Users\\ADMINI~1\\AppData\\Local\\Temp\\ts-node-dev-hook-3302839727617666.js:114:20)\n    at require.extensions.<computed> (C:\\Users\\ADMINI~1\\AppData\\Local\\Temp\\ts-node-dev-hook-3302839727617666.js:71:20)\n    at Object.nodeDevHook [as .ts] (C:\\Users\\Administrator\\Desktop\\provisional\\apitakikids\\node_modules\\ts-node-dev\\lib\\hook.js:63:13)\n    at Module.load (node:internal/modules/cjs/loader:981:32)\n    at Function.Module._load (node:internal/modules/cjs/loader:822:12)","os":{"loadavg":[0,0,0],"uptime":19849},"process":{"argv":["C:\\Program Files\\nodejs\\node.exe","index.ts"],"cwd":"C:\\Users\\Administrator\\Desktop\\provisional\\apitakikids","execPath":"C:\\Program Files\\nodejs\\node.exe","gid":null,"memoryUsage":{"arrayBuffers":766671,"external":3034268,"heapTotal":37322752,"heapUsed":27802208,"rss":64458752},"pid":13432,"uid":null,"version":"v16.13.1"},"stack":"Error: ⨯ Unable to compile TypeScript:\n\u001b[96mutils/authorization.ts\u001b[0m:\u001b[93m22\u001b[0m:\u001b[93m44\u001b[0m - \u001b[91merror\u001b[0m\u001b[90m TS2304: \u001b[0mCannot find name 'CurrentUser'.\r\n\r\n\u001b[7m22\u001b[0m     const role = await RoleRepo.findByCode(CurrentUser);\r\n\u001b[7m  \u001b[0m \u001b[91m                                           ~~~~~~~~~~~\u001b[0m\r\n\n    at Object.<anonymous> (C:\\Users\\Administrator\\Desktop\\provisional\\apitakikids\\utils\\authorization.ts:1:7)\n    at Module._compile (node:internal/modules/cjs/loader:1101:14)\n    at Module._compile (C:\\Users\\Administrator\\Desktop\\provisional\\apitakikids\\node_modules\\source-map-support\\source-map-support.js:568:25)\n    at Module.m._compile (C:\\Users\\ADMINI~1\\AppData\\Local\\Temp\\ts-node-dev-hook-3302839727617666.js:69:33)\n    at Module._extensions..js (node:internal/modules/cjs/loader:1153:10)\n    at require.extensions..jsx.require.extensions..js (C:\\Users\\ADMINI~1\\AppData\\Local\\Temp\\ts-node-dev-hook-3302839727617666.js:114:20)\n    at require.extensions.<computed> (C:\\Users\\ADMINI~1\\AppData\\Local\\Temp\\ts-node-dev-hook-3302839727617666.js:71:20)\n    at Object.nodeDevHook [as .ts] (C:\\Users\\Administrator\\Desktop\\provisional\\apitakikids\\node_modules\\ts-node-dev\\lib\\hook.js:63:13)\n    at Module.load (node:internal/modules/cjs/loader:981:32)\n    at Function.Module._load (node:internal/modules/cjs/loader:822:12)","trace":[{"column":7,"file":"C:\\Users\\Administrator\\Desktop\\provisional\\apitakikids\\utils\\authorization.ts","function":null,"line":1,"method":null,"native":false},{"column":14,"file":"node:internal/modules/cjs/loader","function":"Module._compile","line":1101,"method":"_compile","native":false},{"column":25,"file":"C:\\Users\\Administrator\\Desktop\\provisional\\apitakikids\\node_modules\\source-map-support\\source-map-support.js","function":"Module._compile","line":568,"method":"_compile","native":false},{"column":33,"file":"C:\\Users\\ADMINI~1\\AppData\\Local\\Temp\\ts-node-dev-hook-3302839727617666.js","function":"Module.m._compile","line":69,"method":"_compile","native":false},{"column":10,"file":"node:internal/modules/cjs/loader","function":"Module._extensions..js","line":1153,"method":".js","native":false},{"column":20,"file":"C:\\Users\\ADMINI~1\\AppData\\Local\\Temp\\ts-node-dev-hook-3302839727617666.js","function":"require.extensions..jsx.require.extensions..js","line":114,"method":".js","native":false},{"column":20,"file":"C:\\Users\\ADMINI~1\\AppData\\Local\\Temp\\ts-node-dev-hook-3302839727617666.js","function":"require.extensions.<computed>","line":71,"method":"<computed>","native":false},{"column":13,"file":"C:\\Users\\Administrator\\Desktop\\provisional\\apitakikids\\node_modules\\ts-node-dev\\lib\\hook.js","function":"Object.nodeDevHook [as .ts]","line":63,"method":"ts]","native":false},{"column":32,"file":"node:internal/modules/cjs/loader","function":"Module.load","line":981,"method":"load","native":false},{"column":12,"file":"node:internal/modules/cjs/loader","function":"Module._load","line":822,"method":"_load","native":false}]}
{"date":"Wed May 04 2022 15:07:10 GMT+0100 (West Africa Standard Time)","error":{},"exception":true,"level":"error","message":"uncaughtException: ⨯ Unable to compile TypeScript:\n\u001b[96mutils/authorization.ts\u001b[0m:\u001b[93m20\u001b[0m:\u001b[93m22\u001b[0m - \u001b[91merror\u001b[0m\u001b[90m TS2448: \u001b[0mBlock-scoped variable 'role' used before its declaration.\r\n\r\n\u001b[7m20\u001b[0m       where: { code: role },\r\n\u001b[7m  \u001b[0m \u001b[91m                     ~~~~\u001b[0m\r\n\r\n  \u001b[96mutils/authorization.ts\u001b[0m:\u001b[93m29\u001b[0m:\u001b[93m11\u001b[0m\r\n    \u001b[7m29\u001b[0m     const role = await RoleRepo.findByCode('superadmin');\r\n    \u001b[7m  \u001b[0m \u001b[96m          ~~~~\u001b[0m\r\n    'role' is declared here.\r\n\u001b[96mutils/authorization.ts\u001b[0m:\u001b[93m20\u001b[0m:\u001b[93m22\u001b[0m - \u001b[91merror\u001b[0m\u001b[90m TS2454: \u001b[0mVariable 'role' is used before being assigned.\r\n\r\n\u001b[7m20\u001b[0m       where: { code: role },\r\n\u001b[7m  \u001b[0m \u001b[91m                     ~~~~\u001b[0m\r\n\nError: ⨯ Unable to compile TypeScript:\n\u001b[96mutils/authorization.ts\u001b[0m:\u001b[93m20\u001b[0m:\u001b[93m22\u001b[0m - \u001b[91merror\u001b[0m\u001b[90m TS2448: \u001b[0mBlock-scoped variable 'role' used before its declaration.\r\n\r\n\u001b[7m20\u001b[0m       where: { code: role },\r\n\u001b[7m  \u001b[0m \u001b[91m                     ~~~~\u001b[0m\r\n\r\n  \u001b[96mutils/authorization.ts\u001b[0m:\u001b[93m29\u001b[0m:\u001b[93m11\u001b[0m\r\n    \u001b[7m29\u001b[0m     const role = await RoleRepo.findByCode('superadmin');\r\n    \u001b[7m  \u001b[0m \u001b[96m          ~~~~\u001b[0m\r\n    'role' is declared here.\r\n\u001b[96mutils/authorization.ts\u001b[0m:\u001b[93m20\u001b[0m:\u001b[93m22\u001b[0m - \u001b[91merror\u001b[0m\u001b[90m TS2454: \u001b[0mVariable 'role' is used before being assigned.\r\n\r\n\u001b[7m20\u001b[0m       where: { code: role },\r\n\u001b[7m  \u001b[0m \u001b[91m                     ~~~~\u001b[0m\r\n\n    at Object.<anonymous> (C:\\Users\\Administrator\\Desktop\\provisional\\apitakikids\\utils\\authorization.ts:1:7)\n    at Module._compile (node:internal/modules/cjs/loader:1101:14)\n    at Module._compile (C:\\Users\\Administrator\\Desktop\\provisional\\apitakikids\\node_modules\\source-map-support\\source-map-support.js:568:25)\n    at Module.m._compile (C:\\Users\\ADMINI~1\\AppData\\Local\\Temp\\ts-node-dev-hook-3302839727617666.js:69:33)\n    at Module._extensions..js (node:internal/modules/cjs/loader:1153:10)\n    at require.extensions..jsx.require.extensions..js (C:\\Users\\ADMINI~1\\AppData\\Local\\Temp\\ts-node-dev-hook-3302839727617666.js:114:20)\n    at require.extensions.<computed> (C:\\Users\\ADMINI~1\\AppData\\Local\\Temp\\ts-node-dev-hook-3302839727617666.js:71:20)\n    at Object.nodeDevHook [as .ts] (C:\\Users\\Administrator\\Desktop\\provisional\\apitakikids\\node_modules\\ts-node-dev\\lib\\hook.js:63:13)\n    at Module.load (node:internal/modules/cjs/loader:981:32)\n    at Function.Module._load (node:internal/modules/cjs/loader:822:12)","os":{"loadavg":[0,0,0],"uptime":21082},"process":{"argv":["C:\\Program Files\\nodejs\\node.exe","index.ts"],"cwd":"C:\\Users\\Administrator\\Desktop\\provisional\\apitakikids","execPath":"C:\\Program Files\\nodejs\\node.exe","gid":null,"memoryUsage":{"arrayBuffers":718652,"external":2427153,"heapTotal":37322752,"heapUsed":27346080,"rss":64581632},"pid":11980,"uid":null,"version":"v16.13.1"},"stack":"Error: ⨯ Unable to compile TypeScript:\n\u001b[96mutils/authorization.ts\u001b[0m:\u001b[93m20\u001b[0m:\u001b[93m22\u001b[0m - \u001b[91merror\u001b[0m\u001b[90m TS2448: \u001b[0mBlock-scoped variable 'role' used before its declaration.\r\n\r\n\u001b[7m20\u001b[0m       where: { code: role },\r\n\u001b[7m  \u001b[0m \u001b[91m                     ~~~~\u001b[0m\r\n\r\n  \u001b[96mutils/authorization.ts\u001b[0m:\u001b[93m29\u001b[0m:\u001b[93m11\u001b[0m\r\n    \u001b[7m29\u001b[0m     const role = await RoleRepo.findByCode('superadmin');\r\n    \u001b[7m  \u001b[0m \u001b[96m          ~~~~\u001b[0m\r\n    'role' is declared here.\r\n\u001b[96mutils/authorization.ts\u001b[0m:\u001b[93m20\u001b[0m:\u001b[93m22\u001b[0m - \u001b[91merror\u001b[0m\u001b[90m TS2454: \u001b[0mVariable 'role' is used before being assigned.\r\n\r\n\u001b[7m20\u001b[0m       where: { code: role },\r\n\u001b[7m  \u001b[0m \u001b[91m                     ~~~~\u001b[0m\r\n\n    at Object.<anonymous> (C:\\Users\\Administrator\\Desktop\\provisional\\apitakikids\\utils\\authorization.ts:1:7)\n    at Module._compile (node:internal/modules/cjs/loader:1101:14)\n    at Module._compile (C:\\Users\\Administrator\\Desktop\\provisional\\apitakikids\\node_modules\\source-map-support\\source-map-support.js:568:25)\n    at Module.m._compile (C:\\Users\\ADMINI~1\\AppData\\Local\\Temp\\ts-node-dev-hook-3302839727617666.js:69:33)\n    at Module._extensions..js (node:internal/modules/cjs/loader:1153:10)\n    at require.extensions..jsx.require.extensions..js (C:\\Users\\ADMINI~1\\AppData\\Local\\Temp\\ts-node-dev-hook-3302839727617666.js:114:20)\n    at require.extensions.<computed> (C:\\Users\\ADMINI~1\\AppData\\Local\\Temp\\ts-node-dev-hook-3302839727617666.js:71:20)\n    at Object.nodeDevHook [as .ts] (C:\\Users\\Administrator\\Desktop\\provisional\\apitakikids\\node_modules\\ts-node-dev\\lib\\hook.js:63:13)\n    at Module.load (node:internal/modules/cjs/loader:981:32)\n    at Function.Module._load (node:internal/modules/cjs/loader:822:12)","trace":[{"column":7,"file":"C:\\Users\\Administrator\\Desktop\\provisional\\apitakikids\\utils\\authorization.ts","function":null,"line":1,"method":null,"native":false},{"column":14,"file":"node:internal/modules/cjs/loader","function":"Module._compile","line":1101,"method":"_compile","native":false},{"column":25,"file":"C:\\Users\\Administrator\\Desktop\\provisional\\apitakikids\\node_modules\\source-map-support\\source-map-support.js","function":"Module._compile","line":568,"method":"_compile","native":false},{"column":33,"file":"C:\\Users\\ADMINI~1\\AppData\\Local\\Temp\\ts-node-dev-hook-3302839727617666.js","function":"Module.m._compile","line":69,"method":"_compile","native":false},{"column":10,"file":"node:internal/modules/cjs/loader","function":"Module._extensions..js","line":1153,"method":".js","native":false},{"column":20,"file":"C:\\Users\\ADMINI~1\\AppData\\Local\\Temp\\ts-node-dev-hook-3302839727617666.js","function":"require.extensions..jsx.require.extensions..js","line":114,"method":".js","native":false},{"column":20,"file":"C:\\Users\\ADMINI~1\\AppData\\Local\\Temp\\ts-node-dev-hook-3302839727617666.js","function":"require.extensions.<computed>","line":71,"method":"<computed>","native":false},{"column":13,"file":"C:\\Users\\Administrator\\Desktop\\provisional\\apitakikids\\node_modules\\ts-node-dev\\lib\\hook.js","function":"Object.nodeDevHook [as .ts]","line":63,"method":"ts]","native":false},{"column":32,"file":"node:internal/modules/cjs/loader","function":"Module.load","line":981,"method":"load","native":false},{"column":12,"file":"node:internal/modules/cjs/loader","function":"Module._load","line":822,"method":"_load","native":false}]}
{"date":"Wed May 04 2022 15:07:35 GMT+0100 (West Africa Standard Time)","error":{},"exception":true,"level":"error","message":"uncaughtException: ⨯ Unable to compile TypeScript:\n\u001b[96mutils/authorization.ts\u001b[0m:\u001b[93m20\u001b[0m:\u001b[93m22\u001b[0m - \u001b[91merror\u001b[0m\u001b[90m TS2448: \u001b[0mBlock-scoped variable 'role' used before its declaration.\r\n\r\n\u001b[7m20\u001b[0m       where: { code: role },\r\n\u001b[7m  \u001b[0m \u001b[91m                     ~~~~\u001b[0m\r\n\r\n  \u001b[96mutils/authorization.ts\u001b[0m:\u001b[93m29\u001b[0m:\u001b[93m11\u001b[0m\r\n    \u001b[7m29\u001b[0m     const role = await RoleRepo.findByCode('superadmin');\r\n    \u001b[7m  \u001b[0m \u001b[96m          ~~~~\u001b[0m\r\n    'role' is declared here.\r\n\u001b[96mutils/authorization.ts\u001b[0m:\u001b[93m20\u001b[0m:\u001b[93m22\u001b[0m - \u001b[91merror\u001b[0m\u001b[90m TS2454: \u001b[0mVariable 'role' is used before being assigned.\r\n\r\n\u001b[7m20\u001b[0m       where: { code: role },\r\n\u001b[7m  \u001b[0m \u001b[91m                     ~~~~\u001b[0m\r\n\nError: ⨯ Unable to compile TypeScript:\n\u001b[96mutils/authorization.ts\u001b[0m:\u001b[93m20\u001b[0m:\u001b[93m22\u001b[0m - \u001b[91merror\u001b[0m\u001b[90m TS2448: \u001b[0mBlock-scoped variable 'role' used before its declaration.\r\n\r\n\u001b[7m20\u001b[0m       where: { code: role },\r\n\u001b[7m  \u001b[0m \u001b[91m                     ~~~~\u001b[0m\r\n\r\n  \u001b[96mutils/authorization.ts\u001b[0m:\u001b[93m29\u001b[0m:\u001b[93m11\u001b[0m\r\n    \u001b[7m29\u001b[0m     const role = await RoleRepo.findByCode('superadmin');\r\n    \u001b[7m  \u001b[0m \u001b[96m          ~~~~\u001b[0m\r\n    'role' is declared here.\r\n\u001b[96mutils/authorization.ts\u001b[0m:\u001b[93m20\u001b[0m:\u001b[93m22\u001b[0m - \u001b[91merror\u001b[0m\u001b[90m TS2454: \u001b[0mVariable 'role' is used before being assigned.\r\n\r\n\u001b[7m20\u001b[0m       where: { code: role },\r\n\u001b[7m  \u001b[0m \u001b[91m                     ~~~~\u001b[0m\r\n\n    at Object.<anonymous> (C:\\Users\\Administrator\\Desktop\\provisional\\apitakikids\\utils\\authorization.ts:1:7)\n    at Module._compile (node:internal/modules/cjs/loader:1101:14)\n    at Module._compile (C:\\Users\\Administrator\\Desktop\\provisional\\apitakikids\\node_modules\\source-map-support\\source-map-support.js:568:25)\n    at Module.m._compile (C:\\Users\\ADMINI~1\\AppData\\Local\\Temp\\ts-node-dev-hook-3302839727617666.js:69:33)\n    at Module._extensions..js (node:internal/modules/cjs/loader:1153:10)\n    at require.extensions..jsx.require.extensions..js (C:\\Users\\ADMINI~1\\AppData\\Local\\Temp\\ts-node-dev-hook-3302839727617666.js:114:20)\n    at require.extensions.<computed> (C:\\Users\\ADMINI~1\\AppData\\Local\\Temp\\ts-node-dev-hook-3302839727617666.js:71:20)\n    at Object.nodeDevHook [as .ts] (C:\\Users\\Administrator\\Desktop\\provisional\\apitakikids\\node_modules\\ts-node-dev\\lib\\hook.js:63:13)\n    at Module.load (node:internal/modules/cjs/loader:981:32)\n    at Function.Module._load (node:internal/modules/cjs/loader:822:12)","os":{"loadavg":[0,0,0],"uptime":21107},"process":{"argv":["C:\\Program Files\\nodejs\\node.exe","index.ts"],"cwd":"C:\\Users\\Administrator\\Desktop\\provisional\\apitakikids","execPath":"C:\\Program Files\\nodejs\\node.exe","gid":null,"memoryUsage":{"arrayBuffers":761366,"external":3034268,"heapTotal":37322752,"heapUsed":27888376,"rss":64221184},"pid":14136,"uid":null,"version":"v16.13.1"},"stack":"Error: ⨯ Unable to compile TypeScript:\n\u001b[96mutils/authorization.ts\u001b[0m:\u001b[93m20\u001b[0m:\u001b[93m22\u001b[0m - \u001b[91merror\u001b[0m\u001b[90m TS2448: \u001b[0mBlock-scoped variable 'role' used before its declaration.\r\n\r\n\u001b[7m20\u001b[0m       where: { code: role },\r\n\u001b[7m  \u001b[0m \u001b[91m                     ~~~~\u001b[0m\r\n\r\n  \u001b[96mutils/authorization.ts\u001b[0m:\u001b[93m29\u001b[0m:\u001b[93m11\u001b[0m\r\n    \u001b[7m29\u001b[0m     const role = await RoleRepo.findByCode('superadmin');\r\n    \u001b[7m  \u001b[0m \u001b[96m          ~~~~\u001b[0m\r\n    'role' is declared here.\r\n\u001b[96mutils/authorization.ts\u001b[0m:\u001b[93m20\u001b[0m:\u001b[93m22\u001b[0m - \u001b[91merror\u001b[0m\u001b[90m TS2454: \u001b[0mVariable 'role' is used before being assigned.\r\n\r\n\u001b[7m20\u001b[0m       where: { code: role },\r\n\u001b[7m  \u001b[0m \u001b[91m                     ~~~~\u001b[0m\r\n\n    at Object.<anonymous> (C:\\Users\\Administrator\\Desktop\\provisional\\apitakikids\\utils\\authorization.ts:1:7)\n    at Module._compile (node:internal/modules/cjs/loader:1101:14)\n    at Module._compile (C:\\Users\\Administrator\\Desktop\\provisional\\apitakikids\\node_modules\\source-map-support\\source-map-support.js:568:25)\n    at Module.m._compile (C:\\Users\\ADMINI~1\\AppData\\Local\\Temp\\ts-node-dev-hook-3302839727617666.js:69:33)\n    at Module._extensions..js (node:internal/modules/cjs/loader:1153:10)\n    at require.extensions..jsx.require.extensions..js (C:\\Users\\ADMINI~1\\AppData\\Local\\Temp\\ts-node-dev-hook-3302839727617666.js:114:20)\n    at require.extensions.<computed> (C:\\Users\\ADMINI~1\\AppData\\Local\\Temp\\ts-node-dev-hook-3302839727617666.js:71:20)\n    at Object.nodeDevHook [as .ts] (C:\\Users\\Administrator\\Desktop\\provisional\\apitakikids\\node_modules\\ts-node-dev\\lib\\hook.js:63:13)\n    at Module.load (node:internal/modules/cjs/loader:981:32)\n    at Function.Module._load (node:internal/modules/cjs/loader:822:12)","trace":[{"column":7,"file":"C:\\Users\\Administrator\\Desktop\\provisional\\apitakikids\\utils\\authorization.ts","function":null,"line":1,"method":null,"native":false},{"column":14,"file":"node:internal/modules/cjs/loader","function":"Module._compile","line":1101,"method":"_compile","native":false},{"column":25,"file":"C:\\Users\\Administrator\\Desktop\\provisional\\apitakikids\\node_modules\\source-map-support\\source-map-support.js","function":"Module._compile","line":568,"method":"_compile","native":false},{"column":33,"file":"C:\\Users\\ADMINI~1\\AppData\\Local\\Temp\\ts-node-dev-hook-3302839727617666.js","function":"Module.m._compile","line":69,"method":"_compile","native":false},{"column":10,"file":"node:internal/modules/cjs/loader","function":"Module._extensions..js","line":1153,"method":".js","native":false},{"column":20,"file":"C:\\Users\\ADMINI~1\\AppData\\Local\\Temp\\ts-node-dev-hook-3302839727617666.js","function":"require.extensions..jsx.require.extensions..js","line":114,"method":".js","native":false},{"column":20,"file":"C:\\Users\\ADMINI~1\\AppData\\Local\\Temp\\ts-node-dev-hook-3302839727617666.js","function":"require.extensions.<computed>","line":71,"method":"<computed>","native":false},{"column":13,"file":"C:\\Users\\Administrator\\Desktop\\provisional\\apitakikids\\node_modules\\ts-node-dev\\lib\\hook.js","function":"Object.nodeDevHook [as .ts]","line":63,"method":"ts]","native":false},{"column":32,"file":"node:internal/modules/cjs/loader","function":"Module.load","line":981,"method":"load","native":false},{"column":12,"file":"node:internal/modules/cjs/loader","function":"Module._load","line":822,"method":"_load","native":false}]}
